src\vamos\experiment\cli\types.py:9: error: Missing type parameters for generic
type "dict"  [type-arg]
        spec: dict
              ^
src\vamos\experiment\cli\types.py:10: error: Missing type parameters for
generic type "dict"  [type-arg]
        problem_overrides: dict
                           ^
src\vamos\experiment\cli\common.py:4: error: Function is missing a return type
annotation  [no-untyped-def]
    def _parse_probability_arg(parser, flag: str, raw, *, allow_expression...
    ^~~~~~~~~~~~~~~~~~~~~~~~~~~~~~~~~~~~~~~~~~~~~~~~~~~~~~~~~~~~~~~~~~~~~~...
src\vamos\experiment\cli\common.py:4: error: Function is missing a type
annotation for one or more arguments  [no-untyped-def]
    def _parse_probability_arg(parser, flag: str, raw, *, allow_expression...
    ^~~~~~~~~~~~~~~~~~~~~~~~~~~~~~~~~~~~~~~~~~~~~~~~~~~~~~~~~~~~~~~~~~~~~~...
src\vamos\experiment\cli\common.py:26: error: Function is missing a return type
annotation  [no-untyped-def]
    def _parse_positive_float(parser, flag: str, raw, *, allow_zero: bool)...
    ^~~~~~~~~~~~~~~~~~~~~~~~~~~~~~~~~~~~~~~~~~~~~~~~~~~~~~~~~~~~~~~~~~~~~~~
src\vamos\experiment\cli\common.py:26: error: Function is missing a type
annotation for one or more arguments  [no-untyped-def]
    def _parse_positive_float(parser, flag: str, raw, *, allow_zero: bool)...
    ^~~~~~~~~~~~~~~~~~~~~~~~~~~~~~~~~~~~~~~~~~~~~~~~~~~~~~~~~~~~~~~~~~~~~~~
src\vamos\experiment\cli\common.py:39: error: Function is missing a type
annotation  [no-untyped-def]
    def _normalize_operator_args(parser, args):
    ^~~~~~~~~~~~~~~~~~~~~~~~~~~~~~~~~~~~~~~~~~~
src\vamos\experiment\cli\common.py:70: error: Function is missing a type
annotation for one or more arguments  [no-untyped-def]
    def collect_nsgaii_variation_args(args) -> dict:
    ^~~~~~~~~~~~~~~~~~~~~~~~~~~~~~~~~~~~~~~~~~~~~~~~
src\vamos\experiment\cli\common.py:70: error: Missing type parameters for
generic type "dict"  [type-arg]
    def collect_nsgaii_variation_args(args) -> dict:
                                               ^
src\vamos\experiment\cli\common.py:88: error: Function is missing a type
annotation for one or more arguments  [no-untyped-def]
    def _collect_generic_variation(args, prefix: str) -> dict:
    ^~~~~~~~~~~~~~~~~~~~~~~~~~~~~~~~~~~~~~~~~~~~~~~~~~~~~~~~~~
src\vamos\experiment\cli\common.py:88: error: Missing type parameters for
generic type "dict"  [type-arg]
    def _collect_generic_variation(args, prefix: str) -> dict:
                                                         ^
src\vamos\engine\tuning\racing\schedule.py:6: error: Function is missing a type
annotation for one or more arguments  [no-untyped-def]
    def build_schedule(
    ^~~~~~~~~~~~~~~~~~~
src\vamos\engine\tuning\racing\schedule.py:7: error: Missing type parameters
for generic type "Sequence"  [type-arg]
        instances: Sequence,
                   ^
src\vamos\engine\config\variation.py:10: error: Function is missing a type
annotation for one or more arguments  [no-untyped-def]
    def normalize_operator_tuple(spec) -> tuple[str, dict] | None:
    ^~~~~~~~~~~~~~~~~~~~~~~~~~~~~~~~~~~~~~~~~~~~~~~~~~~~~~~~~~~~~~
src\vamos\engine\config\variation.py:10: error: Missing type parameters for
generic type "dict"  [type-arg]
    def normalize_operator_tuple(spec) -> tuple[str, dict] | None:
                                                     ^
src\vamos\engine\config\variation.py:29: error: Missing type parameters for
generic type "dict"  [type-arg]
    def normalize_variation_config(raw: dict | None) -> dict | None:
                                        ^
src\vamos\engine\config\variation.py:35: error: Missing type parameters for
generic type "dict"  [type-arg]
        normalized: dict = {}
                    ^
src\vamos\engine\config\variation.py:49: error: Missing type parameters for
generic type "dict"  [type-arg]
    ...sgaii_variation_config(encoding: str, overrides: dict | None) -> Dict[...
                                                        ^
src\vamos\engine\config\variation.py:61: error: Dict entry 0 has incompatible
type "str": "str"; expected "str": "float"  [dict-item]
                "mutation": ("bitflip", {"prob": "1/n"}),
                                         ^~~~~~~~~~~~~
src\vamos\engine\config\variation.py:66: error: Dict entry 0 has incompatible
type "str": "str"; expected "str": "float"  [dict-item]
                "mutation": ("reset", {"prob": "1/n"}),
                                       ^~~~~~~~~~~~~
src\vamos\engine\config\variation.py:71: error: Dict entry 0 has incompatible
type "str": "str"; expected "str": "float"  [dict-item]
                "mutation": ("mixed", {"prob": "1/n"}),
                                       ^~~~~~~~~~~~~
src\vamos\engine\config\variation.py:99: error: Missing type parameters for
generic type "dict"  [type-arg]
    def merge_variation_overrides(base: dict | None, override: dict | None...
                                        ^
src\vamos\adaptation\aos\portfolio.py:30: error: Need type annotation for
"_index" (hint: "_index: dict[<type>, <type>] = ...")  [var-annotated]
            self._index = {}
            ^~~~~~~~~~~
src\vamos\adaptation\aos\portfolio.py:63: error: Function is missing a type
annotation  [no-untyped-def]
        def __iter__(self):
        ^~~~~~~~~~~~~~~~~~~
src\vamos\adaptation\aos\logging.py:37: error: Argument 1 to "asdict" has
incompatible type "DataclassInstance | type[DataclassInstance]"; expected
"DataclassInstance"  [arg-type]
            return asdict(row)
                          ^~~
src\vamos\experiment\benchmark\report_utils.py:17: error: Function is missing a
return type annotation  [no-untyped-def]
    def import_pandas():
    ^~~~~~~~~~~~~~~~~~~~
src\vamos\engine\config\loader.py:28: error: Returning Any from function
declared to return "dict[str, Any]"  [no-any-return]
            return json.load(fh)
            ^~~~~~~~~~~~~~~~~~~~
src\vamos\foundation\core\metadata.py:27: error: Function is missing a type
annotation  [no-untyped-def]
    def serialize_operator_tuple(op_tuple):
    ^~~~~~~~~~~~~~~~~~~~~~~~~~~~~~~~~~~~~~~
src\vamos\foundation\core\metadata.py:34: error: Function is missing a type
annotation for one or more arguments  [no-untyped-def]
    def collect_operator_metadata(cfg_data) -> dict:
    ^~~~~~~~~~~~~~~~~~~~~~~~~~~~~~~~~~~~~~~~~~~~~~~~
src\vamos\foundation\core\metadata.py:34: error: Missing type parameters for
generic type "dict"  [type-arg]
    def collect_operator_metadata(cfg_data) -> dict:
                                               ^
src\vamos\foundation\core\metadata.py:40: error: Call to untyped function
"serialize_operator_tuple" in typed context  [no-untyped-call]
            formatted = serialize_operator_tuple(value)
                        ^~~~~~~~~~~~~~~~~~~~~~~~~~~~~~~
src\vamos\foundation\core\metadata.py:46: error: Function is missing a type
annotation for one or more arguments  [no-untyped-def]
    def build_run_metadata(
    ^~~~~~~~~~~~~~~~~~~~~~~
src\vamos\foundation\core\metadata.py:51: error: Missing type parameters for
generic type "dict"  [type-arg]
        metrics: dict,
                 ^
src\vamos\foundation\core\metadata.py:57: error: Missing type parameters for
generic type "dict"  [type-arg]
    ) -> dict:
         ^
src\vamos\foundation\core\execution.py:18: error: Missing type parameters for
generic type "dict"  [type-arg]
        payload: dict
                 ^
src\vamos\foundation\core\execution.py:22: error: Function is missing a type
annotation for one or more arguments  [no-untyped-def]
    def execute_algorithm(algorithm, problem, termination, seed: int, eval...
    ^~~~~~~~~~~~~~~~~~~~~~~~~~~~~~~~~~~~~~~~~~~~~~~~~~~~~~~~~~~~~~~~~~~~~~...
src\vamos\experiment\cli\loaders.py:12: error: Missing type parameters for
generic type "dict"  [type-arg]
        spec: dict = {}
              ^
src\vamos\experiment\cli\loaders.py:13: error: Missing type parameters for
generic type "dict"  [type-arg]
        problem_overrides: dict = {}
                           ^
src\vamos\engine\algorithm\config\spea2.py:68: error: Function is missing a
type annotation for one or more arguments  [no-untyped-def]
        def crossover(self, method: str, **kwargs) -> "SPEA2Config":
        ^~~~~~~~~~~~~~~~~~~~~~~~~~~~~~~~~~~~~~~~~~~~~~~~~~~~~~~~~~~~
src\vamos\engine\algorithm\config\spea2.py:72: error: Function is missing a
type annotation for one or more arguments  [no-untyped-def]
        def mutation(self, method: str, **kwargs) -> "SPEA2Config":
        ^~~~~~~~~~~~~~~~~~~~~~~~~~~~~~~~~~~~~~~~~~~~~~~~~~~~~~~~~~~
src\vamos\engine\algorithm\config\spea2.py:76: error: Function is missing a
type annotation for one or more arguments  [no-untyped-def]
        def selection(self, method: str, **kwargs) -> "SPEA2Config":
        ^~~~~~~~~~~~~~~~~~~~~~~~~~~~~~~~~~~~~~~~~~~~~~~~~~~~~~~~~~~~
src\vamos\engine\algorithm\config\spea2.py:88: error: Function is missing a
type annotation for one or more arguments  [no-untyped-def]
        def repair(self, method: str, **kwargs) -> "SPEA2Config":
        ^~~~~~~~~~~~~~~~~~~~~~~~~~~~~~~~~~~~~~~~~~~~~~~~~~~~~~~~~
src\vamos\engine\algorithm\config\spea2.py:92: error: Function is missing a
type annotation for one or more arguments  [no-untyped-def]
        def initializer(self, method: str, **kwargs) -> "SPEA2Config":
        ^~~~~~~~~~~~~~~~~~~~~~~~~~~~~~~~~~~~~~~~~~~~~~~~~~~~~~~~~~~~~~
src\vamos\engine\algorithm\config\smsemoa.py:65: error: Function is missing a
type annotation for one or more arguments  [no-untyped-def]
        def crossover(self, method: str, **kwargs) -> "SMSEMOAConfig":
        ^~~~~~~~~~~~~~~~~~~~~~~~~~~~~~~~~~~~~~~~~~~~~~~~~~~~~~~~~~~~~~
src\vamos\engine\algorithm\config\smsemoa.py:69: error: Function is missing a
type annotation for one or more arguments  [no-untyped-def]
        def mutation(self, method: str, **kwargs) -> "SMSEMOAConfig":
        ^~~~~~~~~~~~~~~~~~~~~~~~~~~~~~~~~~~~~~~~~~~~~~~~~~~~~~~~~~~~~
src\vamos\engine\algorithm\config\smsemoa.py:73: error: Function is missing a
type annotation for one or more arguments  [no-untyped-def]
        def selection(self, method: str, **kwargs) -> "SMSEMOAConfig":
        ^~~~~~~~~~~~~~~~~~~~~~~~~~~~~~~~~~~~~~~~~~~~~~~~~~~~~~~~~~~~~~
src\vamos\engine\algorithm\config\smsemoa.py:77: error: Function is missing a
type annotation for one or more arguments  [no-untyped-def]
        def reference_point(
        ^~~~~~~~~~~~~~~~~~~~
src\vamos\engine\algorithm\config\smsemoa.py:99: error: Function is missing a
type annotation for one or more arguments  [no-untyped-def]
        def repair(self, method: str, **kwargs) -> "SMSEMOAConfig":
        ^~~~~~~~~~~~~~~~~~~~~~~~~~~~~~~~~~~~~~~~~~~~~~~~~~~~~~~~~~~
src\vamos\engine\algorithm\config\smsemoa.py:103: error: Function is missing a
type annotation for one or more arguments  [no-untyped-def]
        def initializer(self, method: str, **kwargs) -> "SMSEMOAConfig":
        ^~~~~~~~~~~~~~~~~~~~~~~~~~~~~~~~~~~~~~~~~~~~~~~~~~~~~~~~~~~~~~~~
src\vamos\engine\algorithm\config\smpso.py:42: error: Function is missing a
type annotation for one or more arguments  [no-untyped-def]
        def mutation(self, method: str, **kwargs) -> "SMPSOConfig":
        ^~~~~~~~~~~~~~~~~~~~~~~~~~~~~~~~~~~~~~~~~~~~~~~~~~~~~~~~~~~
src\vamos\engine\algorithm\config\smpso.py:66: error: Function is missing a
type annotation for one or more arguments  [no-untyped-def]
        def repair(self, method: str, **kwargs) -> "SMPSOConfig":
        ^~~~~~~~~~~~~~~~~~~~~~~~~~~~~~~~~~~~~~~~~~~~~~~~~~~~~~~~~
src\vamos\engine\algorithm\config\smpso.py:70: error: Function is missing a
type annotation for one or more arguments  [no-untyped-def]
        def initializer(self, method: str, **kwargs) -> "SMPSOConfig":
        ^~~~~~~~~~~~~~~~~~~~~~~~~~~~~~~~~~~~~~~~~~~~~~~~~~~~~~~~~~~~~~
src\vamos\engine\algorithm\config\nsgaiii.py:73: error: Function is missing a
type annotation for one or more arguments  [no-untyped-def]
        def crossover(self, method: str, **kwargs) -> "NSGAIIIConfig":
        ^~~~~~~~~~~~~~~~~~~~~~~~~~~~~~~~~~~~~~~~~~~~~~~~~~~~~~~~~~~~~~
src\vamos\engine\algorithm\config\nsgaiii.py:77: error: Function is missing a
type annotation for one or more arguments  [no-untyped-def]
        def mutation(self, method: str, **kwargs) -> "NSGAIIIConfig":
        ^~~~~~~~~~~~~~~~~~~~~~~~~~~~~~~~~~~~~~~~~~~~~~~~~~~~~~~~~~~~~
src\vamos\engine\algorithm\config\nsgaiii.py:81: error: Function is missing a
type annotation for one or more arguments  [no-untyped-def]
        def selection(self, method: str, **kwargs) -> "NSGAIIIConfig":
        ^~~~~~~~~~~~~~~~~~~~~~~~~~~~~~~~~~~~~~~~~~~~~~~~~~~~~~~~~~~~~~
src\vamos\engine\algorithm\config\nsgaiii.py:102: error: Function is missing a
type annotation for one or more arguments  [no-untyped-def]
        def repair(self, method: str, **kwargs) -> "NSGAIIIConfig":
        ^~~~~~~~~~~~~~~~~~~~~~~~~~~~~~~~~~~~~~~~~~~~~~~~~~~~~~~~~~~
src\vamos\engine\algorithm\config\nsgaiii.py:106: error: Function is missing a
type annotation for one or more arguments  [no-untyped-def]
        def initializer(self, method: str, **kwargs) -> "NSGAIIIConfig":
        ^~~~~~~~~~~~~~~~~~~~~~~~~~~~~~~~~~~~~~~~~~~~~~~~~~~~~~~~~~~~~~~~
src\vamos\engine\algorithm\config\nsgaii.py:168: error: Function is missing a
type annotation for one or more arguments  [no-untyped-def]
        def crossover(self, method: str | tuple, params: dict | None = Non...
        ^~~~~~~~~~~~~~~~~~~~~~~~~~~~~~~~~~~~~~~~~~~~~~~~~~~~~~~~~~~~~~~~~~...
src\vamos\engine\algorithm\config\nsgaii.py:168: error: Missing type parameters
for generic type "tuple"  [type-arg]
        def crossover(self, method: str | tuple, params: dict | None = Non...
                                          ^
src\vamos\engine\algorithm\config\nsgaii.py:168: error: Missing type parameters
for generic type "dict"  [type-arg]
    ...def crossover(self, method: str | tuple, params: dict | None = None, *...
                                                        ^
src\vamos\engine\algorithm\config\nsgaii.py:175: error: Function is missing a
type annotation for one or more arguments  [no-untyped-def]
        def mutation(self, method: str | tuple, params: dict | None = None...
        ^~~~~~~~~~~~~~~~~~~~~~~~~~~~~~~~~~~~~~~~~~~~~~~~~~~~~~~~~~~~~~~~~~...
src\vamos\engine\algorithm\config\nsgaii.py:175: error: Missing type parameters
for generic type "tuple"  [type-arg]
        def mutation(self, method: str | tuple, params: dict | None = None...
                                         ^
src\vamos\engine\algorithm\config\nsgaii.py:175: error: Missing type parameters
for generic type "dict"  [type-arg]
    ... def mutation(self, method: str | tuple, params: dict | None = None, *...
                                                        ^
src\vamos\engine\algorithm\config\nsgaii.py:188: error: Function is missing a
type annotation for one or more arguments  [no-untyped-def]
        def repair(self, method: str, **kwargs) -> "NSGAIIConfig":
        ^~~~~~~~~~~~~~~~~~~~~~~~~~~~~~~~~~~~~~~~~~~~~~~~~~~~~~~~~~
src\vamos\engine\algorithm\config\nsgaii.py:192: error: Function is missing a
type annotation for one or more arguments  [no-untyped-def]
        def selection(self, method: str, **kwargs) -> "NSGAIIConfig":
        ^~~~~~~~~~~~~~~~~~~~~~~~~~~~~~~~~~~~~~~~~~~~~~~~~~~~~~~~~~~~~
src\vamos\engine\algorithm\config\nsgaii.py:204: error: Function is missing a
type annotation for one or more arguments  [no-untyped-def]
        def initializer(self, method: str, **kwargs) -> "NSGAIIConfig":
        ^~~~~~~~~~~~~~~~~~~~~~~~~~~~~~~~~~~~~~~~~~~~~~~~~~~~~~~~~~~~~~~
src\vamos\engine\algorithm\config\moead.py:142: error: Function is missing a
type annotation for one or more arguments  [no-untyped-def]
        def crossover(self, method: str, **kwargs) -> "MOEADConfig":
        ^~~~~~~~~~~~~~~~~~~~~~~~~~~~~~~~~~~~~~~~~~~~~~~~~~~~~~~~~~~~
src\vamos\engine\algorithm\config\moead.py:146: error: Function is missing a
type annotation for one or more arguments  [no-untyped-def]
        def mutation(self, method: str, **kwargs) -> "MOEADConfig":
        ^~~~~~~~~~~~~~~~~~~~~~~~~~~~~~~~~~~~~~~~~~~~~~~~~~~~~~~~~~~
src\vamos\engine\algorithm\config\moead.py:150: error: Function is missing a
type annotation for one or more arguments  [no-untyped-def]
        def aggregation(self, method: str, **kwargs) -> "MOEADConfig":
        ^~~~~~~~~~~~~~~~~~~~~~~~~~~~~~~~~~~~~~~~~~~~~~~~~~~~~~~~~~~~~~
src\vamos\engine\algorithm\config\moead.py:166: error: Function is missing a
type annotation for one or more arguments  [no-untyped-def]
        def repair(self, method: str, **kwargs) -> "MOEADConfig":
        ^~~~~~~~~~~~~~~~~~~~~~~~~~~~~~~~~~~~~~~~~~~~~~~~~~~~~~~~~
src\vamos\engine\algorithm\config\moead.py:170: error: Function is missing a
type annotation for one or more arguments  [no-untyped-def]
        def initializer(self, method: str, **kwargs) -> "MOEADConfig":
        ^~~~~~~~~~~~~~~~~~~~~~~~~~~~~~~~~~~~~~~~~~~~~~~~~~~~~~~~~~~~~~
src\vamos\engine\algorithm\config\ibea.py:38: error: Function is missing a type
annotation for one or more arguments  [no-untyped-def]
        def crossover(self, method: str, **kwargs) -> "IBEAConfig":
        ^~~~~~~~~~~~~~~~~~~~~~~~~~~~~~~~~~~~~~~~~~~~~~~~~~~~~~~~~~~
src\vamos\engine\algorithm\config\ibea.py:42: error: Function is missing a type
annotation for one or more arguments  [no-untyped-def]
        def mutation(self, method: str, **kwargs) -> "IBEAConfig":
        ^~~~~~~~~~~~~~~~~~~~~~~~~~~~~~~~~~~~~~~~~~~~~~~~~~~~~~~~~~
src\vamos\engine\algorithm\config\ibea.py:46: error: Function is missing a type
annotation for one or more arguments  [no-untyped-def]
        def selection(self, method: str, **kwargs) -> "IBEAConfig":
        ^~~~~~~~~~~~~~~~~~~~~~~~~~~~~~~~~~~~~~~~~~~~~~~~~~~~~~~~~~~
src\vamos\engine\algorithm\config\ibea.py:62: error: Function is missing a type
annotation for one or more arguments  [no-untyped-def]
        def repair(self, method: str, **kwargs) -> "IBEAConfig":
        ^~~~~~~~~~~~~~~~~~~~~~~~~~~~~~~~~~~~~~~~~~~~~~~~~~~~~~~~
src\vamos\engine\algorithm\config\ibea.py:66: error: Function is missing a type
annotation for one or more arguments  [no-untyped-def]
        def initializer(self, method: str, **kwargs) -> "IBEAConfig":
        ^~~~~~~~~~~~~~~~~~~~~~~~~~~~~~~~~~~~~~~~~~~~~~~~~~~~~~~~~~~~~
src\vamos\adaptation\aos\controller.py:124: error: Incompatible types in
assignment (expression has type "RewardSummary | None", variable has type
"RewardSummary")  [assignment]
                summary = reward_by_arm.get(idx)
                          ^~~~~~~~~~~~~~~~~~~~~~
src\vamos\ux\studio\data.py:162: error: Returning Any from function declared to
return "ndarray[tuple[Any, ...], dtype[Any]]"  [no-any-return]
        return (F - mins) / span
        ^~~~~~~~~~~~~~~~~~~~~~~~
src\vamos\ux\analytics\genealogy.py:71: error: Function is missing a return
type annotation  [no-untyped-def]
    def compute_operator_success_stats(tracker: GenealogyTracker):
    ^~~~~~~~~~~~~~~~~~~~~~~~~~~~~~~~~~~~~~~~~~~~~~~~~~~~~~~~~~~~~~
src\vamos\ux\analytics\genealogy.py:72: error: Library stubs not installed for
"pandas"  [import-untyped]
        import pandas as pd
    ^
src\vamos\ux\analytics\genealogy.py:100: error: Function is missing a return
type annotation  [no-untyped-def]
    def compute_generation_contributions(tracker: GenealogyTracker):
    ^~~~~~~~~~~~~~~~~~~~~~~~~~~~~~~~~~~~~~~~~~~~~~~~~~~~~~~~~~~~~~~~
src\vamos\ux\analysis\results.py:42: error: Missing type parameters for generic
type "dict"  [type-arg]
        metadata: dict
                  ^
src\vamos\ux\analysis\results.py:108: error: Argument 1 to "_try_load_csv" has
incompatible type "Path | None"; expected "Path"  [arg-type]
        F = _try_load_csv(resolve("fun")) if resolve("fun") else None
                          ^~~~~~~~~~~~~~
src\vamos\ux\analysis\results.py:109: error: Argument 1 to "_try_load_csv" has
incompatible type "Path | None"; expected "Path"  [arg-type]
        X = _try_load_csv(resolve("x")) if resolve("x") else None
                          ^~~~~~~~~~~~
src\vamos\ux\analysis\results.py:110: error: Argument 1 to "_try_load_csv" has
incompatible type "Path | None"; expected "Path"  [arg-type]
        G = _try_load_csv(resolve("g")) if resolve("g") else None
                          ^~~~~~~~~~~~
src\vamos\ux\analysis\results.py:111: error: Argument 1 to "_try_load_csv" has
incompatible type "Path | None"; expected "Path"  [arg-type]
        archive_F = _try_load_csv(resolve("archive_fun")) if resolve("arch...
                                  ^~~~~~~~~~~~~~~~~~~~~~
src\vamos\ux\analysis\results.py:112: error: Argument 1 to "_try_load_csv" has
incompatible type "Path | None"; expected "Path"  [arg-type]
        archive_X = _try_load_csv(resolve("archive_x")) if resolve("archiv...
                                  ^~~~~~~~~~~~~~~~~~~~
src\vamos\ux\analysis\results.py:113: error: Argument 1 to "_try_load_csv" has
incompatible type "Path | None"; expected "Path"  [arg-type]
        archive_G = _try_load_csv(resolve("archive_g")) if resolve("archiv...
                                  ^~~~~~~~~~~~~~~~~~~~
src\vamos\ux\analysis\results.py:127: error: Function is missing a return type
annotation  [no-untyped-def]
    def aggregate_results(runs: Iterable[RunInfo]):
    ^~~~~~~~~~~~~~~~~~~~~~~~~~~~~~~~~~~~~~~~~~~~~~~
src\vamos\ux\analysis\mcdm.py:30: error: Returning Any from function declared
to return "ndarray[tuple[Any, ...], dtype[Any]]"  [no-any-return]
        return w / w.sum()
        ^~~~~~~~~~~~~~~~~~
src\vamos\ux\analysis\core_objective_reduction.py:242: error: Incompatible
return value type (got
"tuple[ndarray[tuple[Any, ...], dtype[Any]], ndarray[tuple[Any, ...], dtype[Any]] | None]",
expected
"tuple[ndarray[tuple[Any, ...], dtype[Any]], ndarray[tuple[Any, ...], dtype[Any]]]")
 [return-value]
        return F_reduced, reducer.selected_indices_
               ^~~~~~~~~~~~~~~~~~~~~~~~~~~~~~~~~~~~
src\vamos\operators\repair.py:13: error: Missing type parameters for generic
type "Callable"  [type-arg]
        def __init__(self, constraint_fun: Callable, constraint_grad: Call...
                                           ^
src\vamos\operators\repair.py:19: error: Function is missing a type annotation
for one or more arguments  [no-untyped-def]
        def __call__(self, X: np.ndarray, xl: np.ndarray, xu: np.ndarray, ...
        ^~~~~~~~~~~~~~~~~~~~~~~~~~~~~~~~~~~~~~~~~~~~~~~~~~~~~~~~~~~~~~~~~~...
src\vamos\operators\permutation.py:16: error: Untyped decorator makes function
"_swap_rows_jit" untyped  [untyped-decorator]
            @njit(cache=True)
             ^~~~~~~~~~~~~~~~
src\vamos\operators\permutation.py:17: error: Function is missing a return type
annotation  [no-untyped-def]
            def _swap_rows_jit(X: np.ndarray, rows: np.ndarray, first: np....
            ^~~~~~~~~~~~~~~~~~~~~~~~~~~~~~~~~~~~~~~~~~~~~~~~~~~~~~~~~~~~~~...
src\vamos\operators\permutation.py:273: error: Function is missing a type
annotation for one or more arguments  [no-untyped-def]
    def _pairwise_crossover(
    ^~~~~~~~~~~~~~~~~~~~~~~~
src\vamos\operators\permutation.py:300: error: Function is missing a return
type annotation  [no-untyped-def]
    def _pmx_children(p1: np.ndarray, p2: np.ndarray, rng: np.random.Gener...
    ^~~~~~~~~~~~~~~~~~~~~~~~~~~~~~~~~~~~~~~~~~~~~~~~~~~~~~~~~~~~~~~~~~~~~~...
src\vamos\operators\permutation.py:309: error: Function is missing a return
type annotation  [no-untyped-def]
    def _pmx_into(parent_a: np.ndarray, parent_b: np.ndarray, child: np.nd...
    ^~~~~~~~~~~~~~~~~~~~~~~~~~~~~~~~~~~~~~~~~~~~~~~~~~~~~~~~~~~~~~~~~~~~~~...
src\vamos\operators\permutation.py:339: error: Function is missing a return
type annotation  [no-untyped-def]
    def _cycle_children(p1: np.ndarray, p2: np.ndarray, rng: np.random.Gen...
    ^~~~~~~~~~~~~~~~~~~~~~~~~~~~~~~~~~~~~~~~~~~~~~~~~~~~~~~~~~~~~~~~~~~~~~...
src\vamos\operators\permutation.py:368: error: Function is missing a return
type annotation  [no-untyped-def]
    def _position_based_children(p1: np.ndarray, p2: np.ndarray, rng: np.r...
    ^~~~~~~~~~~~~~~~~~~~~~~~~~~~~~~~~~~~~~~~~~~~~~~~~~~~~~~~~~~~~~~~~~~~~~...
src\vamos\operators\permutation.py:386: error: Function is missing a return
type annotation  [no-untyped-def]
    def _fill_from_other_parent(child: np.ndarray, donor: np.ndarray, fixe...
    ^~~~~~~~~~~~~~~~~~~~~~~~~~~~~~~~~~~~~~~~~~~~~~~~~~~~~~~~~~~~~~~~~~~~~~...
src\vamos\operators\permutation.py:401: error: Function is missing a return
type annotation  [no-untyped-def]
    def _edge_recombination_children(p1: np.ndarray, p2: np.ndarray, rng: ...
    ^~~~~~~~~~~~~~~~~~~~~~~~~~~~~~~~~~~~~~~~~~~~~~~~~~~~~~~~~~~~~~~~~~~~~~...
src\vamos\operators\permutation.py:403: error: Need type annotation for "adj" 
[var-annotated]
        adj = [set() for _ in range(n)]
              ^~~~~~~~~~~~~~~~~~~~~~~~~
src\vamos\operators\permutation.py:405: error: Function is missing a return
type annotation  [no-untyped-def]
        def add_edges(parent: np.ndarray):
        ^~~~~~~~~~~~~~~~~~~~~~~~~~~~~~~~~~
src\vamos\operators\permutation.py:421: error: Function is missing a return
type annotation  [no-untyped-def]
    def _edge_recombination_single(adj_template, parent_a: np.ndarray, par...
    ^~~~~~~~~~~~~~~~~~~~~~~~~~~~~~~~~~~~~~~~~~~~~~~~~~~~~~~~~~~~~~~~~~~~~~...
src\vamos\operators\permutation.py:421: error: Function is missing a type
annotation for one or more arguments  [no-untyped-def]
    def _edge_recombination_single(adj_template, parent_a: np.ndarray, par...
    ^~~~~~~~~~~~~~~~~~~~~~~~~~~~~~~~~~~~~~~~~~~~~~~~~~~~~~~~~~~~~~~~~~~~~~...
src\vamos\operators\permutation.py:448: error: Function is missing a type
annotation for one or more arguments  [no-untyped-def]
    def _apply_row_mutation(
    ^~~~~~~~~~~~~~~~~~~~~~~~
src\vamos\operators\permutation.py:477: error: Function is missing a return
type annotation  [no-untyped-def]
    def _insert_row_mutation(row: np.ndarray, rng: np.random.Generator):
    ^~~~~~~~~~~~~~~~~~~~~~~~~~~~~~~~~~~~~~~~~~~~~~~~~~~~~~~~~~~~~~~~~~~~
src\vamos\operators\permutation.py:489: error: Function is missing a return
type annotation  [no-untyped-def]
    def _scramble_row_mutation(row: np.ndarray, rng: np.random.Generator):
    ^~~~~~~~~~~~~~~~~~~~~~~~~~~~~~~~~~~~~~~~~~~~~~~~~~~~~~~~~~~~~~~~~~~~~~
src\vamos\operators\permutation.py:497: error: Function is missing a return
type annotation  [no-untyped-def]
    def _inversion_row_mutation(row: np.ndarray, rng: np.random.Generator)...
    ^~~~~~~~~~~~~~~~~~~~~~~~~~~~~~~~~~~~~~~~~~~~~~~~~~~~~~~~~~~~~~~~~~~~~~~
src\vamos\operators\permutation.py:503: error: Function is missing a return
type annotation  [no-untyped-def]
    def _displacement_row_mutation(row: np.ndarray, rng: np.random.Generat...
    ^~~~~~~~~~~~~~~~~~~~~~~~~~~~~~~~~~~~~~~~~~~~~~~~~~~~~~~~~~~~~~~~~~~~~~...
src\vamos\operators\mixed.py:6: error: Missing type parameters for generic type
"dict"  [type-arg]
    ...ixed_initialize(pop_size: int, n_var: int, spec: dict, rng: np.random....
                                                        ^
src\vamos\operators\mixed.py:32: error: Missing type parameters for generic
type "dict"  [type-arg]
    ...ssover(X_parents: np.ndarray, prob: float, spec: dict, rng: np.random....
                                                        ^
src\vamos\operators\mixed.py:77: error: Missing type parameters for generic
type "dict"  [type-arg]
    ...mixed_mutation(X: np.ndarray, prob: float, spec: dict, rng: np.random....
                                                        ^
src\vamos\operators\integer.py:16: error: Untyped decorator makes function
"_random_reset_masked" untyped  [untyped-decorator]
            @njit(cache=True)
             ^~~~~~~~~~~~~~~~
src\vamos\operators\integer.py:17: error: Function is missing a return type
annotation  [no-untyped-def]
            def _random_reset_masked(X: np.ndarray, mask: np.ndarray, rand...
            ^~~~~~~~~~~~~~~~~~~~~~~~~~~~~~~~~~~~~~~~~~~~~~~~~~~~~~~~~~~~~~...
src\vamos\operators\binary.py:16: error: Untyped decorator makes function
"_bit_flip_masked" untyped  [untyped-decorator]
            @njit(cache=True)
             ^~~~~~~~~~~~~~~~
src\vamos\operators\binary.py:17: error: Function is missing a return type
annotation  [no-untyped-def]
            def _bit_flip_masked(X: np.ndarray, mask: np.ndarray):
            ^~~~~~~~~~~~~~~~~~~~~~~~~~~~~~~~~~~~~~~~~~~~~~~~~~~~~~
src\vamos\operators\real\utils.py:42: error: Function is missing a return type
annotation  [no-untyped-def]
        def __init__(self):
        ^~~~~~~~~~~~~~~~~~~
src\vamos\operators\real\utils.py:42: note: Use "-> None" if function does not return a value
src\vamos\operators\real\utils.py:45: error: Function is missing a type
annotation for one or more arguments  [no-untyped-def]
        def request(self, key: str, shape: tuple[int, ...], dtype) -> np.n...
        ^~~~~~~~~~~~~~~~~~~~~~~~~~~~~~~~~~~~~~~~~~~~~~~~~~~~~~~~~~~~~~~~~~...
src\vamos\operators\real\initialize.py:35: error: Returning Any from function
declared to return "ndarray[tuple[Any, ...], dtype[Any]]"  [no-any-return]
            return self.lower + samples * span
            ^~~~~~~~~~~~~~~~~~~~~~~~~~~~~~~~~~
src\vamos\foundation\problem\zdt6.py:15: error: Missing type parameters for
generic type "dict"  [type-arg]
        def evaluate(self, X: np.ndarray, out: dict) -> None:
                                               ^
src\vamos\foundation\problem\zdt4.py:19: error: Missing type parameters for
generic type "dict"  [type-arg]
        def evaluate(self, X: np.ndarray, out: dict) -> None:
                                               ^
src\vamos\foundation\problem\zdt3.py:15: error: Missing type parameters for
generic type "dict"  [type-arg]
        def evaluate(self, X: np.ndarray, out: dict) -> None:
                                               ^
src\vamos\foundation\problem\zdt2.py:16: error: Missing type parameters for
generic type "dict"  [type-arg]
        def evaluate(self, X: np.ndarray, out: dict) -> None:
                                               ^
src\vamos\foundation\problem\zdt1.py:13: error: Missing type parameters for
generic type "dict"  [type-arg]
        def evaluate(self, X: np.ndarray, out: dict) -> None:
                                               ^
src\vamos\foundation\problem\wfg.py:12: error: Function is missing a return
type annotation  [no-untyped-def]
    def _load_wfg_problem():
    ^~~~~~~~~~~~~~~~~~~~~~~~
src\vamos\foundation\problem\wfg.py:28: error: Call to untyped function
"_load_wfg_problem" in typed context  [no-untyped-call]
            get_wfg_problem = _load_wfg_problem()
                              ^~~~~~~~~~~~~~~~~~~
src\vamos\foundation\problem\wfg.py:47: error: Function is missing a return
type annotation  [no-untyped-def]
        def evaluate(self, X: np.ndarray, out: dict):
        ^~~~~~~~~~~~~~~~~~~~~~~~~~~~~~~~~~~~~~~~~~~~~
src\vamos\foundation\problem\wfg.py:47: error: Missing type parameters for
generic type "dict"  [type-arg]
        def evaluate(self, X: np.ndarray, out: dict):
                                               ^
src\vamos\foundation\problem\wfg.py:48: error: Missing type parameters for
generic type "dict"  [type-arg]
            tmp: dict = {}
                 ^
src\vamos\foundation\problem\types.py:15: error: Missing type parameters for
generic type "dict"  [type-arg]
        def evaluate(self, X: np.ndarray, out: dict) -> None: ...
                                               ^
src\vamos\foundation\problem\types.py:19: error: Missing type parameters for
generic type "dict"  [type-arg]
        mixed_spec: dict
                    ^
src\vamos\foundation\problem\mixed.py:72: error: Missing type parameters for
generic type "dict"  [type-arg]
        def evaluate(self, X: np.ndarray, out: dict) -> None:
                                               ^
src\vamos\foundation\problem\mixed.py:109: error: Missing type parameters for
generic type "dict"  [type-arg]
        def _validate_mixed_spec(spec: dict) -> None:
                                       ^
src\vamos\foundation\problem\lz.py:78: error: Returning Any from function
declared to return "ndarray[tuple[Any, ...], dtype[Any]]"  [no-any-return]
            return beta
            ^~~~~~~~~~~
src\vamos\foundation\problem\lz.py:91: error: Returning Any from function
declared to return "ndarray[tuple[Any, ...], dtype[Any]]"  [no-any-return]
            return beta
            ^~~~~~~~~~~
src\vamos\foundation\problem\lz.py:149: error: Returning Any from function
declared to return "ndarray[tuple[Any, ...], dtype[Any]]"  [no-any-return]
            return beta
            ^~~~~~~~~~~
src\vamos\foundation\problem\lz.py:151: error: Missing type parameters for
generic type "dict"  [type-arg]
        def evaluate(self, X: np.ndarray, out: dict) -> None:
                                               ^
src\vamos\foundation\problem\lz.py:193: error: Name "aa" already defined on
line 162  [no-redef]
                aa: list[np.ndarray] = []
                ^~
src\vamos\foundation\problem\lz.py:194: error: Name "bb" already defined on
line 163  [no-redef]
                bb: list[np.ndarray] = []
                ^~
src\vamos\foundation\problem\integer.py:6: error: Function is missing a return
type annotation  [no-untyped-def]
    def _validate_bounds(n_var: int, lower: np.ndarray, upper: np.ndarray)...
    ^~~~~~~~~~~~~~~~~~~~~~~~~~~~~~~~~~~~~~~~~~~~~~~~~~~~~~~~~~~~~~~~~~~~~~~
src\vamos\foundation\problem\integer.py:33: error: Missing type parameters for
generic type "dict"  [type-arg]
        def evaluate(self, X: np.ndarray, out: dict) -> None:
                                               ^
src\vamos\foundation\problem\integer.py:74: error: Missing type parameters for
generic type "dict"  [type-arg]
        def evaluate(self, X: np.ndarray, out: dict) -> None:
                                               ^
src\vamos\foundation\problem\dtlz.py:11: error: Function is missing a return
type annotation  [no-untyped-def]
        def _evaluate(self, X: np.ndarray, out: dict):
        ^~~~~~~~~~~~~~~~~~~~~~~~~~~~~~~~~~~~~~~~~~~~~~
src\vamos\foundation\problem\dtlz.py:11: error: Missing type parameters for
generic type "dict"  [type-arg]
        def _evaluate(self, X: np.ndarray, out: dict):
                                                ^
src\vamos\foundation\problem\dtlz.py:14: error: Function is missing a return
type annotation  [no-untyped-def]
        def evaluate(self, X: np.ndarray, out: dict):
        ^~~~~~~~~~~~~~~~~~~~~~~~~~~~~~~~~~~~~~~~~~~~~
src\vamos\foundation\problem\dtlz.py:14: error: Missing type parameters for
generic type "dict"  [type-arg]
        def evaluate(self, X: np.ndarray, out: dict):
                                               ^
src\vamos\foundation\problem\dtlz.py:22: error: Function is missing a return
type annotation  [no-untyped-def]
        def _evaluate(self, X: np.ndarray, out: dict):
        ^~~~~~~~~~~~~~~~~~~~~~~~~~~~~~~~~~~~~~~~~~~~~~
src\vamos\foundation\problem\dtlz.py:22: error: Missing type parameters for
generic type "dict"  [type-arg]
        def _evaluate(self, X: np.ndarray, out: dict):
                                                ^
src\vamos\foundation\problem\dtlz.py:53: error: Function is missing a return
type annotation  [no-untyped-def]
        def _evaluate(self, X: np.ndarray, out: dict):
        ^~~~~~~~~~~~~~~~~~~~~~~~~~~~~~~~~~~~~~~~~~~~~~
src\vamos\foundation\problem\dtlz.py:53: error: Missing type parameters for
generic type "dict"  [type-arg]
        def _evaluate(self, X: np.ndarray, out: dict):
                                                ^
src\vamos\foundation\problem\dtlz.py:76: error: Function is missing a return
type annotation  [no-untyped-def]
        def _evaluate(self, X: np.ndarray, out: dict):
        ^~~~~~~~~~~~~~~~~~~~~~~~~~~~~~~~~~~~~~~~~~~~~~
src\vamos\foundation\problem\dtlz.py:76: error: Missing type parameters for
generic type "dict"  [type-arg]
        def _evaluate(self, X: np.ndarray, out: dict):
                                                ^
src\vamos\foundation\problem\dtlz.py:108: error: Function is missing a return
type annotation  [no-untyped-def]
        def _evaluate(self, X: np.ndarray, out: dict):
        ^~~~~~~~~~~~~~~~~~~~~~~~~~~~~~~~~~~~~~~~~~~~~~
src\vamos\foundation\problem\dtlz.py:108: error: Missing type parameters for
generic type "dict"  [type-arg]
        def _evaluate(self, X: np.ndarray, out: dict):
                                                ^
src\vamos\foundation\problem\cec2009.py:21: error: Function is missing a return
type annotation  [no-untyped-def]
        def _split_even_odd(self):
        ^~~~~~~~~~~~~~~~~~~~~~~~~~
src\vamos\foundation\problem\cec2009.py:32: error: Missing type parameters for
generic type "dict"  [type-arg]
        def evaluate(self, X: np.ndarray, out: dict) -> None:
                                               ^
src\vamos\foundation\problem\cec2009.py:44: error: Call to untyped function
"_split_even_odd" in typed context  [no-untyped-call]
            j, even_mask, odd_mask = self._split_even_odd()
                                     ^~~~~~~~~~~~~~~~~~~~~~
src\vamos\foundation\problem\cec2009.py:61: error: Missing type parameters for
generic type "dict"  [type-arg]
        def evaluate(self, X: np.ndarray, out: dict) -> None:
                                               ^
src\vamos\foundation\problem\cec2009.py:73: error: Call to untyped function
"_split_even_odd" in typed context  [no-untyped-call]
            j, even_mask, odd_mask = self._split_even_odd()
                                     ^~~~~~~~~~~~~~~~~~~~~~
src\vamos\foundation\problem\cec2009.py:94: error: Missing type parameters for
generic type "dict"  [type-arg]
        def evaluate(self, X: np.ndarray, out: dict) -> None:
                                               ^
src\vamos\foundation\problem\cec2009.py:106: error: Call to untyped function
"_split_even_odd" in typed context  [no-untyped-call]
            j, even_mask, odd_mask = self._split_even_odd()
                                     ^~~~~~~~~~~~~~~~~~~~~~
src\vamos\foundation\problem\cec2009.py:131: error: Missing type parameters for
generic type "dict"  [type-arg]
        def evaluate(self, X: np.ndarray, out: dict) -> None:
                                               ^
src\vamos\foundation\problem\cec2009.py:143: error: Call to untyped function
"_split_even_odd" in typed context  [no-untyped-call]
            j, even_mask, odd_mask = self._split_even_odd()
                                     ^~~~~~~~~~~~~~~~~~~~~~
src\vamos\foundation\problem\binary.py:33: error: Missing type parameters for
generic type "dict"  [type-arg]
        def evaluate(self, X: np.ndarray, out: dict) -> None:
                                               ^
src\vamos\foundation\problem\binary.py:70: error: Missing type parameters for
generic type "dict"  [type-arg]
        def evaluate(self, X: np.ndarray, out: dict) -> None:
                                               ^
src\vamos\foundation\problem\binary.py:110: error: Missing type parameters for
generic type "dict"  [type-arg]
        def evaluate(self, X: np.ndarray, out: dict) -> None:
                                               ^
src\vamos\foundation\problem\real_world\hyperparam.py:33: error: Skipping
analyzing "sklearn": module is installed, but missing library stubs or py.typed
marker  [import-untyped]
                from sklearn import datasets
    ^
src\vamos\foundation\problem\real_world\hyperparam.py:34: error: Skipping
analyzing "sklearn.model_selection": module is installed, but missing library
stubs or py.typed marker  [import-untyped]
                from sklearn.model_selection import train_test_split
    ^
src\vamos\foundation\problem\real_world\hyperparam.py:35: error: Skipping
analyzing "sklearn.pipeline": module is installed, but missing library stubs or
py.typed marker  [import-untyped]
                from sklearn.pipeline import make_pipeline
    ^
src\vamos\foundation\problem\real_world\hyperparam.py:36: error: Skipping
analyzing "sklearn.preprocessing": module is installed, but missing library
stubs or py.typed marker  [import-untyped]
                from sklearn.preprocessing import StandardScaler
    ^
src\vamos\foundation\problem\real_world\hyperparam.py:37: error: Skipping
analyzing "sklearn.svm": module is installed, but missing library stubs or
py.typed marker  [import-untyped]
                from sklearn.svm import SVC
    ^
src\vamos\foundation\problem\real_world\hyperparam.py:80: error: Missing type
parameters for generic type "dict"  [type-arg]
        def _decode_params(self, X: np.ndarray) -> List[dict]:
                                                        ^
src\vamos\foundation\problem\real_world\hyperparam.py:87: error: Missing type
parameters for generic type "dict"  [type-arg]
            params: List[dict] = []
                         ^
src\vamos\foundation\problem\real_world\hyperparam.py:93: error: Function is
missing a type annotation for one or more arguments  [no-untyped-def]
        def _complexity(model, params: dict) -> float:
        ^~~~~~~~~~~~~~~~~~~~~~~~~~~~~~~~~~~~~~~~~~~~~~
src\vamos\foundation\problem\real_world\hyperparam.py:93: error: Missing type
parameters for generic type "dict"  [type-arg]
        def _complexity(model, params: dict) -> float:
                                       ^
src\vamos\foundation\problem\real_world\hyperparam.py:106: error: Missing type
parameters for generic type "dict"  [type-arg]
        def evaluate(self, X: np.ndarray, out: dict) -> None:
                                               ^
src\vamos\foundation\problem\real_world\hyperparam.py:114: error: Call to
untyped function (unknown) in typed context  [no-untyped-call]
                    model = self._make_model(params)
                            ^~~~~~~~~~~~~~~~~~~~~~~~
src\vamos\foundation\problem\real_world\feature_selection.py:24: error:
Skipping analyzing "sklearn": module is installed, but missing library stubs or
py.typed marker  [import-untyped]
                from sklearn import datasets
    ^
src\vamos\foundation\problem\real_world\feature_selection.py:25: error:
Skipping analyzing "sklearn.model_selection": module is installed, but missing
library stubs or py.typed marker  [import-untyped]
                from sklearn.model_selection import train_test_split
    ^
src\vamos\foundation\problem\real_world\feature_selection.py:26: error:
Skipping analyzing "sklearn.preprocessing": module is installed, but missing
library stubs or py.typed marker  [import-untyped]
                from sklearn.preprocessing import StandardScaler
    ^
src\vamos\foundation\problem\real_world\feature_selection.py:56: error: Missing
type parameters for generic type "dict"  [type-arg]
        def evaluate(self, X: np.ndarray, out: dict) -> None:
                                               ^
src\vamos\foundation\problem\real_world\feature_selection.py:58: error:
Skipping analyzing "sklearn.linear_model": module is installed, but missing
library stubs or py.typed marker  [import-untyped]
                from sklearn.linear_model import LogisticRegression
    ^
src\vamos\foundation\problem\real_world\engineering.py:29: error: Function is
missing a return type annotation  [no-untyped-def]
        def __init__(self):
        ^~~~~~~~~~~~~~~~~~~
src\vamos\foundation\problem\real_world\engineering.py:29: note: Use "-> None" if function does not return a value
src\vamos\foundation\problem\real_world\engineering.py:47: error: Missing type
parameters for generic type "dict"  [type-arg]
        def evaluate(self, X: np.ndarray, out: dict) -> None:
                                               ^
src\vamos\foundation\metrics\moocore_indicators.py:9: error: Unused
"type: ignore" comment  [unused-ignore]
        import moocore as _moocore  # type: ignore
        ^~~~~~~~~~~~~~~~~~~~~~~~~~~~~~~~~~~~~~~~~
src\vamos\foundation\metrics\moocore_indicators.py:61: error: Function is
missing a type annotation for one or more arguments  [no-untyped-def]
        def compute(self, front: np.ndarray, reference_front: Optional[np....
        ^~~~~~~~~~~~~~~~~~~~~~~~~~~~~~~~~~~~~~~~~~~~~~~~~~~~~~~~~~~~~~~~~~...
src\vamos\foundation\metrics\moocore_indicators.py:74: error: Function is
missing a type annotation for one or more arguments  [no-untyped-def]
        def compute(self, front: np.ndarray, reference_front: Optional[np....
        ^~~~~~~~~~~~~~~~~~~~~~~~~~~~~~~~~~~~~~~~~~~~~~~~~~~~~~~~~~~~~~~~~~...
src\vamos\foundation\metrics\moocore_indicators.py:87: error: Function is
missing a type annotation for one or more arguments  [no-untyped-def]
        def compute(self, front: np.ndarray, reference_front: Optional[np....
        ^~~~~~~~~~~~~~~~~~~~~~~~~~~~~~~~~~~~~~~~~~~~~~~~~~~~~~~~~~~~~~~~~~...
src\vamos\foundation\metrics\moocore_indicators.py:100: error: Function is
missing a type annotation for one or more arguments  [no-untyped-def]
        def compute(self, front: np.ndarray, reference_front: Optional[np....
        ^~~~~~~~~~~~~~~~~~~~~~~~~~~~~~~~~~~~~~~~~~~~~~~~~~~~~~~~~~~~~~~~~~...
src\vamos\foundation\metrics\moocore_indicators.py:113: error: Function is
missing a type annotation for one or more arguments  [no-untyped-def]
        def compute(self, front: np.ndarray, reference_front: Optional[np....
        ^~~~~~~~~~~~~~~~~~~~~~~~~~~~~~~~~~~~~~~~~~~~~~~~~~~~~~~~~~~~~~~~~~...
src\vamos\foundation\metrics\moocore_indicators.py:126: error: Function is
missing a type annotation for one or more arguments  [no-untyped-def]
        def compute(self, front: np.ndarray, reference_front: Optional[np....
        ^~~~~~~~~~~~~~~~~~~~~~~~~~~~~~~~~~~~~~~~~~~~~~~~~~~~~~~~~~~~~~~~~~...
src\vamos\foundation\metrics\moocore_indicators.py:139: error: Function is
missing a type annotation for one or more arguments  [no-untyped-def]
        def compute(self, front: np.ndarray, reference_front: Optional[np....
        ^~~~~~~~~~~~~~~~~~~~~~~~~~~~~~~~~~~~~~~~~~~~~~~~~~~~~~~~~~~~~~~~~~...
src\vamos\foundation\metrics\moocore_indicators.py:153: error: Function is
missing a type annotation for one or more arguments  [no-untyped-def]
        def compute(self, front: np.ndarray, reference_front: Optional[np....
        ^~~~~~~~~~~~~~~~~~~~~~~~~~~~~~~~~~~~~~~~~~~~~~~~~~~~~~~~~~~~~~~~~~...
src\vamos\foundation\metrics\moocore_indicators.py:168: error: Function is
missing a type annotation for one or more arguments  [no-untyped-def]
        def compute(self, front: np.ndarray, reference_front: Optional[np....
        ^~~~~~~~~~~~~~~~~~~~~~~~~~~~~~~~~~~~~~~~~~~~~~~~~~~~~~~~~~~~~~~~~~...
src\vamos\foundation\metrics\hypervolume.py:8: error: Returning Any from
function declared to return "bool"  [no-any-return]
        return np.isfinite(arr).all()
        ^~~~~~~~~~~~~~~~~~~~~~~~~~~~~
src\vamos\foundation\metrics\hypervolume.py:56: error: Incompatible types in
assignment (expression has type "ndarray[Any, Any]", variable has type
"list[tuple[Any, Any]]")  [assignment]
        pareto = np.array(pareto)
                 ^~~~~~~~~~~~~~~~
src\vamos\foundation\metrics\hypervolume.py:74: error: Unused "type: ignore"
comment  [unused-ignore]
        import moocore as _moocore  # type: ignore
        ^~~~~~~~~~~~~~~~~~~~~~~~~~~~~~~~~~~~~~~~~
src\vamos\foundation\metrics\hypervolume.py:82: error: Unused "type: ignore"
comment  [unused-ignore]
        import libhv as _libhv_module  # type: ignore
        ^~~~~~~~~~~~~~~~~~~~~~~~~~~~~~~~~~~~~~~~~~~~
src\vamos\foundation\metrics\hypervolume.py:129: error: Returning Any from
function declared to return "float"  [no-any-return]
            return _LIBHV_HV_FN(data, ref_arr)
            ^~~~~~~~~~~~~~~~~~~~~~~~~~~~~~~~~~
src\vamos\foundation\metrics\hypervolume.py:137: error: Returning Any from
function declared to return "float"  [no-any-return]
        return compute(data)
        ^~~~~~~~~~~~~~~~~~~~
src\vamos\foundation\metrics\hypervolume.py:147: error: Returning Any from
function declared to return "float"  [no-any-return]
            return np.max(widths)
            ^~~~~~~~~~~~~~~~~~~~~
src\vamos\foundation\kernel\backend.py:66: error: Missing type parameters for
generic type "dict"  [type-arg]
            params: dict,
                    ^
src\vamos\foundation\kernel\backend.py:79: error: Missing type parameters for
generic type "dict"  [type-arg]
            params: dict,
                    ^
src\vamos\foundation\eval\population.py:6: error: Function is missing a type
annotation for one or more arguments  [no-untyped-def]
    def evaluate_population_with_constraints(problem, X: np.ndarray) -> tu...
    ^~~~~~~~~~~~~~~~~~~~~~~~~~~~~~~~~~~~~~~~~~~~~~~~~~~~~~~~~~~~~~~~~~~~~~...
src\vamos\foundation\eval\__init__.py:20: error: Function is missing a type
annotation for one or more arguments  [no-untyped-def]
        def evaluate(self, X: np.ndarray, problem) -> EvaluationResult: .....
        ^~~~~~~~~~~~~~~~~~~~~~~~~~~~~~~~~~~~~~~~~~~~~~~~~~~~~~~~~~~~~~~~~~~
src\vamos\foundation\core\io_utils.py:23: error: Missing type parameters for
generic type "dict"  [type-arg]
        archive: Optional[dict] = None,
                          ^
src\vamos\foundation\core\io_utils.py:27: error: Missing type parameters for
generic type "dict"  [type-arg]
    ) -> dict:
         ^
src\vamos\foundation\core\io_utils.py:71: error: Missing type parameters for
generic type "dict"  [type-arg]
    ...write_metadata(output_dir: str | Path, metadata: dict, resolved_cfg: d...
                                                        ^
src\vamos\foundation\constraints\utils.py:17: error: Returning Any from
function declared to return "ndarray[tuple[Any, ...], dtype[Any]]" 
[no-any-return]
        return np.sum(positive, axis=1)
        ^~~~~~~~~~~~~~~~~~~~~~~~~~~~~~~
src\vamos\foundation\constraints\utils.py:26: error: Returning Any from
function declared to return "ndarray[tuple[Any, ...], dtype[Any]]" 
[no-any-return]
        return np.all(G <= 0.0, axis=1)
        ^~~~~~~~~~~~~~~~~~~~~~~~~~~~~~~
src\vamos\foundation\constraints\dsl.py:55: error: Returning Any from function
declared to return "Expr"  [no-any-return]
            return self._coerce(other).__div__(self)
            ^~~~~~~~~~~~~~~~~~~~~~~~~~~~~~~~~~~~~~~~
src\vamos\foundation\constraints\dsl.py:55: error: "Expr" has no attribute
"__div__"; maybe "__truediv__"?  [attr-defined]
            return self._coerce(other).__div__(self)
                   ^~~~~~~~~~~~~~~~~~~~~~~~~~~
src\vamos\foundation\constraints\dsl.py:66: error: Return type "Constraint" of
"__eq__" incompatible with return type "bool" in supertype "builtins.object" 
[override]
        def __eq__(self, other: Expr | Var | float | int | np.ndarray) -> ...
        ^~~~~~~~~~~~~~~~~~~~~~~~~~~~~~~~~~~~~~~~~~~~~~~~~~~~~~~~~~~~~~~~~~...
src\vamos\foundation\constraints\dsl.py:66: error: Argument 1 of "__eq__" is
incompatible with supertype "builtins.object"; supertype defines the argument
type as "object"  [override]
        def __eq__(self, other: Expr | Var | float | int | np.ndarray) -> ...
                         ^~~~~~~~~~~~~~~~~~~~~~~~~~~~~~~~~~~~~~~~~~~~
src\vamos\foundation\constraints\dsl.py:66: note: This violates the Liskov substitution principle
src\vamos\foundation\constraints\dsl.py:66: note: See https://mypy.readthedocs.io/en/stable/common_issues.html#incompatible-overrides
src\vamos\foundation\constraints\dsl.py:66: note: It is recommended for "__eq__" to work with arbitrary objects, for example:
src\vamos\foundation\constraints\dsl.py:66: note:     def __eq__(self, other: object) -> bool:
src\vamos\foundation\constraints\dsl.py:66: note:         if not isinstance(other, Expr):
src\vamos\foundation\constraints\dsl.py:66: note:             return NotImplemented
src\vamos\foundation\constraints\dsl.py:66: note:         return <logic to compare two Expr instances>
src\vamos\foundation\constraints\dsl.py:67: error: Unused "type: ignore"
comment  [unused-ignore]
            return Constraint(lhs=self, rhs=self._coerce(other), sense="==...
            ^~~~~~~~~~~~~~~~~~~~~~~~~~~~~~~~~~~~~~~~~~~~~~~~~~~~~~~~~~~~~~...
src\vamos\foundation\constraints\dsl.py:108: error: Argument 1 to "float" has
incompatible type "object"; expected
"str | Buffer | SupportsFloat | SupportsIndex"  [arg-type]
            val = float(expr.args[0])
                        ^~~~~~~~~~~~
src\vamos\foundation\constraints\dsl.py:114: error: Argument 1 to "_eval_expr"
has incompatible type "object"; expected "Expr"  [arg-type]
        a = _eval_expr(expr.args[0], X)
                       ^~~~~~~~~~~~
src\vamos\foundation\constraints\dsl.py:115: error: Argument 1 to "_eval_expr"
has incompatible type "object"; expected "Expr"  [arg-type]
        b = _eval_expr(expr.args[1], X)
                       ^~~~~~~~~~~~
src\vamos\foundation\constraints\dsl.py:117: error: Returning Any from function
declared to return "ndarray[tuple[Any, ...], dtype[Any]]"  [no-any-return]
            return a + b
            ^~~~~~~~~~~~
src\vamos\foundation\constraints\dsl.py:119: error: Returning Any from function
declared to return "ndarray[tuple[Any, ...], dtype[Any]]"  [no-any-return]
            return a - b
            ^~~~~~~~~~~~
src\vamos\foundation\constraints\dsl.py:121: error: Returning Any from function
declared to return "ndarray[tuple[Any, ...], dtype[Any]]"  [no-any-return]
            return a * b
            ^~~~~~~~~~~~
src\vamos\foundation\constraints\dsl.py:123: error: Returning Any from function
declared to return "ndarray[tuple[Any, ...], dtype[Any]]"  [no-any-return]
            return a / b
            ^~~~~~~~~~~~
src\vamos\foundation\constraints\dsl.py:125: error: Returning Any from function
declared to return "ndarray[tuple[Any, ...], dtype[Any]]"  [no-any-return]
            return np.power(a, b)
            ^~~~~~~~~~~~~~~~~~~~~
src\vamos\engine\tuning\racing\stats.py:80: error: Unused "type: ignore"
comment  [unused-ignore]
            from scipy.stats import t  # type: ignore
            ^~~~~~~~~~~~~~~~~~~~~~~~~~~~~~~~~~~~~~~~
src\vamos\engine\tuning\racing\stats.py:92: error: Unused "type: ignore"
comment  [unused-ignore]
            from scipy.stats import t  # type: ignore
            ^~~~~~~~~~~~~~~~~~~~~~~~~~~~~~~~~~~~~~~~
src\vamos\engine\tuning\racing\stats.py:108: error: Function is missing a type
annotation for one or more arguments  [no-untyped-def]
    def select_configs_by_paired_test(
    ^~~~~~~~~~~~~~~~~~~~~~~~~~~~~~~~~~
src\vamos\engine\tuning\racing\param_space.py:268: error: Call to untyped
function (unknown) in typed context  [no-untyped-call]
                    if not op_fn(left, rhs):
                           ^~~~~~~~~~~~~~~~
src\vamos\engine\hyperheuristics\operator_selector.py:67: error: Function is
missing a type annotation for one or more arguments  [no-untyped-def]
    def make_operator_selector(method: str, n_ops: int, **kwargs) -> Opera...
    ^~~~~~~~~~~~~~~~~~~~~~~~~~~~~~~~~~~~~~~~~~~~~~~~~~~~~~~~~~~~~~~~~~~~~~...
src\vamos\engine\algorithm\components\weight_vectors.py:87: error: Need type
annotation for "coords" (hint: "coords: list[<type>] = ...")  [var-annotated]
        coords = []
        ^~~~~~
src\vamos\engine\algorithm\components\selection.py:20: error: Function is
missing a type annotation for one or more arguments  [no-untyped-def]
        def __call__(self, population, n_parents: int) -> np.ndarray:
        ^~~~~~~~~~~~~~~~~~~~~~~~~~~~~~~~~~~~~~~~~~~~~~~~~~~~~~~~~~~~~
src\vamos\engine\algorithm\components\selection.py:43: error: Function is
missing a type annotation for one or more arguments  [no-untyped-def]
        def __call__(self, population, n_parents: int) -> np.ndarray:
        ^~~~~~~~~~~~~~~~~~~~~~~~~~~~~~~~~~~~~~~~~~~~~~~~~~~~~~~~~~~~~
src\vamos\archive\bounded_archive.py:50: error: Returning Any from function
declared to return "ndarray[tuple[Any, ...], dtype[Any]]"  [no-any-return]
        return ~dominated
        ^~~~~~~~~~~~~~~~~
src\vamos\ux\studio\dm.py:20: error: Missing type parameters for generic type
"dict"  [type-arg]
    def build_decoder(_problem_name: str, metadata: dict | None = None) ->...
                                                    ^
src\vamos\ux\studio\dm.py:22: error: Incompatible return value type (got
"Callable[[ndarray[tuple[Any, ...], dtype[Any]]], dict[str, Any]]", expected
"SolutionDecoder")  [return-value]
        return default_decoder
               ^~~~~~~~~~~~~~~
src\vamos\ux\studio\dm.py:77: error: "SolutionDecoder" not callable  [operator]
            decoded = [dec(x) for x in front.points_X]
                       ^~~~~~
src\vamos\engine\algorithm\components\variation\helpers.py:37: error: Function
is missing a type annotation for one or more arguments  [no-untyped-def]
    def resolve_prob_expression(value, n_var: int, default: float) -> floa...
    ^~~~~~~~~~~~~~~~~~~~~~~~~~~~~~~~~~~~~~~~~~~~~~~~~~~~~~~~~~~~~~~~~~~~~~~~
src\vamos\engine\algorithm\components\variation\helpers.py:47: error: Missing
type parameters for generic type "dict"  [type-arg]
    def prepare_mutation_params(mut_params: dict, encoding: str, n_var: in...
                                            ^
src\vamos\operators\real\crossover.py:62: error: Function is missing a type
annotation for one or more arguments  [no-untyped-def]
        def _buffer(self, key: str, shape: tuple[int, ...], dtype) -> np.n...
        ^~~~~~~~~~~~~~~~~~~~~~~~~~~~~~~~~~~~~~~~~~~~~~~~~~~~~~~~~~~~~~~~~~...
src\vamos\operators\real\crossover.py:266: error: "bool" has no attribute "sum"
 [attr-defined]
            lam = rng.random((mask.sum(), offspring.shape[2]))
                              ^~~~~~~~
src\vamos\operators\real\crossover.py:308: error: Unsupported target for
indexed assignment ("bool")  [index]
                cross_mask[j_rand] = True
                ^~~~~~~~~~~~~~~~~~
src\vamos\operators\real\crossover.py:381: error: Incompatible types in
assignment (expression has type "float", variable has type "floating[Any]") 
[assignment]
                    norm_e = 1.0
                             ^~~
src\vamos\operators\real\crossover.py:394: error: Incompatible types in
assignment (expression has type "floating[Any] | float", variable has type
"floating[Any]")  [assignment]
                    norm_ortho = np.linalg.norm(ortho) or 1.0
                                 ^~~~~~~~~~~~~~~~~~~~~~~~~~~~
src\vamos\operators\real\crossover.py:426: error: "float" has no attribute
"sum"  [attr-defined]
                    weights /= weights.sum()
                               ^~~~~~~~~~~
src\vamos\foundation\problem\registry\families\zdt.py:13: error: Function is
missing a return type annotation  [no-untyped-def]
    def _zdt1_factory(n_var: int, _ignored: Optional[int] = None):
    ^~~~~~~~~~~~~~~~~~~~~~~~~~~~~~~~~~~~~~~~~~~~~~~~~~~~~~~~~~~~~~
src\vamos\foundation\problem\registry\families\wfg.py:19: error: Function is
missing a return type annotation  [no-untyped-def]
    def _wfg_factory(cls, n_var: int, n_obj: Optional[int]):
    ^~~~~~~~~~~~~~~~~~~~~~~~~~~~~~~~~~~~~~~~~~~~~~~~~~~~~~~~
src\vamos\foundation\problem\registry\families\wfg.py:19: error: Function is
missing a type annotation for one or more arguments  [no-untyped-def]
    def _wfg_factory(cls, n_var: int, n_obj: Optional[int]):
    ^~~~~~~~~~~~~~~~~~~~~~~~~~~~~~~~~~~~~~~~~~~~~~~~~~~~~~~~
src\vamos\engine\algorithm\components\utils.py:222: error: Returning Any from
function declared to return "ndarray[tuple[Any, ...], dtype[Any]]" 
[no-any-return]
        return (F - ideal) / range_vals
        ^~~~~~~~~~~~~~~~~~~~~~~~~~~~~~~
src\vamos\foundation\problem\tsp.py:65: error: Missing type parameters for
generic type "dict"  [type-arg]
        def evaluate(self, X: np.ndarray, out: dict) -> None:
                                               ^
src\vamos\foundation\problem\registry\families\dtlz.py:9: error: Function is
missing a return type annotation  [no-untyped-def]
    def _dtlz_factory(cls, n_var: int, n_obj: Optional[int]):
    ^~~~~~~~~~~~~~~~~~~~~~~~~~~~~~~~~~~~~~~~~~~~~~~~~~~~~~~~~
src\vamos\foundation\problem\registry\families\dtlz.py:9: error: Function is
missing a type annotation for one or more arguments  [no-untyped-def]
    def _dtlz_factory(cls, n_var: int, n_obj: Optional[int]):
    ^~~~~~~~~~~~~~~~~~~~~~~~~~~~~~~~~~~~~~~~~~~~~~~~~~~~~~~~~
src\vamos\foundation\problem\cec.py:67: error: Missing type parameters for
generic type "dict"  [type-arg]
        def evaluate(self, X: np.ndarray, out: dict) -> None:
                                               ^
src\vamos\foundation\problem\registry\families\real_world.py:28: error: Call to
untyped function "WeldedBeamDesignProblem" in typed context  [no-untyped-call]
            factory=lambda _n_var, _n_obj: WeldedBeamDesignProblem(),
                                           ^~~~~~~~~~~~~~~~~~~~~~~~~
src\vamos\engine\hyperheuristics\indicator.py:10: error: Incompatible types in
assignment (expression has type "None", variable has type
"def get_indicator(name: str, **kwargs: Any) -> QualityIndicator")  [assignment]
        get_indicator = None
                        ^~~~
src\vamos\engine\algorithm\components\termination.py:11: error: Function is
missing a type annotation for one or more arguments  [no-untyped-def]
        def __init__(self, hv_config: dict | None, kernel):
        ^~~~~~~~~~~~~~~~~~~~~~~~~~~~~~~~~~~~~~~~~~~~~~~~~~~
src\vamos\engine\algorithm\components\termination.py:11: error: Missing type
parameters for generic type "dict"  [type-arg]
        def __init__(self, hv_config: dict | None, kernel):
                                      ^
src\vamos\engine\algorithm\components\termination.py:16: error: Value of type
"dict[Any, Any] | None" is not indexable  [index]
            self.target = float(hv_config["target_value"])
                                ^~~~~~~~~~~~~~~~~~~~~~~~~
src\vamos\engine\algorithm\components\termination.py:17: error: Value of type
variable "_ScalarT" of "asarray" cannot be "float"  [type-var]
            self.ref_point = np.asarray(hv_config["reference_point"], dtyp...
                             ^~~~~~~~~~~~~~~~~~~~~~~~~~~~~~~~~~~~~~~~~~~~~...
src\vamos\engine\algorithm\components\termination.py:17: error: Value of type
"dict[Any, Any] | None" is not indexable  [index]
            self.ref_point = np.asarray(hv_config["reference_point"], dtyp...
                                        ^~~~~~~~~~~~~~~~~~~~~~~~~~~~
src\vamos\engine\algorithm\components\termination.py:28: error: Returning Any
from function declared to return "bool"  [no-any-return]
            return hv_val >= self.target
            ^~~~~~~~~~~~~~~~~~~~~~~~~~~~
src\vamos\foundation\eval\backends.py:14: error: Function is missing a type
annotation for one or more arguments  [no-untyped-def]
    def _eval_chunk(problem, X_chunk: np.ndarray) -> tuple[np.ndarray, Opt...
    ^~~~~~~~~~~~~~~~~~~~~~~~~~~~~~~~~~~~~~~~~~~~~~~~~~~~~~~~~~~~~~~~~~~~~~...
src\vamos\foundation\eval\backends.py:23: error: Function is missing a type
annotation for one or more arguments  [no-untyped-def]
        def evaluate(self, X: np.ndarray, problem) -> EvaluationResult:
        ^~~~~~~~~~~~~~~~~~~~~~~~~~~~~~~~~~~~~~~~~~~~~~~~~~~~~~~~~~~~~~~
src\vamos\foundation\eval\backends.py:41: error: Function is missing a type
annotation for one or more arguments  [no-untyped-def]
        def evaluate(self, X: np.ndarray, problem) -> EvaluationResult:
        ^~~~~~~~~~~~~~~~~~~~~~~~~~~~~~~~~~~~~~~~~~~~~~~~~~~~~~~~~~~~~~~
src\vamos\foundation\eval\backends.py:71: error: Incompatible types in
assignment (expression has type "ndarray[tuple[Any, ...], dtype[Any]] | None",
variable has type "ndarray[tuple[Any, ...], dtype[Any]]")  [assignment]
            for start, part in sorted(G_parts, key=lambda p: p[0]):
            ^
src\vamos\foundation\constraints\__init__.py:51: error: Returning Any from
function declared to return "ndarray[tuple[Any, ...], dtype[Any]]" 
[no-any-return]
            return np.sum(F, axis=1)
            ^~~~~~~~~~~~~~~~~~~~~~~~
src\vamos\foundation\constraints\__init__.py:53: error: Returning Any from
function declared to return "ndarray[tuple[Any, ...], dtype[Any]]" 
[no-any-return]
            return np.max(F, axis=1)
            ^~~~~~~~~~~~~~~~~~~~~~~~
src\vamos\foundation\constraints\__init__.py:119: error: Function is missing a
type annotation for one or more arguments  [no-untyped-def]
    def get_constraint_strategy(name: str, **kwargs) -> ConstraintHandling...
    ^~~~~~~~~~~~~~~~~~~~~~~~~~~~~~~~~~~~~~~~~~~~~~~~~~~~~~~~~~~~~~~~~~~~~~...
src\vamos\engine\algorithm\spea2\helpers.py:65: error: Value of type
"ndarray[tuple[Any, ...], dtype[Any]] | None" is not indexable  [index]
                        if cv[i] < cv[j]:
                           ^~~~~
src\vamos\engine\algorithm\spea2\helpers.py:222: error: Function is missing a
type annotation for one or more arguments  [no-untyped-def]
    def compute_selection_metrics(F: np.ndarray, G: np.ndarray | None, con...
    ^~~~~~~~~~~~~~~~~~~~~~~~~~~~~~~~~~~~~~~~~~~~~~~~~~~~~~~~~~~~~~~~~~~~~~...
src\vamos\engine\algorithm\spea2\helpers.py:260: error: Returning Any from
function declared to return
"tuple[ndarray[tuple[Any, ...], dtype[Any]], ndarray[tuple[Any, ...], dtype[Any]]]"
 [no-any-return]
        return kernel.nsga2_ranking(F)
        ^~~~~~~~~~~~~~~~~~~~~~~~~~~~~~
src\vamos\engine\algorithm\nsgaii\helpers.py:14: error: Function is missing a
type annotation for one or more arguments  [no-untyped-def]
    def build_mating_pool(
    ^~~~~~~~~~~~~~~~~~~~~~
src\vamos\engine\algorithm\nsgaii\helpers.py:38: error: Function is missing a
return type annotation  [no-untyped-def]
    def feasible_nsga2_survival(
    ^~~~~~~~~~~~~~~~~~~~~~~~~~~~
src\vamos\engine\algorithm\nsgaii\helpers.py:38: error: Function is missing a
type annotation for one or more arguments  [no-untyped-def]
    def feasible_nsga2_survival(
    ^~~~~~~~~~~~~~~~~~~~~~~~~~~~
src\vamos\engine\algorithm\nsgaii\helpers.py:102: error: Missing type
parameters for generic type "dict"  [type-arg]
    ..._stats(tracker: GenealogyTracker, final_ids: list[int]) -> list[dict]:
                                                                       ^
src\vamos\engine\algorithm\nsgaii\helpers.py:107: error: Need type annotation
for "totals" (hint: "totals: dict[<type>, <type>] = ...")  [var-annotated]
        totals = {}
        ^~~~~~
src\vamos\engine\algorithm\nsgaii\helpers.py:108: error: Need type annotation
for "finals" (hint: "finals: dict[<type>, <type>] = ...")  [var-annotated]
        finals = {}
        ^~~~~~
src\vamos\engine\algorithm\nsgaii\helpers.py:130: error: Missing type
parameters for generic type "dict"  [type-arg]
    ...utions(tracker: GenealogyTracker, final_ids: list[int]) -> list[dict]:
                                                                       ^
src\vamos\engine\algorithm\nsgaii\helpers.py:135: error: Need type annotation
for "gen_totals" (hint: "gen_totals: dict[<type>, <type>] = ...") 
[var-annotated]
        gen_totals = {}
        ^~~~~~~~~~
src\vamos\engine\algorithm\nsgaii\helpers.py:136: error: Need type annotation
for "gen_final" (hint: "gen_final: dict[<type>, <type>] = ...")  [var-annotated]
        gen_final = {}
        ^~~~~~~~~
src\vamos\engine\algorithm\ibea\helpers.py:39: error: Returning Any from
function declared to return "ndarray[tuple[Any, ...], dtype[Any]]" 
[no-any-return]
        return np.max(diff, axis=2)
        ^~~~~~~~~~~~~~~~~~~~~~~~~~~
src\vamos\engine\algorithm\ibea\helpers.py:113: error: Returning Any from
function declared to return "ndarray[tuple[Any, ...], dtype[Any]]" 
[no-any-return]
        return -np.sum(contrib, axis=0)
        ^~~~~~~~~~~~~~~~~~~~~~~~~~~~~~~
src\vamos\engine\algorithm\ibea\helpers.py:136: error: Returning Any from
function declared to return "ndarray[tuple[Any, ...], dtype[Any]]" 
[no-any-return]
            return fitness + cv
            ^~~~~~~~~~~~~~~~~~~
src\vamos\foundation\constraints\autodiff.py:10: error: Function is missing a
return type annotation  [no-untyped-def]
    def _import_jax():
    ^~~~~~~~~~~~~~~~~~
src\vamos\foundation\constraints\autodiff.py:12: error: Cannot find
implementation or library stub for module named "jax"  [import-not-found]
            import jax
    ^
src\vamos\foundation\constraints\autodiff.py:13: error: Cannot find
implementation or library stub for module named "jax.numpy"  [import-not-found]
            import jax.numpy as jnp
    ^
src\vamos\foundation\constraints\autodiff.py:19: error: Function is missing a
return type annotation  [no-untyped-def]
    def _expr_to_jax(expr: Expr, x, jnp):
    ^~~~~~~~~~~~~~~~~~~~~~~~~~~~~~~~~~~~~
src\vamos\foundation\constraints\autodiff.py:19: error: Function is missing a
type annotation for one or more arguments  [no-untyped-def]
    def _expr_to_jax(expr: Expr, x, jnp):
    ^~~~~~~~~~~~~~~~~~~~~~~~~~~~~~~~~~~~~
src\vamos\foundation\constraints\autodiff.py:24: error: Incompatible types in
assignment (expression has type "object", variable has type "Var")  [assignment]
            var: Var = expr.args[0]
                       ^~~~~~~~~~~~
src\vamos\foundation\constraints\autodiff.py:26: error: Argument 1 to
"_expr_to_jax" has incompatible type "object"; expected "Expr"  [arg-type]
        a = _expr_to_jax(expr.args[0], x, jnp)
                         ^~~~~~~~~~~~
src\vamos\foundation\constraints\autodiff.py:27: error: Argument 1 to
"_expr_to_jax" has incompatible type "object"; expected "Expr"  [arg-type]
        b = _expr_to_jax(expr.args[1], x, jnp)
                         ^~~~~~~~~~~~
src\vamos\foundation\constraints\autodiff.py:41: error: Function is missing a
return type annotation  [no-untyped-def]
    def _constraint_to_jax(c: Constraint, x, jnp):
    ^~~~~~~~~~~~~~~~~~~~~~~~~~~~~~~~~~~~~~~~~~~~~~
src\vamos\foundation\constraints\autodiff.py:41: error: Function is missing a
type annotation for one or more arguments  [no-untyped-def]
    def _constraint_to_jax(c: Constraint, x, jnp):
    ^~~~~~~~~~~~~~~~~~~~~~~~~~~~~~~~~~~~~~~~~~~~~~
src\vamos\foundation\constraints\autodiff.py:51: error: Missing type parameters
for generic type "Callable"  [type-arg]
    ...onstraint_functions(cm: ConstraintModel) -> Tuple[Callable, Callable]:
                                                         ^
src\vamos\foundation\constraints\autodiff.py:56: error: Call to untyped
function "_import_jax" in typed context  [no-untyped-call]
        jax, jnp = _import_jax()
                   ^~~~~~~~~~~~~
src\vamos\foundation\constraints\autodiff.py:59: error: Function is missing a
type annotation  [no-untyped-def]
        def single(x):
        ^~~~~~~~~~~~~~
src\vamos\engine\tuning\racing\elimination.py:12: error: Function is missing a
type annotation for one or more arguments  [no-untyped-def]
    def compute_aggregated_scores(configs: List[ConfigState], task) -> Tup...
    ^~~~~~~~~~~~~~~~~~~~~~~~~~~~~~~~~~~~~~~~~~~~~~~~~~~~~~~~~~~~~~~~~~~~~~...
src\vamos\engine\tuning\racing\elimination.py:28: error: Function is missing a
type annotation for one or more arguments  [no-untyped-def]
    def rank_based_elimination(
    ^~~~~~~~~~~~~~~~~~~~~~~~~~~
src\vamos\engine\tuning\racing\elimination.py:58: error: Function is missing a
type annotation for one or more arguments  [no-untyped-def]
    def force_keep_top_k(
    ^~~~~~~~~~~~~~~~~~~~~
src\vamos\engine\tuning\racing\elimination.py:83: error: Function is missing a
type annotation for one or more arguments  [no-untyped-def]
    def eliminate_configs(configs: List[ConfigState], *, task, scenario) -...
    ^~~~~~~~~~~~~~~~~~~~~~~~~~~~~~~~~~~~~~~~~~~~~~~~~~~~~~~~~~~~~~~~~~~~~~...
src\vamos\engine\tuning\racing\elimination.py:121: error: Library stubs not
installed for "scipy.stats"  [import-untyped]
                from scipy.stats import friedmanchisquare
    ^
src\vamos\engine\tuning\racing\elimination.py:121: note: Hint: "python3 -m pip install scipy-stubs"
src\vamos\engine\tuning\racing\elimination.py:121: note: (or run "mypy --install-types" to install all missing stub packages)
src\vamos\engine\tuning\racing\elimination.py:169: error: Function is missing a
type annotation for one or more arguments  [no-untyped-def]
    def update_elite_archive(
    ^~~~~~~~~~~~~~~~~~~~~~~~~
src\vamos\ux\studio\export.py:11: error: Missing type parameters for generic
type "dict"  [type-arg]
    def _record_payload(view: DecisionView, idx: int) -> dict:
                                                         ^
src\vamos\operators\real\mutation.py:63: error: Function is missing a type
annotation for one or more arguments  [no-untyped-def]
        def _buffer(self, key: str, shape: tuple[int, ...], dtype) -> np.n...
        ^~~~~~~~~~~~~~~~~~~~~~~~~~~~~~~~~~~~~~~~~~~~~~~~~~~~~~~~~~~~~~~~~~...
src\vamos\foundation\problem\registry\families\misc.py:12: error: Function is
missing a return type annotation  [no-untyped-def]
    def _tsp_factory(n_var: int, _ignored: Optional[int] = None):
    ^~~~~~~~~~~~~~~~~~~~~~~~~~~~~~~~~~~~~~~~~~~~~~~~~~~~~~~~~~~~~
src\vamos\foundation\problem\registry\families\misc.py:16: error: Function is
missing a return type annotation  [no-untyped-def]
    def _tsplib_tsp_factory(dataset: str):
    ^~~~~~~~~~~~~~~~~~~~~~~~~~~~~~~~~~~~~~
src\vamos\foundation\problem\registry\families\misc.py:17: error: Function is
missing a return type annotation  [no-untyped-def]
        def _factory(_n_var: int, _ignored: Optional[int] = None):
        ^~~~~~~~~~~~~~~~~~~~~~~~~~~~~~~~~~~~~~~~~~~~~~~~~~~~~~~~~~
src\vamos\engine\hyperheuristics\portfolio.py:37: error: Missing type
parameters for generic type "dict"  [type-arg]
            selector_kwargs: dict | None = None,
                             ^
src\vamos\engine\hyperheuristics\portfolio.py:61: error: Returning Any from
function declared to return "ndarray[tuple[Any, ...], dtype[Any]]" 
[no-any-return]
            return union[mask]
            ^~~~~~~~~~~~~~~~~~
src\vamos\engine\tuning\racing\refill.py:90: error: Function is missing a type
annotation for one or more arguments  [no-untyped-def]
    def refill_population(
    ^~~~~~~~~~~~~~~~~~~~~~
src\vamos\engine\tuning\racing\random_search_tuner.py:50: error: Item "None" of
"Sampler | None" has no attribute "sample"  [union-attr]
                config = self.sampler.sample(self.rng)
                         ^~~~~~~~~~~~~~~~~~~
src\vamos\engine\tuning\racing\core.py:19: error: Skipping analyzing "joblib":
module is installed, but missing library stubs or py.typed marker 
[import-untyped]
    from joblib import Parallel, delayed
    ^
src\vamos\engine\tuning\racing\bridge.py:46: error: Argument 2 to
"AlgorithmConfigSpace" has incompatible type "list[object]"; expected
"list[BaseParam]"  [arg-type]
        return AlgorithmConfigSpace("nsgaii", params, conditionals)
                                              ^~~~~~
src\vamos\engine\tuning\racing\bridge.py:64: error: Argument 2 to
"AlgorithmConfigSpace" has incompatible type "list[object]"; expected
"list[BaseParam]"  [arg-type]
        return AlgorithmConfigSpace("moead", params, [])
                                             ^~~~~~
src\vamos\engine\tuning\racing\bridge.py:79: error: Argument 2 to
"AlgorithmConfigSpace" has incompatible type "list[object]"; expected
"list[BaseParam]"  [arg-type]
        return AlgorithmConfigSpace("nsgaiii", params, [])
                                               ^~~~~~
src\vamos\engine\tuning\racing\bridge.py:94: error: Argument 2 to
"AlgorithmConfigSpace" has incompatible type "list[object]"; expected
"list[BaseParam]"  [arg-type]
        return AlgorithmConfigSpace("smsemoa", params, [])
                                               ^~~~~~
src\vamos\engine\tuning\racing\bridge.py:111: error: Argument 2 to
"AlgorithmConfigSpace" has incompatible type "list[object]"; expected
"list[BaseParam]"  [arg-type]
        return AlgorithmConfigSpace("spea2", params, [])
                                             ^~~~~~
src\vamos\engine\tuning\racing\bridge.py:128: error: Argument 2 to
"AlgorithmConfigSpace" has incompatible type "list[object]"; expected
"list[BaseParam]"  [arg-type]
        return AlgorithmConfigSpace("ibea", params, [])
                                            ^~~~~~
src\vamos\engine\tuning\racing\bridge.py:143: error: Argument 2 to
"AlgorithmConfigSpace" has incompatible type "list[object]"; expected
"list[BaseParam]"  [arg-type]
        return AlgorithmConfigSpace("smpso", params, [])
                                             ^~~~~~
src\vamos\foundation\kernel\numpy_backend.py:18: error: Function is missing a
return type annotation  [no-untyped-def]
    def _fast_non_dominated_sort(F: np.ndarray):
    ^~~~~~~~~~~~~~~~~~~~~~~~~~~~~~~~~~~~~~~~~~~~
src\vamos\foundation\kernel\numpy_backend.py:57: error: Function is missing a
return type annotation  [no-untyped-def]
    def _compute_crowding(F: np.ndarray, fronts):
    ^~~~~~~~~~~~~~~~~~~~~~~~~~~~~~~~~~~~~~~~~~~~~
src\vamos\foundation\kernel\numpy_backend.py:57: error: Function is missing a
type annotation for one or more arguments  [no-untyped-def]
    def _compute_crowding(F: np.ndarray, fronts):
    ^~~~~~~~~~~~~~~~~~~~~~~~~~~~~~~~~~~~~~~~~~~~~
src\vamos\foundation\kernel\numpy_backend.py:97: error: Function is missing a
type annotation for one or more arguments  [no-untyped-def]
    def _select_nsga2(fronts, crowding: np.ndarray, pop_size: int) -> np.n...
    ^~~~~~~~~~~~~~~~~~~~~~~~~~~~~~~~~~~~~~~~~~~~~~~~~~~~~~~~~~~~~~~~~~~~~~...
src\vamos\foundation\kernel\numpy_backend.py:101: error: Need type annotation
for "selected" (hint: "selected: list[<type>] = ...")  [var-annotated]
        selected = []
        ^~~~~~~~
src\vamos\foundation\kernel\numpy_backend.py:121: error: Function is missing a
return type annotation  [no-untyped-def]
        def __init__(self):
        ^~~~~~~~~~~~~~~~~~~
src\vamos\foundation\kernel\numpy_backend.py:121: note: Use "-> None" if function does not return a value
src\vamos\foundation\kernel\numpy_backend.py:180: error: Returning Any from
function declared to return "ndarray[tuple[Any, ...], dtype[Any]]" 
[no-any-return]
            return candidates[row_idx, winner_cols]
            ^~~~~~~~~~~~~~~~~~~~~~~~~~~~~~~~~~~~~~~
src\vamos\foundation\kernel\numpy_backend.py:185: error: Missing type
parameters for generic type "dict"  [type-arg]
            params: dict,
                    ^
src\vamos\foundation\kernel\numpy_backend.py:200: error: Argument "lower" to
"SBXCrossover" has incompatible type "float"; expected
"ndarray[tuple[Any, ...], dtype[Any]]"  [arg-type]
                lower=xl,
                      ^~
src\vamos\foundation\kernel\numpy_backend.py:201: error: Argument "upper" to
"SBXCrossover" has incompatible type "float"; expected
"ndarray[tuple[Any, ...], dtype[Any]]"  [arg-type]
                upper=xu,
                      ^~
src\vamos\foundation\kernel\numpy_backend.py:210: error: Missing type
parameters for generic type "dict"  [type-arg]
            params: dict,
                    ^
src\vamos\foundation\kernel\numpy_backend.py:220: error: Argument "lower" to
"PolynomialMutation" has incompatible type "float"; expected
"ndarray[tuple[Any, ...], dtype[Any]]"  [arg-type]
                lower=xl,
                      ^~
src\vamos\foundation\kernel\numpy_backend.py:221: error: Argument "upper" to
"PolynomialMutation" has incompatible type "float"; expected
"ndarray[tuple[Any, ...], dtype[Any]]"  [arg-type]
                upper=xu,
                      ^~
src\vamos\engine\algorithm\spea2\operators.py:26: error: Missing type
parameters for generic type "Callable"  [type-arg]
    ) -> tuple[Callable, Callable]:
               ^
src\vamos\engine\algorithm\spea2\operators.py:70: error: Call to untyped
function "VariationWorkspace" in typed context  [no-untyped-call]
        workspace = VariationWorkspace()
                    ^~~~~~~~~~~~~~~~~~~~
src\vamos\engine\algorithm\spea2\operators.py:89: error: Function is missing a
type annotation  [no-untyped-def]
        def crossover_fn(parents, rng=rng):
        ^~~~~~~~~~~~~~~~~~~~~~~~~~~~~~~~~~~
src\vamos\engine\algorithm\spea2\operators.py:92: error: Function is missing a
type annotation  [no-untyped-def]
        def mutation_fn(X_child, rng=rng):
        ^~~~~~~~~~~~~~~~~~~~~~~~~~~~~~~~~~
src\vamos\engine\algorithm\smsemoa\operators.py:53: error: Dict entry 0 has
incompatible type "str":
"Callable[[ndarray[tuple[Any, ...], dtype[Any]], float, Generator], None]";
expected "str": "Callable[..., ndarray[tuple[Any, ...], dtype[Any]]]" 
[dict-item]
        "bitflip": bit_flip_mutation,
        ^~~~~~~~~~~~~~~~~~~~~~~~~~~~
src\vamos\engine\algorithm\smsemoa\operators.py:54: error: Dict entry 1 has
incompatible type "str":
"Callable[[ndarray[tuple[Any, ...], dtype[Any]], float, Generator], None]";
expected "str": "Callable[..., ndarray[tuple[Any, ...], dtype[Any]]]" 
[dict-item]
        "bit_flip": bit_flip_mutation,
        ^~~~~~~~~~~~~~~~~~~~~~~~~~~~~
src\vamos\engine\algorithm\smsemoa\operators.py:64: error: Dict entry 0 has
incompatible type "str":
"Callable[[ndarray[tuple[Any, ...], dtype[Any]], float, ndarray[tuple[Any, ...], dtype[Any]], ndarray[tuple[Any, ...], dtype[Any]], Generator], None]";
expected "str": "Callable[..., ndarray[tuple[Any, ...], dtype[Any]]]" 
[dict-item]
        "reset": random_reset_mutation,
        ^~~~~~~~~~~~~~~~~~~~~~~~~~~~~~
src\vamos\engine\algorithm\smsemoa\operators.py:65: error: Dict entry 1 has
incompatible type "str":
"Callable[[ndarray[tuple[Any, ...], dtype[Any]], float, ndarray[tuple[Any, ...], dtype[Any]], ndarray[tuple[Any, ...], dtype[Any]], Generator], None]";
expected "str": "Callable[..., ndarray[tuple[Any, ...], dtype[Any]]]" 
[dict-item]
        "random_reset": random_reset_mutation,
        ^~~~~~~~~~~~~~~~~~~~~~~~~~~~~~~~~~~~~
src\vamos\engine\algorithm\smsemoa\operators.py:66: error: Dict entry 2 has
incompatible type "str":
"Callable[[ndarray[tuple[Any, ...], dtype[Any]], float, int, ndarray[tuple[Any, ...], dtype[Any]], ndarray[tuple[Any, ...], dtype[Any]], Generator], None]";
expected "str": "Callable[..., ndarray[tuple[Any, ...], dtype[Any]]]" 
[dict-item]
        "creep": creep_mutation,
        ^~~~~~~~~~~~~~~~~~~~~~~
src\vamos\engine\algorithm\smsemoa\operators.py:76: error: Missing type
parameters for generic type "dict"  [type-arg]
        config: dict,
                ^
src\vamos\engine\algorithm\smsemoa\operators.py:143: error: Missing type
parameters for generic type "dict"  [type-arg]
        cross_params: dict,
                      ^
src\vamos\engine\algorithm\smsemoa\operators.py:145: error: Missing type
parameters for generic type "dict"  [type-arg]
        mut_params: dict,
                    ^
src\vamos\engine\algorithm\smsemoa\operators.py:172: error: Missing type
parameters for generic type "dict"  [type-arg]
        cross_params: dict,
                      ^
src\vamos\engine\algorithm\smsemoa\operators.py:174: error: Missing type
parameters for generic type "dict"  [type-arg]
        mut_params: dict,
                    ^
src\vamos\engine\algorithm\smsemoa\operators.py:195: error: Non-overlapping
identity check (left operand type:
"Callable[..., ndarray[tuple[Any, ...], dtype[Any]]]", right operand type:
"Callable[[ndarray[tuple[Any, ...], dtype[Any]], float, int, ndarray[tuple[Any, ...], dtype[Any]], ndarray[tuple[Any, ...], dtype[Any]], Generator], None]")
 [comparison-overlap]
        if mut_fn is creep_mutation:
           ^~~~~~~~~~~~~~~~~~~~~~~~
src\vamos\engine\algorithm\smsemoa\operators.py:211: error: Missing type
parameters for generic type "dict"  [type-arg]
        cross_params: dict,
                      ^
src\vamos\engine\algorithm\smsemoa\operators.py:212: error: Missing type
parameters for generic type "dict"  [type-arg]
        mut_params: dict,
                    ^
src\vamos\engine\algorithm\smsemoa\operators.py:221: error: Call to untyped
function "VariationWorkspace" in typed context  [no-untyped-call]
        workspace = VariationWorkspace()
                    ^~~~~~~~~~~~~~~~~~~~
src\vamos\engine\algorithm\smpso\helpers.py:106: error: Returning Any from
function declared to return "ndarray[tuple[Any, ...], dtype[Any]]" 
[no-any-return]
        return np.all(leq, axis=1) & np.any(lt, axis=1)
        ^~~~~~~~~~~~~~~~~~~~~~~~~~~~~~~~~~~~~~~~~~~~~~~
src\vamos\engine\algorithm\smpso\helpers.py:187: error: Incompatible return
value type (got "tuple[Any | None, Any | None]", expected
"tuple[ndarray[tuple[Any, ...], dtype[Any]], ndarray[tuple[Any, ...], dtype[Any]] | None]")
 [return-value]
            return eval_result.get("F"), eval_result.get("G")
                   ^~~~~~~~~~~~~~~~~~~~~~~~~~~~~~~~~~~~~~~~~~
src\vamos\engine\algorithm\nsgaiii\operators.py:53: error: Dict entry 0 has
incompatible type "str":
"Callable[[ndarray[tuple[Any, ...], dtype[Any]], float, Generator], None]";
expected "str": "Callable[..., ndarray[tuple[Any, ...], dtype[Any]]]" 
[dict-item]
        "bitflip": bit_flip_mutation,
        ^~~~~~~~~~~~~~~~~~~~~~~~~~~~
src\vamos\engine\algorithm\nsgaiii\operators.py:54: error: Dict entry 1 has
incompatible type "str":
"Callable[[ndarray[tuple[Any, ...], dtype[Any]], float, Generator], None]";
expected "str": "Callable[..., ndarray[tuple[Any, ...], dtype[Any]]]" 
[dict-item]
        "bit_flip": bit_flip_mutation,
        ^~~~~~~~~~~~~~~~~~~~~~~~~~~~~
src\vamos\engine\algorithm\nsgaiii\operators.py:64: error: Dict entry 0 has
incompatible type "str":
"Callable[[ndarray[tuple[Any, ...], dtype[Any]], float, ndarray[tuple[Any, ...], dtype[Any]], ndarray[tuple[Any, ...], dtype[Any]], Generator], None]";
expected "str": "Callable[..., ndarray[tuple[Any, ...], dtype[Any]]]" 
[dict-item]
        "reset": random_reset_mutation,
        ^~~~~~~~~~~~~~~~~~~~~~~~~~~~~~
src\vamos\engine\algorithm\nsgaiii\operators.py:65: error: Dict entry 1 has
incompatible type "str":
"Callable[[ndarray[tuple[Any, ...], dtype[Any]], float, ndarray[tuple[Any, ...], dtype[Any]], ndarray[tuple[Any, ...], dtype[Any]], Generator], None]";
expected "str": "Callable[..., ndarray[tuple[Any, ...], dtype[Any]]]" 
[dict-item]
        "random_reset": random_reset_mutation,
        ^~~~~~~~~~~~~~~~~~~~~~~~~~~~~~~~~~~~~
src\vamos\engine\algorithm\nsgaiii\operators.py:66: error: Dict entry 2 has
incompatible type "str":
"Callable[[ndarray[tuple[Any, ...], dtype[Any]], float, int, ndarray[tuple[Any, ...], dtype[Any]], ndarray[tuple[Any, ...], dtype[Any]], Generator], None]";
expected "str": "Callable[..., ndarray[tuple[Any, ...], dtype[Any]]]" 
[dict-item]
        "creep": creep_mutation,
        ^~~~~~~~~~~~~~~~~~~~~~~
src\vamos\engine\algorithm\nsgaiii\operators.py:76: error: Missing type
parameters for generic type "dict"  [type-arg]
        config: dict,
                ^
src\vamos\engine\algorithm\nsgaiii\operators.py:143: error: Missing type
parameters for generic type "dict"  [type-arg]
        cross_params: dict,
                      ^
src\vamos\engine\algorithm\nsgaiii\operators.py:145: error: Missing type
parameters for generic type "dict"  [type-arg]
        mut_params: dict,
                    ^
src\vamos\engine\algorithm\nsgaiii\operators.py:172: error: Missing type
parameters for generic type "dict"  [type-arg]
        cross_params: dict,
                      ^
src\vamos\engine\algorithm\nsgaiii\operators.py:174: error: Missing type
parameters for generic type "dict"  [type-arg]
        mut_params: dict,
                    ^
src\vamos\engine\algorithm\nsgaiii\operators.py:195: error: Non-overlapping
identity check (left operand type:
"Callable[..., ndarray[tuple[Any, ...], dtype[Any]]]", right operand type:
"Callable[[ndarray[tuple[Any, ...], dtype[Any]], float, int, ndarray[tuple[Any, ...], dtype[Any]], ndarray[tuple[Any, ...], dtype[Any]], Generator], None]")
 [comparison-overlap]
        if mut_fn is creep_mutation:
           ^~~~~~~~~~~~~~~~~~~~~~~~
src\vamos\engine\algorithm\nsgaiii\operators.py:211: error: Missing type
parameters for generic type "dict"  [type-arg]
        cross_params: dict,
                      ^
src\vamos\engine\algorithm\nsgaiii\operators.py:212: error: Missing type
parameters for generic type "dict"  [type-arg]
        mut_params: dict,
                    ^
src\vamos\engine\algorithm\nsgaiii\operators.py:221: error: Call to untyped
function "VariationWorkspace" in typed context  [no-untyped-call]
        workspace = VariationWorkspace()
                    ^~~~~~~~~~~~~~~~~~~~
src\vamos\engine\algorithm\moead\operators.py:67: error: Missing type
parameters for generic type "Callable"  [type-arg]
    ) -> tuple[Callable, Callable]:
               ^
src\vamos\engine\algorithm\moead\operators.py:115: error: Missing type
parameters for generic type "dict"  [type-arg]
        cross_params: dict,
                      ^
src\vamos\engine\algorithm\moead\operators.py:117: error: Missing type
parameters for generic type "dict"  [type-arg]
        mut_params: dict,
                    ^
src\vamos\engine\algorithm\moead\operators.py:120: error: Missing type
parameters for generic type "Callable"  [type-arg]
    ) -> tuple[Callable, Callable]:
               ^
src\vamos\engine\algorithm\moead\operators.py:132: error: Function is missing a
type annotation  [no-untyped-def]
        def crossover(parents, rng=rng):
        ^~~~~~~~~~~~~~~~~~~~~~~~~~~~~~~~
src\vamos\engine\algorithm\moead\operators.py:135: error: Function is missing a
type annotation  [no-untyped-def]
        def mutation(X_child, rng=rng):
        ^~~~~~~~~~~~~~~~~~~~~~~~~~~~~~~
src\vamos\engine\algorithm\moead\operators.py:143: error: Missing type
parameters for generic type "dict"  [type-arg]
        cross_params: dict,
                      ^
src\vamos\engine\algorithm\moead\operators.py:145: error: Missing type
parameters for generic type "dict"  [type-arg]
        mut_params: dict,
                    ^
src\vamos\engine\algorithm\moead\operators.py:150: error: Missing type
parameters for generic type "Callable"  [type-arg]
    ) -> tuple[Callable, Callable]:
               ^
src\vamos\engine\algorithm\moead\operators.py:163: error: Function is missing a
type annotation  [no-untyped-def]
        def crossover(parents, rng=rng):
        ^~~~~~~~~~~~~~~~~~~~~~~~~~~~~~~~
src\vamos\engine\algorithm\moead\operators.py:168: error: Function is missing a
type annotation  [no-untyped-def]
            def mutation(X_child, rng=rng):
            ^~~~~~~~~~~~~~~~~~~~~~~~~~~~~~~
src\vamos\engine\algorithm\moead\operators.py:169: error: Cannot call function
of unknown type  [operator]
                return mut_fn(X_child, mut_prob, step, xl, xu, rng) or X_c...
                       ^~~~~~~~~~~~~~~~~~~~~~~~~~~~~~~~~~~~~~~~~~~~
src\vamos\engine\algorithm\moead\operators.py:172: error: Function is missing a
type annotation  [no-untyped-def]
            def mutation(X_child, rng=rng):
            ^~~~~~~~~~~~~~~~~~~~~~~~~~~~~~~
src\vamos\engine\algorithm\moead\operators.py:173: error: Cannot call function
of unknown type  [operator]
                return mut_fn(X_child, mut_prob, xl, xu, rng) or X_child
                       ^~~~~~~~~~~~~~~~~~~~~~~~~~~~~~~~~~~~~~
src\vamos\engine\algorithm\moead\operators.py:179: error: Missing type
parameters for generic type "dict"  [type-arg]
        cross_params: dict,
                      ^
src\vamos\engine\algorithm\moead\operators.py:180: error: Missing type
parameters for generic type "dict"  [type-arg]
        mut_params: dict,
                    ^
src\vamos\engine\algorithm\moead\operators.py:185: error: Missing type
parameters for generic type "Callable"  [type-arg]
    ) -> tuple[Callable, Callable]:
               ^
src\vamos\engine\algorithm\moead\operators.py:189: error: Call to untyped
function "VariationWorkspace" in typed context  [no-untyped-call]
        workspace = VariationWorkspace()
                    ^~~~~~~~~~~~~~~~~~~~
src\vamos\engine\algorithm\moead\operators.py:210: error: Function is missing a
type annotation  [no-untyped-def]
        def crossover(parents, rng=rng):
        ^~~~~~~~~~~~~~~~~~~~~~~~~~~~~~~~
src\vamos\engine\algorithm\moead\operators.py:213: error: Function is missing a
type annotation  [no-untyped-def]
        def mutation(X_child, rng=rng):
        ^~~~~~~~~~~~~~~~~~~~~~~~~~~~~~~
src\vamos\experiment\runner_output.py:22: error: Function is missing a type
annotation for one or more arguments  [no-untyped-def]
    def print_run_banner(problem, problem_selection, algorithm_label: str,...
    ^~~~~~~~~~~~~~~~~~~~~~~~~~~~~~~~~~~~~~~~~~~~~~~~~~~~~~~~~~~~~~~~~~~~~~...
src\vamos\experiment\runner_output.py:55: error: Missing type parameters for
generic type "dict"  [type-arg]
    ) -> dict:
         ^
src\vamos\experiment\runner_output.py:71: error: Missing type parameters for
generic type "dict"  [type-arg]
    def print_run_results(metrics: dict) -> None:
                                   ^
src\vamos\experiment\runner_output.py:91: error: Function is missing a type
annotation for one or more arguments  [no-untyped-def]
    def persist_run_outputs(
    ^~~~~~~~~~~~~~~~~~~~~~~~
src\vamos\experiment\runner_output.py:98: error: Missing type parameters for
generic type "dict"  [type-arg]
        metrics: dict,
                 ^
src\vamos\experiment\runner_output.py:99: error: Missing type parameters for
generic type "dict"  [type-arg]
        payload: dict,
                 ^
src\vamos\experiment\runner_output.py:101: error: Missing type parameters for
generic type "dict"  [type-arg]
        hv_stop_config: dict | None,
                        ^
src\vamos\experiment\runner_output.py:106: error: Missing type parameters for
generic type "dict"  [type-arg]
        problem_override: dict | None,
                          ^
src\vamos\experiment\runner_output.py:107: error: Missing type parameters for
generic type "dict"  [type-arg]
        autodiff_info: dict | None,
                       ^
src\vamos\experiment\runner_output.py:111: error: Missing type parameters for
generic type "dict"  [type-arg]
        nsgaii_variation: dict | None = None,
                          ^
src\vamos\experiment\runner_output.py:112: error: Missing type parameters for
generic type "dict"  [type-arg]
        moead_variation: dict | None = None,
                         ^
src\vamos\experiment\runner_output.py:113: error: Missing type parameters for
generic type "dict"  [type-arg]
        smsemoa_variation: dict | None = None,
                           ^
src\vamos\experiment\runner_output.py:114: error: Missing type parameters for
generic type "dict"  [type-arg]
        nsgaiii_variation: dict | None = None,
                           ^
src\vamos\experiment\runner_output.py:116: error: Missing type parameters for
generic type "dict"  [type-arg]
    ) -> tuple[dict, dict, dict]:
               ^
src\vamos\experiment\runner_output.py:119: error: Argument 2 to
"write_population" has incompatible type "Any | None"; expected
"ndarray[tuple[Any, ...], dtype[Any]]"  [arg-type]
            payload.get("F"),
            ^~~~~~~~~~~~~~~~
src\vamos\foundation\kernel\registry.py:19: error: Function is missing a return
type annotation  [no-untyped-def]
    def _load_numba():
    ^~~~~~~~~~~~~~~~~~
src\vamos\foundation\kernel\registry.py:29: error: Function is missing a return
type annotation  [no-untyped-def]
    def _load_moocore():
    ^~~~~~~~~~~~~~~~~~~~
src\vamos\foundation\kernel\numba_backend.py:15: error: Untyped decorator makes
function "_fast_non_dominated_sort_ranks" untyped  [untyped-decorator]
    @njit(cache=True)
     ^~~~~~~~~~~~~~~~
src\vamos\foundation\kernel\numba_backend.py:75: error: Untyped decorator makes
function "_compute_crowding_numba" untyped  [untyped-decorator]
    @njit(cache=True)
     ^~~~~~~~~~~~~~~~
src\vamos\foundation\kernel\numba_backend.py:127: error: Untyped decorator
makes function "_select_nsga2_indices" untyped  [untyped-decorator]
    @njit(cache=True)
     ^~~~~~~~~~~~~~~~
src\vamos\foundation\kernel\numba_backend.py:178: error: Function is missing a
return type annotation  [no-untyped-def]
        def __init__(self):
        ^~~~~~~~~~~~~~~~~~~
src\vamos\foundation\kernel\numba_backend.py:178: note: Use "-> None" if function does not return a value
src\vamos\foundation\kernel\numba_backend.py:179: error: Call to untyped
function "NumPyKernel" in typed context  [no-untyped-call]
            self._numpy_ops = _NumPyKernel()
                              ^~~~~~~~~~~~~~
src\vamos\foundation\kernel\numba_backend.py:205: error: Missing type
parameters for generic type "dict"  [type-arg]
            params: dict,
                    ^
src\vamos\foundation\kernel\numba_backend.py:215: error: Missing type
parameters for generic type "dict"  [type-arg]
            params: dict,
                    ^
src\vamos\engine\algorithm\components\archive.py:6: error: Unused
"type: ignore" comment  [unused-ignore]
        import moocore as _moocore  # type: ignore
        ^~~~~~~~~~~~~~~~~~~~~~~~~~~~~~~~~~~~~~~~~
src\vamos\engine\algorithm\components\archive.py:18: error: Returning Any from
function declared to return "ndarray[tuple[Any, ...], dtype[Any]]" 
[no-any-return]
        return _compute_crowding(F, fronts)
        ^~~~~~~~~~~~~~~~~~~~~~~~~~~~~~~~~~~
src\vamos\engine\algorithm\components\archive.py:40: error: Function is missing
a type annotation for one or more arguments  [no-untyped-def]
        def __init__(self, capacity: int, n_var: int, n_obj: int, dtype):
        ^~~~~~~~~~~~~~~~~~~~~~~~~~~~~~~~~~~~~~~~~~~~~~~~~~~~~~~~~~~~~~~~~
src\vamos\engine\algorithm\components\archive.py:99: error: Incompatible return
value type (got "numpy.bool[builtins.bool] | builtins.bool", expected
"builtins.bool")  [return-value]
            return self._dominates(existing, f).any() if existing.shape[0]...
                   ^~~~~~~~~~~~~~~~~~~~~~~~~~~~~~~~~~~~~~~~~~~~~~~~~~~~~~~...
src\vamos\engine\algorithm\components\archive.py:107: error: Returning Any from
function declared to return "ndarray[tuple[Any, ...], dtype[Any]]" 
[no-any-return]
            return np.all(less_equal, axis=1) & np.any(strictly_less, axis...
            ^~~~~~~~~~~~~~~~~~~~~~~~~~~~~~~~~~~~~~~~~~~~~~~~~~~~~~~~~~~~~~~~~
src\vamos\engine\algorithm\components\archive.py:171: error: Function is
missing a type annotation for one or more arguments  [no-untyped-def]
        def __init__(self, capacity: int, n_var: int, n_obj: int, dtype, r...
        ^~~~~~~~~~~~~~~~~~~~~~~~~~~~~~~~~~~~~~~~~~~~~~~~~~~~~~~~~~~~~~~~~~...
src\vamos\engine\algorithm\components\lifecycle.py:12: error: Module
"vamos.foundation.eval.backends" does not explicitly export attribute
"EvaluationBackend"  [attr-defined]
    from vamos.foundation.eval.backends import EvaluationBackend, SerialEv...
    ^~~~~~~~~~~~~~~~~~~~~~~~~~~~~~~~~~~~~~~~~~~~~~~~~~~~~~~~~~~~~~~~~~~~~~...
src\vamos\engine\algorithm\nsgaii\initialization.py:21: error: Module
"vamos.foundation.eval.backends" does not explicitly export attribute
"EvaluationBackend"  [attr-defined]
    from vamos.foundation.eval.backends import EvaluationBackend
    ^~~~~~~~~~~~~~~~~~~~~~~~~~~~~~~~~~~~~~~~~~~~~~~~~~~~~~~~~~~~
src\vamos\foundation\problem\resolver.py:52: error: Function is missing a type
annotation for one or more arguments  [no-untyped-def]
    def resolve_problem_selection(args) -> Iterable[ProblemSelection]:
    ^~~~~~~~~~~~~~~~~~~~~~~~~~~~~~~~~~~~~~~~~~~~~~~~~~~~~~~~~~~~~~~~~~
src\vamos\foundation\problem\resolver.py:69: error: Function is missing a type
annotation for one or more arguments  [no-untyped-def]
    def resolve_problem_selections(args) -> Iterable[ProblemSelection]:
    ^~~~~~~~~~~~~~~~~~~~~~~~~~~~~~~~~~~~~~~~~~~~~~~~~~~~~~~~~~~~~~~~~~~
src\vamos\foundation\problem\resolver.py:76: error: Need type annotation for
"all_names" (hint: "all_names: list[<type>] = ...")  [var-annotated]
                all_names = []
                ^~~~~~~~~
src\vamos\experiment\external\pymoo.py:13: error: Function is missing a return
type annotation  [no-untyped-def]
    def _run_pymoo_nsga2(
    ^~~~~~~~~~~~~~~~~~~~~
src\vamos\experiment\external\pymoo.py:13: error: Function is missing a type
annotation for one or more arguments  [no-untyped-def]
    def _run_pymoo_nsga2(
    ^~~~~~~~~~~~~~~~~~~~~
src\vamos\experiment\external\pymoo.py:41: error: Class cannot subclass
"PymooProblem" (has type "Any")  [misc]
            class _VamosPymooProblem(PymooProblem):
                                     ^~~~~~~~~~~~
src\vamos\experiment\external\pymoo.py:42: error: Function is missing a type
annotation  [no-untyped-def]
                def __init__(self, base_problem):
                ^~~~~~~~~~~~~~~~~~~~~~~~~~~~~~~~~
src\vamos\experiment\external\pymoo.py:51: error: Function is missing a type
annotation  [no-untyped-def]
                def _evaluate(self, X, out, *args, **kwargs):
                ^~~~~~~~~~~~~~~~~~~~~~~~~~~~~~~~~~~~~~~~~~~~~
src\vamos\experiment\external\pymoo.py:56: error: Call to untyped function
"_VamosPymooProblem" in typed context  [no-untyped-call]
            pymoo_problem = _VamosPymooProblem(problem)
                            ^~~~~~~~~~~~~~~~~~~~~~~~~~~
src\vamos\experiment\external\pymoo.py:85: error: Function is missing a return
type annotation  [no-untyped-def]
    def _run_pymoo_perm_nsga2(
    ^~~~~~~~~~~~~~~~~~~~~~~~~~
src\vamos\experiment\external\pymoo.py:85: error: Function is missing a type
annotation for one or more arguments  [no-untyped-def]
    def _run_pymoo_perm_nsga2(
    ^~~~~~~~~~~~~~~~~~~~~~~~~~
src\vamos\experiment\external\pymoo.py:108: error: Class cannot subclass
"PymooProblem" (has type "Any")  [misc]
        class _VamosPymooPermutationProblem(PymooProblem):
                                            ^~~~~~~~~~~~
src\vamos\experiment\external\pymoo.py:109: error: Function is missing a type
annotation  [no-untyped-def]
            def __init__(self, base_problem):
            ^~~~~~~~~~~~~~~~~~~~~~~~~~~~~~~~~
src\vamos\experiment\external\pymoo.py:119: error: Function is missing a type
annotation  [no-untyped-def]
            def _evaluate(self, X, out, *args, **kwargs):
            ^~~~~~~~~~~~~~~~~~~~~~~~~~~~~~~~~~~~~~~~~~~~~
src\vamos\experiment\external\pymoo.py:125: error: Call to untyped function
"_VamosPymooPermutationProblem" in typed context  [no-untyped-call]
        pymoo_problem = _VamosPymooPermutationProblem(problem)
                        ^~~~~~~~~~~~~~~~~~~~~~~~~~~~~~~~~~~~~~
src\vamos\experiment\external\pymoo.py:128: error: Function is missing a return
type annotation  [no-untyped-def]
        def _make_pymoo_perm_crossover(probability: float):
        ^~~~~~~~~~~~~~~~~~~~~~~~~~~~~~~~~~~~~~~~~~~~~~~~~~~
src\vamos\experiment\external\pymoo.py:130: error: Unused "type: ignore"
comment  [unused-ignore]
                from pymoo.operators.crossover.pmx import PMX  # type: ign...
                ^~~~~~~~~~~~~~~~~~~~~~~~~~~~~~~~~~~~~~~~~~~~~~~~~~~~~~~~~~~~
src\vamos\experiment\external\pymoo.py:141: error: Class cannot subclass
"OrderCrossover" (has type "Any")  [misc]
                class _OrderCrossoverWrapper(OrderCrossover):
                                             ^~~~~~~~~~~~~~
src\vamos\experiment\external\pymoo.py:142: error: Function is missing a type
annotation  [no-untyped-def]
                    def __init__(self, prob):
                    ^~~~~~~~~~~~~~~~~~~~~~~~~
src\vamos\experiment\external\pymoo.py:145: error: Call to untyped function
"_OrderCrossoverWrapper" in typed context  [no-untyped-call]
                return _OrderCrossoverWrapper(probability)
                       ^~~~~~~~~~~~~~~~~~~~~~~~~~~~~~~~~~~
src\vamos\experiment\external\pygmo.py:13: error: Function is missing a return
type annotation  [no-untyped-def]
    def _run_pygmo_nsga2(
    ^~~~~~~~~~~~~~~~~~~~~
src\vamos\experiment\external\pygmo.py:13: error: Function is missing a type
annotation for one or more arguments  [no-untyped-def]
    def _run_pygmo_nsga2(
    ^~~~~~~~~~~~~~~~~~~~~
src\vamos\experiment\external\pygmo.py:46: error: Function is missing a type
annotation  [no-untyped-def]
                def __init__(self, base_problem):
                ^~~~~~~~~~~~~~~~~~~~~~~~~~~~~~~~~
src\vamos\experiment\external\pygmo.py:51: error: Function is missing a type
annotation  [no-untyped-def]
                def fitness(self, x):
                ^~~~~~~~~~~~~~~~~~~~~
src\vamos\experiment\external\pygmo.py:57: error: Function is missing a return
type annotation  [no-untyped-def]
                def get_bounds(self):
                ^~~~~~~~~~~~~~~~~~~~~
src\vamos\experiment\external\pygmo.py:60: error: Function is missing a return
type annotation  [no-untyped-def]
                def get_nobj(self):
                ^~~~~~~~~~~~~~~~~~~
src\vamos\experiment\external\pygmo.py:63: error: Function is missing a return
type annotation  [no-untyped-def]
                def get_name(self):
                ^~~~~~~~~~~~~~~~~~~
src\vamos\experiment\external\pygmo.py:66: error: Call to untyped function
"_VamosPyGMOProblem" in typed context  [no-untyped-call]
            base_problem = _VamosPyGMOProblem(problem)
                           ^~~~~~~~~~~~~~~~~~~~~~~~~~~
src\vamos\ux\visualization\live_viz.py:54: error: Function is missing a return
type annotation  [no-untyped-def]
    def _safe_matplotlib(interactive_backend: str | None = None):
    ^~~~~~~~~~~~~~~~~~~~~~~~~~~~~~~~~~~~~~~~~~~~~~~~~~~~~~~~~~~~~
src\vamos\ux\visualization\__init__.py:11: error: Function is missing a return
type annotation  [no-untyped-def]
    def _require_matplotlib():
    ^~~~~~~~~~~~~~~~~~~~~~~~~~
src\vamos\ux\visualization\__init__.py:13: error: Unused "type: ignore" comment
 [unused-ignore]
            import matplotlib.pyplot as plt  # type: ignore
            ^~~~~~~~~~~~~~~~~~~~~~~~~~~~~~~~~~~~~~~~~~~~~~
src\vamos\ux\visualization\__init__.py:22: error: Function is missing a return
type annotation  [no-untyped-def]
    def _get_ax(ax, projection: str | None = None):
    ^~~~~~~~~~~~~~~~~~~~~~~~~~~~~~~~~~~~~~~~~~~~~~~
src\vamos\ux\visualization\__init__.py:22: error: Function is missing a type
annotation for one or more arguments  [no-untyped-def]
    def _get_ax(ax, projection: str | None = None):
    ^~~~~~~~~~~~~~~~~~~~~~~~~~~~~~~~~~~~~~~~~~~~~~~
src\vamos\ux\visualization\__init__.py:23: error: Call to untyped function
"_require_matplotlib" in typed context  [no-untyped-call]
        plt = _require_matplotlib()
              ^~~~~~~~~~~~~~~~~~~~~
src\vamos\ux\visualization\__init__.py:39: error: Call to untyped function
"_require_matplotlib" in typed context  [no-untyped-call]
        plt = _require_matplotlib()
              ^~~~~~~~~~~~~~~~~~~~~
src\vamos\ux\visualization\__init__.py:64: error: Call to untyped function
"_require_matplotlib" in typed context  [no-untyped-call]
        plt = _require_matplotlib()
              ^~~~~~~~~~~~~~~~~~~~~
src\vamos\ux\visualization\__init__.py:69: error: "scatter" of "Axes" gets
multiple values for keyword argument "s"  [misc]
        ax.scatter(F[:, 0], F[:, 1], F[:, 2], s=20, alpha=0.7)
        ^~~~~~~~~~~~~~~~~~~~~~~~~~~~~~~~~~~~~~~~~~~~~~~~~~~~~~
src\vamos\ux\visualization\__init__.py:73: error: Item "Axes" of "Axes | Any"
has no attribute "set_zlabel"  [union-attr]
            ax.set_zlabel(labels[2])
            ^~~~~~~~~~~~~
src\vamos\ux\visualization\__init__.py:78: error: Item "Axes" of "Axes | Any"
has no attribute "invert_zaxis"  [union-attr]
        ax.invert_zaxis()
        ^~~~~~~~~~~~~~~
src\vamos\ux\visualization\__init__.py:91: error: Call to untyped function
"_require_matplotlib" in typed context  [no-untyped-call]
        plt = _require_matplotlib()
              ^~~~~~~~~~~~~~~~~~~~~
src\vamos\ux\visualization\__init__.py:123: error: Call to untyped function
"_require_matplotlib" in typed context  [no-untyped-call]
        plt = _require_matplotlib()
              ^~~~~~~~~~~~~~~~~~~~~
src\vamos\ux\analysis\tuning_viz.py:11: error: Library stubs not installed for
"pandas"  [import-untyped]
    import pandas as pd
    ^
src\vamos\ux\analysis\tuning_viz.py:52: error: Function is missing a return
type annotation  [no-untyped-def]
    def plot_tuning_scatter(df: pd.DataFrame, x_param: str, y_param: str, ...
    ^~~~~~~~~~~~~~~~~~~~~~~~~~~~~~~~~~~~~~~~~~~~~~~~~~~~~~~~~~~~~~~~~~~~~~...
src\vamos\ux\analysis\tuning_viz.py:64: error: Function is missing a return
type annotation  [no-untyped-def]
    def plot_objective_tradeoff(df: pd.DataFrame, obj_x: str = "obj_0", ob...
    ^~~~~~~~~~~~~~~~~~~~~~~~~~~~~~~~~~~~~~~~~~~~~~~~~~~~~~~~~~~~~~~~~~~~~~...
src\vamos\ux\analysis\tuning_viz.py:74: error: Function is missing a return
type annotation  [no-untyped-def]
    def plot_reduced_front(F: np.ndarray, labels: Sequence[str] | None = N...
    ^~~~~~~~~~~~~~~~~~~~~~~~~~~~~~~~~~~~~~~~~~~~~~~~~~~~~~~~~~~~~~~~~~~~~~...
src\vamos\ux\analysis\stats.py:7: error: Library stubs not installed for
"scipy"  [import-untyped]
    from scipy import stats as spstats
    ^
src\vamos\ux\analysis\stats.py:13: error: Function is missing a return type
annotation  [no-untyped-def]
    def _require_matplotlib():
    ^~~~~~~~~~~~~~~~~~~~~~~~~~
src\vamos\ux\analysis\stats.py:15: error: Unused "type: ignore" comment 
[unused-ignore]
            import matplotlib.pyplot as plt  # type: ignore
            ^~~~~~~~~~~~~~~~~~~~~~~~~~~~~~~~~~~~~~~~~~~~~~
src\vamos\ux\analysis\stats.py:111: error: Call to untyped function
"_require_matplotlib" in typed context  [no-untyped-call]
        plt = _require_matplotlib()
              ^~~~~~~~~~~~~~~~~~~~~
src\vamos\engine\algorithm\smsemoa\state.py:103: error: Item "None" of
"ndarray[tuple[Any, ...], dtype[Any]] | None" has no attribute "copy" 
[union-attr]
            result["archive_F"] = state.archive_F.copy()
                                  ^~~~~~~~~~~~~~~~~~~~
src\vamos\engine\algorithm\nsgaiii\state.py:98: error: Item "None" of
"ndarray[tuple[Any, ...], dtype[Any]] | None" has no attribute "copy" 
[union-attr]
            result["archive_F"] = state.archive_F.copy()
                                  ^~~~~~~~~~~~~~~~~~~~
src\vamos\engine\algorithm\moead\state.py:57: error: Missing type parameters
for generic type "Callable"  [type-arg]
        aggregator: Callable | None = None
                    ^
src\vamos\engine\algorithm\moead\state.py:63: error: Missing type parameters
for generic type "Callable"  [type-arg]
        crossover_fn: Callable | None = None
                      ^
src\vamos\engine\algorithm\moead\state.py:64: error: Missing type parameters
for generic type "Callable"  [type-arg]
        mutation_fn: Callable | None = None
                     ^
src\vamos\engine\algorithm\ibea\state.py:98: error: Item "None" of
"ndarray[tuple[Any, ...], dtype[Any]] | None" has no attribute "copy" 
[union-attr]
            result["archive_F"] = state.archive_F.copy()
                                  ^~~~~~~~~~~~~~~~~~~~
src\vamos\engine\algorithm\components\hooks.py:182: error: Missing type
parameters for generic type "dict"  [type-arg]
        result: dict,
                ^
src\vamos\engine\algorithm\components\archives.py:64: error: Incompatible types
in assignment (expression has type "CrowdingDistanceArchive", variable has type
"HypervolumeArchive")  [assignment]
            archive_manager = CrowdingDistanceArchive(archive_size, n_var,...
                              ^~~~~~~~~~~~~~~~~~~~~~~~~~~~~~~~~~~~~~~~~~~~...
src\vamos\engine\algorithm\smpso\operators.py:27: error: Missing type
parameters for generic type "dict"  [type-arg]
        config: dict,
                ^
src\vamos\engine\algorithm\smpso\operators.py:67: error: Call to untyped
function "VariationWorkspace" in typed context  [no-untyped-call]
        workspace = VariationWorkspace()
                    ^~~~~~~~~~~~~~~~~~~~
src\vamos\engine\algorithm\smpso\operators.py:78: error: Missing type
parameters for generic type "dict"  [type-arg]
    def build_repair_operator(config: dict) -> Any | None:
                                      ^
src\vamos\engine\algorithm\nsgaii\operators.py:308: error: Incompatible types
in assignment (expression has type "UCBPolicy", variable has type
"EpsGreedyPolicy")  [assignment]
            policy = UCBPolicy(len(operator_pool), c=c, min_usage=min_usag...
                     ^~~~~~~~~~~~~~~~~~~~~~~~~~~~~~~~~~~~~~~~~~~~~~~~~~~~~~~
src\vamos\engine\algorithm\nsgaii\operators.py:312: error: Incompatible types
in assignment (expression has type "EXP3Policy", variable has type
"EpsGreedyPolicy")  [assignment]
            policy = EXP3Policy(len(operator_pool), gamma=gamma, rng_seed=...
                     ^~~~~~~~~~~~~~~~~~~~~~~~~~~~~~~~~~~~~~~~~~~~~~~~~~~~~...
src\vamos\engine\algorithm\ibea\operators.py:59: error: Call to untyped
function "VariationWorkspace" in typed context  [no-untyped-call]
        variation_workspace = VariationWorkspace()
                              ^~~~~~~~~~~~~~~~~~~~
src\vamos\foundation\core\hv_stop.py:16: error: Function is missing a return
type annotation  [no-untyped-def]
    def build_hv_stop_config(hv_threshold: float | None, hv_reference_fron...
    ^~~~~~~~~~~~~~~~~~~~~~~~~~~~~~~~~~~~~~~~~~~~~~~~~~~~~~~~~~~~~~~~~~~~~~...
src\vamos\foundation\core\hv_stop.py:73: error: Returning Any from function
declared to return "ndarray[tuple[Any, ...], dtype[Any]]"  [no-any-return]
        return max_vals + margin
        ^~~~~~~~~~~~~~~~~~~~~~~~
src\vamos\experiment\runner_utils.py:12: error: Module
"vamos.foundation.problem.resolver" does not explicitly export attribute
"ProblemSelection"  [attr-defined]
    from vamos.foundation.problem.resolver import ProblemSelection
    ^~~~~~~~~~~~~~~~~~~~~~~~~~~~~~~~~~~~~~~~~~~~~~~~~~~~~~~~~~~~~~
src\vamos\experiment\cli\validation.py:23: error: Call to untyped function
"_normalize_operator_args" in typed context  [no-untyped-call]
        _normalize_operator_args(parser, args)
        ^~~~~~~~~~~~~~~~~~~~~~~~~~~~~~~~~~~~~~
src\vamos\experiment\quick\plot.py:28: error: Argument "labels" to
"plot_pareto_front_2d" has incompatible type
"tuple[str, str] | tuple[str, str, str] | None"; expected
"tuple[str, str] | None"  [arg-type]
                labels=labels,
                       ^~~~~~
src\vamos\experiment\quick\plot.py:35: error: Argument "labels" to
"plot_pareto_front_3d" has incompatible type
"tuple[str, str] | tuple[str, str, str] | None"; expected
"tuple[str, str, str] | None"  [arg-type]
                labels=labels,
                       ^~~~~~
src\vamos\experiment\benchmark\report_plots.py:16: error: Incompatible types in
assignment (expression has type "None", variable has type Module)  [assignment]
        matplotlib = None
                     ^~~~
src\vamos\experiment\benchmark\report_plots.py:17: error: Incompatible types in
assignment (expression has type "None", variable has type Module)  [assignment]
        plt = None
              ^~~~
src\vamos\experiment\benchmark\report_plots.py:22: error: Function is missing a
type annotation for one or more arguments  [no-untyped-def]
    def generate_plots(
    ^~~~~~~~~~~~~~~~~~~
src\vamos\experiment\benchmark\report_plots.py:23: error: Missing type
parameters for generic type "dict"  [type-arg]
        tidy, stats: Dict[str, dict], metrics: List[str], alpha: float, su...
                               ^
src\vamos\engine\algorithm\smsemoa\helpers.py:19: error: Cannot find
implementation or library stub for module named
"vamos.foundation.kernel.protocols"  [import-not-found]
        from vamos.foundation.kernel.protocols import KernelBackend
    ^
src\vamos\engine\algorithm\smsemoa\helpers.py:33: error: Missing type
parameters for generic type "dict"  [type-arg]
        ref_cfg: dict,
                 ^
src\vamos\engine\algorithm\smsemoa\helpers.py:88: error: Returning Any from
function declared to return "ndarray[tuple[Any, ...], dtype[Any]]" 
[no-any-return]
        return np.maximum(ref_point, F_new.max(axis=0) + ref_offset)
        ^~~~~~~~~~~~~~~~~~~~~~~~~~~~~~~~~~~~~~~~~~~~~~~~~~~~~~~~~~~~
src\vamos\engine\algorithm\moead\helpers.py:44: error: Returning Any from
function declared to return "ndarray[tuple[Any, ...], dtype[Any]]" 
[no-any-return]
        return np.max(weights * diff, axis=-1)
        ^~~~~~~~~~~~~~~~~~~~~~~~~~~~~~~~~~~~~~
src\vamos\engine\algorithm\moead\helpers.py:65: error: Returning Any from
function declared to return "ndarray[tuple[Any, ...], dtype[Any]]" 
[no-any-return]
        return np.sum(weights * shifted, axis=-1)
        ^~~~~~~~~~~~~~~~~~~~~~~~~~~~~~~~~~~~~~~~~
src\vamos\engine\algorithm\moead\helpers.py:94: error: Returning Any from
function declared to return "ndarray[tuple[Any, ...], dtype[Any]]" 
[no-any-return]
        return d1 + theta * d2
        ^~~~~~~~~~~~~~~~~~~~~~
src\vamos\engine\algorithm\moead\helpers.py:118: error: Returning Any from
function declared to return "ndarray[tuple[Any, ...], dtype[Any]]" 
[no-any-return]
        return np.max(weighted, axis=-1) + rho * np.sum(weighted, axis=-1)
        ^~~~~~~~~~~~~~~~~~~~~~~~~~~~~~~~~~~~~~~~~~~~~~~~~~~~~~~~~~~~~~~~~~
src\vamos\engine\algorithm\moead\helpers.py:121: error: Missing type parameters
for generic type "dict"  [type-arg]
    def build_aggregator(name: str, params: dict) -> Callable:
                                            ^
src\vamos\engine\algorithm\moead\helpers.py:121: error: Missing type parameters
for generic type "Callable"  [type-arg]
    def build_aggregator(name: str, params: dict) -> Callable:
                                                     ^
src\vamos\engine\algorithm\moead\helpers.py:219: error: "None" not callable 
[misc]
        current_vals = st.aggregator(st.F[neighbor_idx], local_weights, st...
                       ^~~~~~~~~~~~~~~~~~~~~~~~~~~~~~~~~~~~~~~~~~~~~~~~~~~...
src\vamos\engine\algorithm\moead\helpers.py:220: error: "None" not callable 
[misc]
        child_vals = st.aggregator(child_f.reshape(1, -1), local_weights, ...
                     ^~~~~~~~~~~~~~~~~~~~~~~~~~~~~~~~~~~~~~~~~~~~~~~~~~~~~...
src\vamos\engine\algorithm\spea2\initialization.py:33: error: Module
"vamos.foundation.eval.backends" does not explicitly export attribute
"EvaluationBackend"  [attr-defined]
        from vamos.foundation.eval.backends import EvaluationBackend
        ^~~~~~~~~~~~~~~~~~~~~~~~~~~~~~~~~~~~~~~~~~~~~~~~~~~~~~~~~~~~
src\vamos\engine\algorithm\nsgaiii\initialization.py:31: error: Module
"vamos.foundation.eval.backends" does not explicitly export attribute
"EvaluationBackend"  [attr-defined]
        from vamos.foundation.eval.backends import EvaluationBackend
        ^~~~~~~~~~~~~~~~~~~~~~~~~~~~~~~~~~~~~~~~~~~~~~~~~~~~~~~~~~~~
src\vamos\engine\algorithm\nsgaiii\initialization.py:32: error: Cannot find
implementation or library stub for module named
"vamos.foundation.kernel.protocols"  [import-not-found]
        from vamos.foundation.kernel.protocols import KernelBackend
    ^
src\vamos\engine\algorithm\nsgaiii\initialization.py:32: note: See https://mypy.readthedocs.io/en/stable/running_mypy.html#missing-imports
src\vamos\engine\algorithm\nsgaiii\initialization.py:44: error: Missing type
parameters for generic type "dict"  [type-arg]
        config: dict,
                ^
src\vamos\engine\algorithm\nsgaiii\initialization.py:76: error: Argument 2 to
"parse_termination" has incompatible type "dict[Any, Any]"; expected "str" 
[arg-type]
        max_eval, hv_config = parse_termination(termination, config)
                                                             ^~~~~~
src\vamos\engine\algorithm\nsgaiii\initialization.py:84: error: Argument 2 to
"setup_hv_tracker" has incompatible type "int"; expected "KernelBackend | None" 
[arg-type]
            hv_tracker = setup_hv_tracker(hv_config, problem.n_obj)
                                                     ^~~~~~~~~~~~~
src\vamos\engine\algorithm\nsgaiii\initialization.py:127: error: Incompatible
types in assignment (expression has type
"CrowdingDistanceArchive | HypervolumeArchive | None", variable has type
"ndarray[tuple[Any, ...], dtype[Any]] | None")  [assignment]
            archive_manager, archive_X, archive_F = setup_archive(
                                                    ^
src\vamos\engine\algorithm\nsgaiii\initialization.py:158: error: Argument
"archive_manager" to "NSGAIIIState" has incompatible type
"ndarray[tuple[Any, ...], dtype[Any]] | None"; expected
"CrowdingDistanceArchive | HypervolumeArchive | None"  [arg-type]
            archive_manager=archive_manager,
                            ^~~~~~~~~~~~~~~
src\vamos\engine\algorithm\smpso\initialization.py:32: error: Module
"vamos.foundation.eval.backends" does not explicitly export attribute
"EvaluationBackend"  [attr-defined]
        from vamos.foundation.eval.backends import EvaluationBackend
        ^~~~~~~~~~~~~~~~~~~~~~~~~~~~~~~~~~~~~~~~~~~~~~~~~~~~~~~~~~~~
src\vamos\engine\algorithm\smpso\initialization.py:33: error: Cannot find
implementation or library stub for module named
"vamos.foundation.kernel.protocols"  [import-not-found]
        from vamos.foundation.kernel.protocols import KernelBackend
    ^
src\vamos\engine\algorithm\smpso\initialization.py:44: error: Missing type
parameters for generic type "dict"  [type-arg]
        config: dict,
                ^
src\vamos\engine\algorithm\nsgaii\nsgaii.py:46: error: Module
"vamos.foundation.eval.backends" does not explicitly export attribute
"EvaluationBackend"  [attr-defined]
    from vamos.foundation.eval.backends import SerialEvalBackend, Evaluati...
    ^~~~~~~~~~~~~~~~~~~~~~~~~~~~~~~~~~~~~~~~~~~~~~~~~~~~~~~~~~~~~~~~~~~~~~...
src\vamos\engine\algorithm\nsgaii\nsgaii.py:166: error: Call to untyped
function "VariationWorkspace" in typed context  [no-untyped-call]
            variation_workspace = VariationWorkspace()
                                  ^~~~~~~~~~~~~~~~~~~~
src\vamos\engine\algorithm\nsgaii\nsgaii.py:292: error: Need more than 2 values
to unpack (3 expected)  [misc]
                    new_X, new_F, selected_idx = self.kernel.nsga2_surviva...
                                                 ^~~~~~~~~~~~~~~~~~~~~~~~~...
src\vamos\engine\algorithm\nsgaii\nsgaii.py:294: error: Too many values to
unpack (2 expected, 3 provided)  [misc]
                    new_X, new_F = self.kernel.nsga2_survival(st.X, st.F, ...
                                   ^~~~~~~~~~~~~~~~~~~~~~~~~~~~~~~~~~~~~~~...
src\vamos\engine\algorithm\nsgaii\nsgaii.py:320: error: Item "None" of
"AOSController | None" has no attribute "observe_survivors"  [union-attr]
                st.aos_controller.observe_survivors(st.aos_last_op_id, n_s...
                ^~~~~~~~~~~~~~~~~~~~~~~~~~~~~~~~~~~
src\vamos\engine\algorithm\nsgaii\nsgaii.py:321: error: Item "None" of
"AOSController | None" has no attribute "observe_nd_insertions"  [union-attr]
                st.aos_controller.observe_nd_insertions(st.aos_last_op_id,...
                ^~~~~~~~~~~~~~~~~~~~~~~~~~~~~~~~~~~~~~~
src\vamos\engine\algorithm\nsgaii\nsgaii.py:322: error: Item "None" of
"AOSController | None" has no attribute "finalize_generation"  [union-attr]
                trace_rows = st.aos_controller.finalize_generation(st.aos_...
                             ^~~~~~~~~~~~~~~~~~~~~~~~~~~~~~~~~~~~~
src\vamos\engine\algorithm\nsgaii\nsgaii.py:340: error: Item "None" of
"HVTracker | None" has no attribute "enabled"  [union-attr]
            hv_reached = st.hv_tracker.enabled and st.hv_tracker.reached(s...
                         ^~~~~~~~~~~~~~~~~~~~~
src\vamos\engine\algorithm\nsgaii\nsgaii.py:340: error: Item "None" of
"HVTracker | None" has no attribute "reached"  [union-attr]
            hv_reached = st.hv_tracker.enabled and st.hv_tracker.reached(s...
                                                   ^~~~~~~~~~~~~~~~~~~~~
src\vamos\engine\algorithm\nsgaii\nsgaii.py:353: error: Returning Any from
function declared to return "float | None"  [no-any-return]
                return st.indicator_eval.compute(st.hv_points_fn())
                ^~~~~~~~~~~~~~~~~~~~~~~~~~~~~~~~~~~~~~~~~~~~~~~~~~~
src\vamos\engine\algorithm\nsgaii\nsgaii.py:364: error: Returning Any from
function declared to return "ndarray[tuple[Any, ...], dtype[Any]] | None" 
[no-any-return]
            return np.concatenate([current_ids, pending_ids])
            ^~~~~~~~~~~~~~~~~~~~~~~~~~~~~~~~~~~~~~~~~~~~~~~~~
src\vamos\engine\algorithm\nsgaii\nsgaii.py:371: error: Item "None" of
"Any | None" has no attribute "compute"  [union-attr]
                hv_after = st.indicator_eval.compute(st.hv_points_fn())
                           ^~~~~~~~~~~~~~~~~~~~~~~~~
src\vamos\engine\algorithm\nsgaii\nsgaii.py:372: error: Item "None" of
"Any | None" has no attribute "mode"  [union-attr]
    ...    reward = compute_reward(hv_before, hv_after, st.indicator_eval.mod...
                                                        ^~~~~~~~~~~~~~~~~~~~~~
src\vamos\engine\algorithm\ibea\initialization.py:32: error: Module
"vamos.foundation.eval.backends" does not explicitly export attribute
"EvaluationBackend"  [attr-defined]
        from vamos.foundation.eval.backends import EvaluationBackend
        ^~~~~~~~~~~~~~~~~~~~~~~~~~~~~~~~~~~~~~~~~~~~~~~~~~~~~~~~~~~~
src\vamos\engine\algorithm\ibea\initialization.py:71: error: Argument 2 to
"parse_termination" has incompatible type "dict[str, Any]"; expected "str" 
[arg-type]
        max_eval, hv_config = parse_termination(termination, cfg)
                                                             ^~~
src\vamos\engine\algorithm\ibea\initialization.py:79: error: Argument 2 to
"setup_hv_tracker" has incompatible type "int"; expected "KernelBackend | None" 
[arg-type]
            hv_tracker = setup_hv_tracker(hv_config, problem.n_obj)
                                                     ^~~~~~~~~~~~~
src\vamos\engine\algorithm\ibea\initialization.py:125: error: Incompatible
types in assignment (expression has type
"CrowdingDistanceArchive | HypervolumeArchive | None", variable has type
"ndarray[tuple[Any, ...], dtype[Any]] | None")  [assignment]
            archive_manager, archive_X, archive_F = setup_archive(
                                                    ^
src\vamos\engine\algorithm\ibea\initialization.py:162: error: Argument
"archive_manager" to "IBEAState" has incompatible type
"ndarray[tuple[Any, ...], dtype[Any]] | None"; expected
"CrowdingDistanceArchive | HypervolumeArchive | None"  [arg-type]
            archive_manager=archive_manager,
                            ^~~~~~~~~~~~~~~
src\vamos\experiment\study\runner.py:45: error: Missing type parameters for
generic type "dict"  [type-arg]
        metrics: dict
                 ^
src\vamos\experiment\study\runner.py:47: error: Missing type parameters for
generic type "dict"  [type-arg]
        def to_row(self) -> dict:
                            ^
src\vamos\experiment\study\runner.py:96: error: Missing type parameters for
generic type "dict"  [type-arg]
            run_single_fn: Callable[..., dict] | None = None,
                                         ^
src\vamos\experiment\study\runner.py:118: error: Argument 1 to
"ExperimentConfig" has incompatible type "**dict[str, int]"; expected "str" 
[arg-type]
                task_config = ExperimentConfig(**cfg_kwargs)
                                                 ^~~~~~~~~~
src\vamos\experiment\study\runner.py:118: error: Argument 1 to
"ExperimentConfig" has incompatible type "**dict[str, int]"; expected "bool" 
[arg-type]
                task_config = ExperimentConfig(**cfg_kwargs)
                                                 ^~~~~~~~~~
src\vamos\experiment\study\runner.py:185: error: Incompatible types in
assignment (expression has type "QualityIndicator", variable has type
"HVIndicator")  [assignment]
                            indicator = get_indicator(name, reference_fron...
                                        ^~~~~~~~~~~~~~~~~~~~~~~~~~~~~~~~~~...
src\vamos\experiment\study\runner.py:188: error: Incompatible types in
assignment (expression has type "QualityIndicator", variable has type
"HVIndicator")  [assignment]
                            indicator = get_indicator(name)
                                        ^~~~~~~~~~~~~~~~~~~
src\vamos\experiment\study\runner.py:193: error: Incompatible types in
assignment (expression has type "None", target has type
"float | ndarray[tuple[Any, ...], dtype[Any]]")  [assignment]
                        vals[name] = None
                                     ^~~~
src\vamos\experiment\study\runner.py:215: error: Missing type parameters for
generic type "dict"  [type-arg]
        def _mirror_artifacts(self, metrics: dict) -> None:
                                             ^
src\vamos\experiment\study\runner.py:245: error: Missing type parameters for
generic type "dict"  [type-arg]
            problems: Sequence[StudyTask | dict],
                                           ^
src\vamos\experiment\quick\result.py:41: error: Returning Any from function
declared to return "int"  [no-any-return]
            return self.F.shape[0]
            ^~~~~~~~~~~~~~~~~~~~~~
src\vamos\experiment\quick\result.py:141: error: Library stubs not installed
for "pandas"  [import-untyped]
                import pandas as pd
    ^
src\vamos\experiment\quick\result.py:141: note: Hint: "python3 -m pip install pandas-stubs"
src\vamos\engine\algorithm\smsemoa\initialization.py:33: error: Module
"vamos.foundation.eval.backends" does not explicitly export attribute
"EvaluationBackend"  [attr-defined]
        from vamos.foundation.eval.backends import EvaluationBackend
        ^~~~~~~~~~~~~~~~~~~~~~~~~~~~~~~~~~~~~~~~~~~~~~~~~~~~~~~~~~~~
src\vamos\engine\algorithm\smsemoa\initialization.py:34: error: Cannot find
implementation or library stub for module named
"vamos.foundation.kernel.protocols"  [import-not-found]
        from vamos.foundation.kernel.protocols import KernelBackend
    ^
src\vamos\engine\algorithm\smsemoa\initialization.py:46: error: Missing type
parameters for generic type "dict"  [type-arg]
        config: dict,
                ^
src\vamos\engine\algorithm\smsemoa\initialization.py:78: error: Argument 2 to
"parse_termination" has incompatible type "dict[Any, Any]"; expected "str" 
[arg-type]
        max_eval, hv_config = parse_termination(termination, config)
                                                             ^~~~~~
src\vamos\engine\algorithm\smsemoa\initialization.py:86: error: Argument 2 to
"setup_hv_tracker" has incompatible type "int"; expected "KernelBackend | None" 
[arg-type]
            hv_tracker = setup_hv_tracker(hv_config, problem.n_obj)
                                                     ^~~~~~~~~~~~~
src\vamos\engine\algorithm\smsemoa\initialization.py:125: error: Incompatible
types in assignment (expression has type
"CrowdingDistanceArchive | HypervolumeArchive | None", variable has type
"ndarray[tuple[Any, ...], dtype[Any]] | None")  [assignment]
            archive_manager, archive_X, archive_F = setup_archive(
                                                    ^
src\vamos\engine\algorithm\smsemoa\initialization.py:157: error: Argument
"archive_manager" to "SMSEMOAState" has incompatible type
"ndarray[tuple[Any, ...], dtype[Any]] | None"; expected
"CrowdingDistanceArchive | HypervolumeArchive | None"  [arg-type]
            archive_manager=archive_manager,
                            ^~~~~~~~~~~~~~~
src\vamos\engine\algorithm\moead\initialization.py:32: error: Module
"vamos.foundation.eval.backends" does not explicitly export attribute
"EvaluationBackend"  [attr-defined]
        from vamos.foundation.eval.backends import EvaluationBackend
        ^~~~~~~~~~~~~~~~~~~~~~~~~~~~~~~~~~~~~~~~~~~~~~~~~~~~~~~~~~~~
src\vamos\engine\algorithm\spea2\spea2.py:36: error: Module
"vamos.foundation.eval.backends" does not explicitly export attribute
"EvaluationBackend"  [attr-defined]
        from vamos.foundation.eval.backends import EvaluationBackend
        ^~~~~~~~~~~~~~~~~~~~~~~~~~~~~~~~~~~~~~~~~~~~~~~~~~~~~~~~~~~~
src\vamos\engine\algorithm\spea2\spea2.py:140: error: Argument 4 to
"notify_generation" has incompatible type
"ndarray[tuple[Any, ...], dtype[Any]] | None"; expected
"ndarray[tuple[Any, ...], dtype[Any]]"  [arg-type]
    ...ify_generation(live_cb, self.kernel, generation, st.env_F, stats={"eva...
                                                        ^~~~~~~~
src\vamos\engine\algorithm\spea2\spea2.py:160: error: Incompatible types in
assignment (expression has type "EvaluationBackend | Any", variable has type
"None")  [assignment]
            self._eval_backend = eval_backend
                                 ^~~~~~~~~~~~
src\vamos\engine\algorithm\spea2\spea2.py:161: error: Incompatible types in
assignment (expression has type "int", variable has type "None")  [assignment]
            self._max_eval = max_eval
                             ^~~~~~~~
src\vamos\engine\algorithm\spea2\spea2.py:162: error: Incompatible types in
assignment (expression has type "HVTracker", variable has type "None") 
[assignment]
            self._hv_tracker = hv_tracker
                               ^~~~~~~~~~
src\vamos\engine\algorithm\spea2\spea2.py:178: error: Incompatible types in
assignment (expression has type "int", variable has type "None")  [assignment]
    ...eval_backend, self._max_eval, self._hv_tracker = self._initialize_run(
                                                        ^
src\vamos\engine\algorithm\spea2\spea2.py:181: error: Incompatible types in
assignment (expression has type "ProblemProtocol", variable has type "None") 
[assignment]
            self._problem = problem
                            ^~~~~~~
src\vamos\engine\algorithm\spea2\spea2.py:183: error: "None" has no attribute
"on_generation"  [attr-defined]
                self._live_cb.on_generation(0, F=self._st.env_F)
                ^~~~~~~~~~~~~~~~~~~~~~~~~~~
src\vamos\engine\algorithm\spea2\spea2.py:206: error: Item "None" of
"ndarray[tuple[Any, ...], dtype[Any]] | None" has no attribute "shape" 
[union-attr]
            archive_size = st.env_X.shape[0]
                           ^~~~~~~~~~~~~~
src\vamos\engine\algorithm\spea2\spea2.py:210: error: Item "None" of
"ndarray[tuple[Any, ...], dtype[Any]] | None" has no attribute "shape" 
[union-attr]
            n_var = st.env_X.shape[1]
                    ^~~~~~~~~~~~~~
src\vamos\engine\algorithm\spea2\spea2.py:211: error: Value of type
"ndarray[tuple[Any, ...], dtype[Any]] | None" is not indexable  [index]
            parents = st.env_X[parent_idx.reshape(-1)].reshape(n_pairs, 2,...
                      ^~~~~~~~~~~~~~~~~~~~~~~~~~~~~~~~
src\vamos\engine\algorithm\spea2\spea2.py:230: error: Returning Any from
function declared to return "ndarray[tuple[Any, ...], dtype[Any]]" 
[no-any-return]
            return offspring_X
            ^~~~~~~~~~~~~~~~~~
src\vamos\engine\algorithm\spea2\spea2.py:277: error: List item 0 has
incompatible type "ndarray[tuple[Any, ...], dtype[Any]] | None"; expected
"_SupportsArray[dtype[Any]] | _NestedSequence[_SupportsArray[dtype[Any]]]" 
[list-item]
            X_union = np.vstack([st.env_X, offspring_X])
                                 ^~~~~~~~
src\vamos\engine\algorithm\spea2\spea2.py:277: error: List item 1 has
incompatible type "ndarray[tuple[Any, ...], dtype[Any]] | None"; expected
"_SupportsArray[dtype[Any]] | _NestedSequence[_SupportsArray[dtype[Any]]]" 
[list-item]
            X_union = np.vstack([st.env_X, offspring_X])
                                           ^~~~~~~~~~~
src\vamos\engine\algorithm\spea2\spea2.py:278: error: List item 0 has
incompatible type "ndarray[tuple[Any, ...], dtype[Any]] | None"; expected
"_SupportsArray[dtype[Any]] | _NestedSequence[_SupportsArray[dtype[Any]]]" 
[list-item]
            F_union = np.vstack([st.env_F, F])
                                 ^~~~~~~~
src\vamos\engine\algorithm\nsgaiii\nsgaiii.py:32: error: Module
"vamos.foundation.eval.backends" does not explicitly export attribute
"EvaluationBackend"  [attr-defined]
        from vamos.foundation.eval.backends import EvaluationBackend
        ^~~~~~~~~~~~~~~~~~~~~~~~~~~~~~~~~~~~~~~~~~~~~~~~~~~~~~~~~~~~
src\vamos\engine\algorithm\nsgaiii\nsgaiii.py:33: error: Cannot find
implementation or library stub for module named
"vamos.foundation.kernel.protocols"  [import-not-found]
        from vamos.foundation.kernel.protocols import KernelBackend
    ^
src\vamos\engine\algorithm\nsgaiii\nsgaiii.py:83: error: Missing type
parameters for generic type "dict"  [type-arg]
        def __init__(self, config: dict, kernel: "KernelBackend"):
                                   ^
src\vamos\engine\algorithm\nsgaiii\nsgaiii.py:166: error: Item
"CrowdingDistanceArchive" of "CrowdingDistanceArchive | HypervolumeArchive" has
no attribute "get_archive"  [union-attr]
                    st.archive_X, st.archive_F = st.archive_manager.get_ar...
                                                 ^~~~~~~~~~~~~~~~~~~~~~~~~...
src\vamos\engine\algorithm\nsgaiii\nsgaiii.py:166: error: Item
"HypervolumeArchive" of "CrowdingDistanceArchive | HypervolumeArchive" has no
attribute "get_archive"  [union-attr]
                    st.archive_X, st.archive_F = st.archive_manager.get_ar...
                                                 ^~~~~~~~~~~~~~~~~~~~~~~~~...
src\vamos\engine\algorithm\nsgaiii\nsgaiii.py:197: error: "None" not callable 
[misc]
            offspring_pairs = st.crossover_fn(X_parents)
                              ^~~~~~~~~~~~~~~~~~~~~~~~~~
src\vamos\engine\algorithm\nsgaiii\nsgaiii.py:199: error: "None" not callable 
[misc]
            X_off = st.mutation_fn(X_off)
                    ^~~~~~~~~~~~~~~~~~~~~
src\vamos\engine\algorithm\nsgaiii\nsgaiii.py:327: error: Item
"CrowdingDistanceArchive" of "CrowdingDistanceArchive | HypervolumeArchive" has
no attribute "get_archive"  [union-attr]
                st.archive_X, st.archive_F = st.archive_manager.get_archiv...
                                             ^~~~~~~~~~~~~~~~~~~~~~~~~~~~~~
src\vamos\engine\algorithm\nsgaiii\nsgaiii.py:327: error: Item
"HypervolumeArchive" of "CrowdingDistanceArchive | HypervolumeArchive" has no
attribute "get_archive"  [union-attr]
                st.archive_X, st.archive_F = st.archive_manager.get_archiv...
                                             ^~~~~~~~~~~~~~~~~~~~~~~~~~~~~~
src\vamos\engine\algorithm\nsgaiii\nsgaiii.py:335: error: "HVTracker" has no
attribute "update"  [attr-defined]
                st.hv_tracker.update(st.F)
                ^~~~~~~~~~~~~~~~~~~~
src\vamos\engine\algorithm\nsgaiii\nsgaiii.py:349: error: "HVTracker" has no
attribute "reached_threshold"  [attr-defined]
            if self._st.hv_tracker is not None and self._st.hv_tracker.rea...
                                                   ^~~~~~~~~~~~~~~~~~~~~~~...
src\vamos\engine\algorithm\nsgaiii\nsgaiii.py:369: error: "HVTracker" has no
attribute "reached_threshold"  [attr-defined]
    ...hv_reached = self._st.hv_tracker is not None and self._st.hv_tracker.r...
                                                        ^~~~~~~~~~~~~~~~~~~~~...
src\vamos\engine\algorithm\smpso\smpso.py:32: error: Module
"vamos.foundation.eval.backends" does not explicitly export attribute
"EvaluationBackend"  [attr-defined]
        from vamos.foundation.eval.backends import EvaluationBackend
        ^~~~~~~~~~~~~~~~~~~~~~~~~~~~~~~~~~~~~~~~~~~~~~~~~~~~~~~~~~~~
src\vamos\engine\algorithm\smpso\smpso.py:33: error: Cannot find implementation
or library stub for module named "vamos.foundation.kernel.protocols" 
[import-not-found]
        from vamos.foundation.kernel.protocols import KernelBackend
    ^
src\vamos\engine\algorithm\smpso\smpso.py:78: error: Missing type parameters
for generic type "dict"  [type-arg]
        def __init__(self, config: dict, kernel: "KernelBackend"):
                                   ^
src\vamos\engine\algorithm\smpso\smpso.py:257: error: Returning Any from
function declared to return "ndarray[tuple[Any, ...], dtype[Any]]" 
[no-any-return]
            return X_new
            ^~~~~~~~~~~~
src\vamos\engine\algorithm\smpso\smpso.py:294: error: Item "None" of
"ndarray[tuple[Any, ...], dtype[Any]] | None" has no attribute "shape" 
[union-attr]
            st.n_eval += X_new.shape[0]
                         ^~~~~~~~~~~
src\vamos\engine\algorithm\smpso\smpso.py:299: error: Argument 1 to
"update_personal_bests" has incompatible type
"ndarray[tuple[Any, ...], dtype[Any]] | None"; expected
"ndarray[tuple[Any, ...], dtype[Any]]"  [arg-type]
                X_new,
                ^~~~~
src\vamos\engine\algorithm\smpso\smpso.py:308: error: Incompatible types in
assignment (expression has type "ndarray[tuple[Any, ...], dtype[Any]] | None",
variable has type "ndarray[tuple[Any, ...], dtype[Any]]")  [assignment]
            st.X = X_new
                   ^~~~~
src\vamos\engine\algorithm\smpso\smpso.py:319: error: Argument 1 to "update" of
"_BaseArchive" has incompatible type
"ndarray[tuple[Any, ...], dtype[Any]] | None"; expected
"ndarray[tuple[Any, ...], dtype[Any]]"  [arg-type]
    ...      st.archive_X, st.archive_F = st.archive_manager.update(X_new, F)
                                                                    ^~~~~
src\vamos\engine\algorithm\smpso\smpso.py:338: error: Returning Any from
function declared to return "bool"  [no-any-return]
                return self._hv_tracker.reached(self._st.hv_points())
                ^~~~~~~~~~~~~~~~~~~~~~~~~~~~~~~~~~~~~~~~~~~~~~~~~~~~~
src\vamos\engine\algorithm\ibea\ibea.py:36: error: Module
"vamos.foundation.eval.backends" does not explicitly export attribute
"EvaluationBackend"  [attr-defined]
        from vamos.foundation.eval.backends import EvaluationBackend
        ^~~~~~~~~~~~~~~~~~~~~~~~~~~~~~~~~~~~~~~~~~~~~~~~~~~~~~~~~~~~
src\vamos\engine\algorithm\ibea\ibea.py:78: error: Missing type parameters for
generic type "dict"  [type-arg]
        def __init__(self, config: dict, kernel: "KernelBackend"):
                                   ^
src\vamos\engine\algorithm\ibea\ibea.py:149: error: Item
"CrowdingDistanceArchive" of "CrowdingDistanceArchive | HypervolumeArchive" has
no attribute "get_archive"  [union-attr]
                    st.archive_X, st.archive_F = st.archive_manager.get_ar...
                                                 ^~~~~~~~~~~~~~~~~~~~~~~~~...
src\vamos\engine\algorithm\ibea\ibea.py:149: error: Item "HypervolumeArchive"
of "CrowdingDistanceArchive | HypervolumeArchive" has no attribute "get_archive"
 [union-attr]
                    st.archive_X, st.archive_F = st.archive_manager.get_ar...
                                                 ^~~~~~~~~~~~~~~~~~~~~~~~~...
src\vamos\engine\algorithm\ibea\ibea.py:204: error: Returning Any from function
declared to return "ndarray[tuple[Any, ...], dtype[Any]]"  [no-any-return]
            return X_off
            ^~~~~~~~~~~~
src\vamos\engine\algorithm\ibea\ibea.py:306: error: Item
"CrowdingDistanceArchive" of "CrowdingDistanceArchive | HypervolumeArchive" has
no attribute "get_archive"  [union-attr]
                st.archive_X, st.archive_F = st.archive_manager.get_archiv...
                                             ^~~~~~~~~~~~~~~~~~~~~~~~~~~~~~
src\vamos\engine\algorithm\ibea\ibea.py:306: error: Item "HypervolumeArchive"
of "CrowdingDistanceArchive | HypervolumeArchive" has no attribute "get_archive"
 [union-attr]
                st.archive_X, st.archive_F = st.archive_manager.get_archiv...
                                             ^~~~~~~~~~~~~~~~~~~~~~~~~~~~~~
src\vamos\engine\algorithm\ibea\ibea.py:314: error: "HVTracker" has no
attribute "update"  [attr-defined]
                st.hv_tracker.update(st.F)
                ^~~~~~~~~~~~~~~~~~~~
src\vamos\engine\algorithm\ibea\ibea.py:322: error: "HVTracker" has no
attribute "reached_threshold"  [attr-defined]
            if self._st.hv_tracker is not None and self._st.hv_tracker.rea...
                                                   ^~~~~~~~~~~~~~~~~~~~~~~...
src\vamos\engine\algorithm\ibea\ibea.py:331: error: "HVTracker" has no
attribute "reached_threshold"  [attr-defined]
    ...hv_reached = self._st.hv_tracker is not None and self._st.hv_tracker.r...
                                                        ^~~~~~~~~~~~~~~~~~~~~...
src\vamos\experiment\cli\parser.py:18: error: Unused "type: ignore" comment 
[unused-ignore]
    def parse_args(default_config: ExperimentConfig) -> argparse.Namespace...
    ^~~~~~~~~~~~~~~~~~~~~~~~~~~~~~~~~~~~~~~~~~~~~~~~~~~~~~~~~~~~~~~~~~~~~~...
src\vamos\engine\algorithm\smsemoa\smsemoa.py:31: error: Module
"vamos.foundation.eval.backends" does not explicitly export attribute
"EvaluationBackend"  [attr-defined]
        from vamos.foundation.eval.backends import EvaluationBackend
        ^~~~~~~~~~~~~~~~~~~~~~~~~~~~~~~~~~~~~~~~~~~~~~~~~~~~~~~~~~~~
src\vamos\engine\algorithm\smsemoa\smsemoa.py:32: error: Cannot find
implementation or library stub for module named
"vamos.foundation.kernel.protocols"  [import-not-found]
        from vamos.foundation.kernel.protocols import KernelBackend
    ^
src\vamos\engine\algorithm\smsemoa\smsemoa.py:83: error: Missing type
parameters for generic type "dict"  [type-arg]
        def __init__(self, config: dict, kernel: "KernelBackend"):
                                   ^
src\vamos\engine\algorithm\smsemoa\smsemoa.py:162: error: Item
"CrowdingDistanceArchive" of "CrowdingDistanceArchive | HypervolumeArchive" has
no attribute "get_archive"  [union-attr]
                    st.archive_X, st.archive_F = st.archive_manager.get_ar...
                                                 ^~~~~~~~~~~~~~~~~~~~~~~~~...
src\vamos\engine\algorithm\smsemoa\smsemoa.py:162: error: Item
"HypervolumeArchive" of "CrowdingDistanceArchive | HypervolumeArchive" has no
attribute "get_archive"  [union-attr]
                    st.archive_X, st.archive_F = st.archive_manager.get_ar...
                                                 ^~~~~~~~~~~~~~~~~~~~~~~~~...
src\vamos\engine\algorithm\smsemoa\smsemoa.py:195: error: "None" not callable 
[misc]
            offspring = st.crossover_fn(parents)
                        ^~~~~~~~~~~~~~~~~~~~~~~~
src\vamos\engine\algorithm\smsemoa\smsemoa.py:197: error: "None" not callable 
[misc]
            child = st.mutation_fn(child_vec)
                    ^~~~~~~~~~~~~~~~~~~~~~~~~
src\vamos\engine\algorithm\smsemoa\smsemoa.py:323: error: Item
"CrowdingDistanceArchive" of "CrowdingDistanceArchive | HypervolumeArchive" has
no attribute "get_archive"  [union-attr]
                st.archive_X, st.archive_F = st.archive_manager.get_archiv...
                                             ^~~~~~~~~~~~~~~~~~~~~~~~~~~~~~
src\vamos\engine\algorithm\smsemoa\smsemoa.py:323: error: Item
"HypervolumeArchive" of "CrowdingDistanceArchive | HypervolumeArchive" has no
attribute "get_archive"  [union-attr]
                st.archive_X, st.archive_F = st.archive_manager.get_archiv...
                                             ^~~~~~~~~~~~~~~~~~~~~~~~~~~~~~
src\vamos\engine\algorithm\smsemoa\smsemoa.py:331: error: "HVTracker" has no
attribute "update"  [attr-defined]
                st.hv_tracker.update(st.F)
                ^~~~~~~~~~~~~~~~~~~~
src\vamos\engine\algorithm\smsemoa\smsemoa.py:345: error: "HVTracker" has no
attribute "reached_threshold"  [attr-defined]
            if self._st.hv_tracker is not None and self._st.hv_tracker.rea...
                                                   ^~~~~~~~~~~~~~~~~~~~~~~...
src\vamos\engine\algorithm\smsemoa\smsemoa.py:365: error: "HVTracker" has no
attribute "reached_threshold"  [attr-defined]
    ...hv_reached = self._st.hv_tracker is not None and self._st.hv_tracker.r...
                                                        ^~~~~~~~~~~~~~~~~~~~~...
src\vamos\engine\algorithm\moead\moead.py:37: error: Module
"vamos.foundation.eval.backends" does not explicitly export attribute
"EvaluationBackend"  [attr-defined]
        from vamos.foundation.eval.backends import EvaluationBackend
        ^~~~~~~~~~~~~~~~~~~~~~~~~~~~~~~~~~~~~~~~~~~~~~~~~~~~~~~~~~~~
src\vamos\engine\algorithm\moead\moead.py:205: error: "None" not callable 
[misc]
            offspring = st.crossover_fn(parents)
                        ^~~~~~~~~~~~~~~~~~~~~~~~
src\vamos\engine\algorithm\moead\moead.py:207: error: "None" not callable 
[misc]
            children = st.mutation_fn(children)
                       ^~~~~~~~~~~~~~~~~~~~~~~~
src\vamos\engine\algorithm\moead\moead.py:217: error: Returning Any from
function declared to return "ndarray[tuple[Any, ...], dtype[Any]]" 
[no-any-return]
            return children
            ^~~~~~~~~~~~~~~
src\vamos\experiment\study\nsga2_diagnostics.py:41: error: Missing type
parameters for generic type "Dict"  [type-arg]
    ...uild_internal_algorithm(engine: str = "numpy") -> Tuple[NSGAII, Dict]:
                                                                       ^
src\vamos\experiment\study\nsga2_diagnostics.py:51: error: Call to untyped
function "NumPyKernel" in typed context  [no-untyped-call]
        return NSGAII(cfg.to_dict(), kernel=NumPyKernel()), cfg.to_dict()
                                            ^~~~~~~~~~~~~
src\vamos\experiment\study\nsga2_diagnostics.py:54: error: Missing type
parameters for generic type "dict"  [type-arg]
    def _prepare_params(cfg_dict: dict, n_var: int) -> Tuple[dict, dict, i...
                                  ^
src\vamos\experiment\study\nsga2_diagnostics.py:71: error: Function is missing
a type annotation for one or more arguments  [no-untyped-def]
    def _initialize_population(rng: np.random.Generator, problem, pop_size...
    ^~~~~~~~~~~~~~~~~~~~~~~~~~~~~~~~~~~~~~~~~~~~~~~~~~~~~~~~~~~~~~~~~~~~~~...
src\vamos\experiment\study\nsga2_diagnostics.py:78: error: Missing type
parameters for generic type "Dict"  [type-arg]
    def _log_stats(X: np.ndarray, F: np.ndarray) -> Dict:
                                                    ^
src\vamos\experiment\study\nsga2_diagnostics.py:101: error: Function is missing
a type annotation for one or more arguments  [no-untyped-def]
    def _evolution_loop(
    ^~~~~~~~~~~~~~~~~~~~
src\vamos\experiment\study\nsga2_diagnostics.py:104: error: Missing type
parameters for generic type "dict"  [type-arg]
        cfg_dict: dict,
                  ^
src\vamos\experiment\study\nsga2_diagnostics.py:111: error: Missing type
parameters for generic type "Dict"  [type-arg]
    ) -> Tuple[np.ndarray, np.ndarray, List[Dict]]:
                                            ^
src\vamos\experiment\study\nsga2_diagnostics.py:122: error: Missing type
parameters for generic type "Dict"  [type-arg]
        stats_log: List[Dict] = []
                        ^
src\vamos\experiment\study\nsga2_diagnostics.py:141: error: Too many values to
unpack (2 expected, 3 provided)  [misc]
            X, F = algorithm.kernel.nsga2_survival(X, F, X_off, F_off, pop...
                   ^~~~~~~~~~~~~~~~~~~~~~~~~~~~~~~~~~~~~~~~~~~~~~~~~~~~~~~...
src\vamos\experiment\study\nsga2_diagnostics.py:150: error: Missing type
parameters for generic type "Dict"  [type-arg]
    ...run_progress_diagnostic(seed: int, max_eval: int, n_var: int) -> Dict:
                                                                        ^
src\vamos\experiment\study\nsga2_diagnostics.py:173: error: Function is missing
a return type annotation  [no-untyped-def]
    def _pymoo_reference(seed: int, n_var: int, max_eval: int):
    ^~~~~~~~~~~~~~~~~~~~~~~~~~~~~~~~~~~~~~~~~~~~~~~~~~~~~~~~~~~
src\vamos\experiment\study\nsga2_diagnostics.py:206: error: Missing type
parameters for generic type "Dict"  [type-arg]
    ...re_with_pymoo(seed: int, n_var: int, max_eval: int) -> Optional[Dict]:
                                                                       ^
src\vamos\experiment\study\nsga2_diagnostics.py:234: error: Function is missing
a return type annotation  [no-untyped-def]
    def main():
    ^~~~~~~~~~~
src\vamos\experiment\study\nsga2_diagnostics.py:234: note: Use "-> None" if function does not return a value
src\vamos\experiment\study\nsga2_diagnostics.py:275: error: Call to untyped
function "main" in typed context  [no-untyped-call]
        main()
        ^~~~~~
src\vamos\engine\algorithm\registry.py:36: error: Missing type parameters for
generic type "dict"  [type-arg]
    AlgorithmBuilder = Callable[[dict, KernelBackend], AlgorithmLike]
                                 ^
src\vamos\experiment\optimize.py:14: error: Module
"vamos.foundation.eval.backends" does not explicitly export attribute
"EvaluationBackend"  [attr-defined]
    from vamos.foundation.eval.backends import resolve_eval_backend, Evalu...
    ^~~~~~~~~~~~~~~~~~~~~~~~~~~~~~~~~~~~~~~~~~~~~~~~~~~~~~~~~~~~~~~~~~~~~~...
src\vamos\experiment\optimize.py:127: error: Returning Any from function
declared to return
"ndarray[tuple[Any, ...], dtype[Any]] | tuple[ndarray[tuple[Any, ...], dtype[Any]], ndarray[tuple[Any, ...], dtype[Any]]] | None"
 [no-any-return]
            return pareto_filter(self.F, return_indices=return_indices)
            ^~~~~~~~~~~~~~~~~~~~~~~~~~~~~~~~~~~~~~~~~~~~~~~~~~~~~~~~~~~
src\vamos\experiment\optimize.py:127: error: No overload variant of
"pareto_filter" matches argument types "Any | None", "bool"  [call-overload]
            return pareto_filter(self.F, return_indices=return_indices)
                   ^~~~~~~~~~~~~~~~~~~~~~~~~~~~~~~~~~~~~~~~~~~~~~~~~~~~
src\vamos\experiment\optimize.py:127: note: Possible overload variants:
src\vamos\experiment\optimize.py:127: note:     def pareto_filter(F: ndarray[tuple[Any, ...], dtype[Any]] | None, *, return_indices: Literal[False] = ...) -> ndarray[tuple[Any, ...], dtype[Any]] | None
src\vamos\experiment\optimize.py:127: note:     def pareto_filter(F: ndarray[tuple[Any, ...], dtype[Any]] | None, *, return_indices: Literal[True]) -> tuple[ndarray[tuple[Any, ...], dtype[Any]], ndarray[tuple[Any, ...], dtype[Any]]]
src\vamos\experiment\optimize.py:222: error: Library stubs not installed for
"pandas"  [import-untyped]
                import pandas as pd
    ^
src\vamos\experiment\optimize.py:222: note: Hint: "python3 -m pip install pandas-stubs"
src\vamos\experiment\optimize.py:222: note: (or run "mypy --install-types" to install all missing stub packages)
src\vamos\experiment\optimize.py:285: error: Returning Any from function
declared to return "dict[str, Any]"  [no-any-return]
            return cfg.to_dict()
            ^~~~~~~~~~~~~~~~~~~~
src\vamos\experiment\optimize.py:287: error: Argument 1 to "asdict" has
incompatible type "DataclassInstance | type[DataclassInstance]"; expected
"DataclassInstance"  [arg-type]
            return asdict(cfg)
                          ^~~
src\vamos\experiment\optimize.py:331: error: Call to untyped function
"NumPyKernel" in typed context  [no-untyped-call]
    ...el(effective_engine) if effective_engine != "numpy" else NumPyKernel()
                                                                ^~~~~~~~~~~~~
src\vamos\experiment\optimize.py:340: error: Unexpected keyword argument
"kernel"  [call-arg]
        algorithm = algo_ctor(cfg_dict, kernel=kernel)
                    ^~~~~~~~~~~~~~~~~~~~~~~~~~~~~~~~~~
src\vamos\experiment\optimize.py:405: error: Incompatible types in assignment
(expression has type "MOEADConfigData", variable has type "NSGAIIConfigData") 
[assignment]
            algo_config = MOEADConfig.default(pop_size=pop_size, n_var=n_v...
                          ^~~~~~~~~~~~~~~~~~~~~~~~~~~~~~~~~~~~~~~~~~~~~~~~...
src\vamos\experiment\optimize.py:407: error: Incompatible types in assignment
(expression has type "SPEA2ConfigData", variable has type "NSGAIIConfigData") 
[assignment]
            algo_config = SPEA2Config.default(pop_size=pop_size, n_var=n_v...
                          ^~~~~~~~~~~~~~~~~~~~~~~~~~~~~~~~~~~~~~~~~~~~~~~~...
src\vamos\experiment\optimize.py:409: error: Incompatible types in assignment
(expression has type "SMSEMOAConfigData", variable has type "NSGAIIConfigData") 
[assignment]
            algo_config = SMSEMOAConfig.default(pop_size=pop_size, n_var=n...
                          ^~~~~~~~~~~~~~~~~~~~~~~~~~~~~~~~~~~~~~~~~~~~~~~~...
src\vamos\experiment\optimize.py:412: error: Incompatible types in assignment
(expression has type "NSGAIIIConfigData", variable has type "NSGAIIConfigData") 
[assignment]
            algo_config = NSGAIIIConfig.default(pop_size=pop_size, n_var=n...
                          ^~~~~~~~~~~~~~~~~~~~~~~~~~~~~~~~~~~~~~~~~~~~~~~~...
src\vamos\experiment\optimize.py:414: error: Module "vamos.exceptions" has no
attribute "InvalidAlgorithmError"  [attr-defined]
            from vamos.exceptions import InvalidAlgorithmError
            ^~~~~~~~~~~~~~~~~~~~~~~~~~~~~~~~~~~~~~~~~~~~~~~~~~
src\vamos\engine\algorithm\builders.py:22: error: Function is missing a type
annotation for one or more arguments  [no-untyped-def]
    def build_nsgaii_algorithm(
    ^~~~~~~~~~~~~~~~~~~~~~~~~~~
src\vamos\engine\algorithm\builders.py:32: error: Missing type parameters for
generic type "dict"  [type-arg]
        nsgaii_variation: dict | None,
                          ^
src\vamos\engine\algorithm\builders.py:70: error: Unexpected keyword argument
"kernel"  [call-arg]
        return algo_ctor(cfg_data.to_dict(), kernel=kernel), cfg_data
               ^~~~~~~~~~~~~~~~~~~~~~~~~~~~~~~~~~~~~~~~~~~~
src\vamos\engine\algorithm\builders.py:73: error: Function is missing a type
annotation for one or more arguments  [no-untyped-def]
    def build_moead_algorithm(
    ^~~~~~~~~~~~~~~~~~~~~~~~~~
src\vamos\engine\algorithm\builders.py:79: error: Missing type parameters for
generic type "dict"  [type-arg]
        moead_variation: dict | None,
                         ^
src\vamos\engine\algorithm\builders.py:108: error: Unexpected keyword argument
"kernel"  [call-arg]
        return algo_ctor(cfg_data.to_dict(), kernel=kernel), cfg_data
               ^~~~~~~~~~~~~~~~~~~~~~~~~~~~~~~~~~~~~~~~~~~~
src\vamos\engine\algorithm\builders.py:111: error: Function is missing a type
annotation for one or more arguments  [no-untyped-def]
    def build_smsemoa_algorithm(
    ^~~~~~~~~~~~~~~~~~~~~~~~~~~~
src\vamos\engine\algorithm\builders.py:117: error: Missing type parameters for
generic type "dict"  [type-arg]
        smsemoa_variation: dict | None,
                           ^
src\vamos\engine\algorithm\builders.py:143: error: Unexpected keyword argument
"kernel"  [call-arg]
        return algo_ctor(cfg_data.to_dict(), kernel=kernel), cfg_data
               ^~~~~~~~~~~~~~~~~~~~~~~~~~~~~~~~~~~~~~~~~~~~
src\vamos\engine\algorithm\builders.py:146: error: Function is missing a type
annotation for one or more arguments  [no-untyped-def]
    def build_nsgaiii_algorithm(
    ^~~~~~~~~~~~~~~~~~~~~~~~~~~~
src\vamos\engine\algorithm\builders.py:152: error: Missing type parameters for
generic type "dict"  [type-arg]
        nsgaiii_variation: dict | None,
                           ^
src\vamos\engine\algorithm\builders.py:179: error: Unexpected keyword argument
"kernel"  [call-arg]
        return algo_ctor(cfg_data.to_dict(), kernel=kernel), cfg_data
               ^~~~~~~~~~~~~~~~~~~~~~~~~~~~~~~~~~~~~~~~~~~~
src\vamos\engine\algorithm\builders.py:182: error: Function is missing a type
annotation for one or more arguments  [no-untyped-def]
    def build_spea2_algorithm(
    ^~~~~~~~~~~~~~~~~~~~~~~~~~
src\vamos\engine\algorithm\builders.py:190: error: Missing type parameters for
generic type "dict"  [type-arg]
        spea2_variation: dict | None,
                         ^
src\vamos\engine\algorithm\builders.py:221: error: Unexpected keyword argument
"kernel"  [call-arg]
        return algo_ctor(cfg_data.to_dict(), kernel=kernel), cfg_data
               ^~~~~~~~~~~~~~~~~~~~~~~~~~~~~~~~~~~~~~~~~~~~
src\vamos\engine\algorithm\builders.py:224: error: Function is missing a type
annotation for one or more arguments  [no-untyped-def]
    def build_ibea_algorithm(
    ^~~~~~~~~~~~~~~~~~~~~~~~~
src\vamos\engine\algorithm\builders.py:231: error: Missing type parameters for
generic type "dict"  [type-arg]
        ibea_variation: dict | None,
                        ^
src\vamos\engine\algorithm\builders.py:255: error: Unexpected keyword argument
"kernel"  [call-arg]
        return algo_ctor(cfg_data.to_dict(), kernel=kernel), cfg_data
               ^~~~~~~~~~~~~~~~~~~~~~~~~~~~~~~~~~~~~~~~~~~~
src\vamos\engine\algorithm\builders.py:258: error: Function is missing a type
annotation for one or more arguments  [no-untyped-def]
    def build_smpso_algorithm(
    ^~~~~~~~~~~~~~~~~~~~~~~~~~
src\vamos\engine\algorithm\builders.py:265: error: Missing type parameters for
generic type "dict"  [type-arg]
        smpso_variation: dict | None,
                         ^
src\vamos\engine\algorithm\builders.py:292: error: Unexpected keyword argument
"kernel"  [call-arg]
        return algo_ctor(cfg_data.to_dict(), kernel=kernel), cfg_data
               ^~~~~~~~~~~~~~~~~~~~~~~~~~~~~~~~~~~~~~~~~~~~
src\vamos\ux\visualization\plotting.py:29: error: Function is missing a type
annotation for one or more arguments  [no-untyped-def]
    def _problem_output_dir(selection, output_root: str) -> str:
    ^~~~~~~~~~~~~~~~~~~~~~~~~~~~~~~~~~~~~~~~~~~~~~~~~~~~~~~~~~~~
src\vamos\ux\visualization\plotting.py:34: error: Function is missing a return
type annotation  [no-untyped-def]
    def plot_pareto_front(results, selection, *, output_root: str, title: ...
    ^~~~~~~~~~~~~~~~~~~~~~~~~~~~~~~~~~~~~~~~~~~~~~~~~~~~~~~~~~~~~~~~~~~~~~...
src\vamos\ux\visualization\plotting.py:34: error: Function is missing a type
annotation for one or more arguments  [no-untyped-def]
    def plot_pareto_front(results, selection, *, output_root: str, title: ...
    ^~~~~~~~~~~~~~~~~~~~~~~~~~~~~~~~~~~~~~~~~~~~~~~~~~~~~~~~~~~~~~~~~~~~~~...
src\vamos\ux\studio\app.py:10: error: Function is missing a return type
annotation  [no-untyped-def]
    def _import_streamlit():
    ^~~~~~~~~~~~~~~~~~~~~~~~
src\vamos\ux\studio\app.py:12: error: Unused "type: ignore" comment 
[unused-ignore]
            import streamlit as st  # type: ignore
            ^~~~~~~~~~~~~~~~~~~~~~~~~~~~~~~~~~~~~
src\vamos\ux\studio\app.py:18: error: Function is missing a return type
annotation  [no-untyped-def]
    def _import_plotly():
    ^~~~~~~~~~~~~~~~~~~~~
src\vamos\ux\studio\app.py:26: error: Function is missing a return type
annotation  [no-untyped-def]
    def _load_data(study_dir: Path):
    ^~~~~~~~~~~~~~~~~~~~~~~~~~~~~~~~
src\vamos\ux\studio\app.py:34: error: Function is missing a type annotation 
[no-untyped-def]
    def _build_decision_views(fronts, weights, reference_point, method):
    ^~~~~~~~~~~~~~~~~~~~~~~~~~~~~~~~~~~~~~~~~~~~~~~~~~~~~~~~~~~~~~~~~~~~
src\vamos\ux\studio\app.py:44: error: Function is missing a return type
annotation  [no-untyped-def]
    def _run_focused_optimization(problem: str, reference_point: np.ndarra...
    ^~~~~~~~~~~~~~~~~~~~~~~~~~~~~~~~~~~~~~~~~~~~~~~~~~~~~~~~~~~~~~~~~~~~~~...
src\vamos\ux\studio\app.py:76: error: Argument 1 to "reference_point_scores"
has incompatible type "Any | None"; expected
"ndarray[tuple[Any, ...], dtype[Any]]"  [arg-type]
        scores = reference_point_scores(F, reference_point).scores
                                        ^
src\vamos\ux\studio\app.py:78: error: Value of type "Any | None" is not
indexable  [index]
        return F[order], result.X[order] if result.X is not None else None
               ^~~~~~~~
src\vamos\ux\studio\app.py:82: error: Function is missing a return type
annotation  [no-untyped-def]
        def __init__(self):
        ^~~~~~~~~~~~~~~~~~~
src\vamos\ux\studio\app.py:82: note: Use "-> None" if function does not return a value
src\vamos\ux\studio\app.py:85: error: Function is missing a type annotation 
[no-untyped-def]
        def __call__(self, algorithm):
        ^~~~~~~~~~~~~~~~~~~~~~~~~~~~~~
src\vamos\ux\studio\app.py:98: error: Function is missing a return type
annotation  [no-untyped-def]
    def _run_with_history(problem_name: str, config: dict, budget: int):
    ^~~~~~~~~~~~~~~~~~~~~~~~~~~~~~~~~~~~~~~~~~~~~~~~~~~~~~~~~~~~~~~~~~~~
src\vamos\ux\studio\app.py:98: error: Missing type parameters for generic type
"dict"  [type-arg]
    def _run_with_history(problem_name: str, config: dict, budget: int):
                                                     ^
src\vamos\ux\studio\app.py:119: error: Call to untyped function
"DynamicsCallback" in typed context  [no-untyped-call]
        callback = DynamicsCallback()
                   ^~~~~~~~~~~~~~~~~~
src\vamos\ux\studio\app.py:140: error: Call to untyped function
"_import_streamlit" in typed context  [no-untyped-call]
        st = _import_streamlit()
             ^~~~~~~~~~~~~~~~~~~
src\vamos\ux\studio\app.py:141: error: Call to untyped function
"_import_plotly" in typed context  [no-untyped-call]
        px = _import_plotly()
             ^~~~~~~~~~~~~~~~
src\vamos\ux\studio\app.py:193: error: Call to untyped function
"_build_decision_views" in typed context  [no-untyped-call]
        views = _build_decision_views([primary_front], weights, reference_...
                ^~~~~~~~~~~~~~~~~~~~~~~~~~~~~~~~~~~~~~~~~~~~~~~~~~~~~~~~~~...
src\vamos\ux\studio\app.py:204: error: Library stubs not installed for "pandas"
 [import-untyped]
            import pandas as pd
    ^
src\vamos\ux\studio\app.py:275: error: Argument 3 to
"_run_focused_optimization" has incompatible type "Any | None"; expected "str" 
[arg-type]
    ...n_focused_optimization(problem, reference_point, primary_algo, int(foc...
                                                        ^~~~~~~~~~~~
src\vamos\ux\studio\app.py:344: error: Need type annotation for "out" (hint:
"out: dict[<type>, <type>] = ...")  [var-annotated]
                    out = {}
                    ^~~
src\vamos\ux\studio\app.py:354: error: Incompatible types in assignment
(expression has type "ndarray[tuple[Any, ...], dtype[Any]]", variable has type
"list[Any]")  [assignment]
                walk_f = np.array(walk_f)
                         ^~~~~~~~~~~~~~~~
src\vamos\ux\studio\app.py:356: error: No overload variant of "__getitem__" of
"list" matches argument type "tuple[slice[None, None, None], int]" 
[call-overload]
                y_series = walk_f[:, 0]
                           ^~~~~~~~~~~~
src\vamos\ux\studio\app.py:356: note: Possible overload variants:
src\vamos\ux\studio\app.py:356: note:     def __getitem__(self, SupportsIndex, /) -> Any
src\vamos\ux\studio\app.py:356: note:     def __getitem__(self, slice[Any, Any, Any], /) -> list[Any]
src\vamos\experiment\context.py:125: error: Function is missing a type
annotation for one or more arguments  [no-untyped-def]
        def __exit__(self, exc_type, exc_val, exc_tb) -> None:
        ^~~~~~~~~~~~~~~~~~~~~~~~~~~~~~~~~~~~~~~~~~~~~~~~~~~~~~
src\vamos\experiment\context.py:204: error: Item "None" of "Any | None" has no
attribute "shape"  [union-attr]
                logger.info("%s solutions in %.2fs", result.F.shape[0], el...
                                                     ^~~~~~~~~~~~~~
src\vamos\experiment\context.py:211: error: Item "None" of "Any | None" has no
attribute "shape"  [union-attr]
                n_solutions=result.F.shape[0],
                            ^~~~~~~~~~~~~~
src\vamos\experiment\context.py:212: error: Item "None" of "Any | None" has no
attribute "shape"  [union-attr]
                n_objectives=result.F.shape[1],
                             ^~~~~~~~~~~~~~
src\vamos\experiment\context.py:287: error: Item "None" of "Any | None" has no
attribute "min"  [union-attr]
                    "f_min": run.result.F.min(axis=0).tolist(),
                             ^~~~~~~~~~~~~~~~
src\vamos\experiment\context.py:288: error: Item "None" of "Any | None" has no
attribute "max"  [union-attr]
                    "f_max": run.result.F.max(axis=0).tolist(),
                             ^~~~~~~~~~~~~~~~
src\vamos\experiment\context.py:292: error: Function is missing a return type
annotation  [no-untyped-def]
        def to_dataframe(self):
        ^~~~~~~~~~~~~~~~~~~~~~~
src\vamos\experiment\context.py:302: error: Library stubs not installed for
"pandas"  [import-untyped]
                import pandas as pd
    ^
src\vamos\experiment\context.py:304: error: Module "vamos.exceptions" has no
attribute "DependencyError"  [attr-defined]
                from vamos.exceptions import DependencyError
                ^~~~~~~~~~~~~~~~~~~~~~~~~~~~~~~~~~~~~~~~~~~~
src\vamos\engine\algorithm\factory.py:18: error: Function is missing a type
annotation for one or more arguments  [no-untyped-def]
    def build_algorithm(
    ^~~~~~~~~~~~~~~~~~~~
src\vamos\engine\algorithm\factory.py:27: error: Missing type parameters for
generic type "dict"  [type-arg]
        nsgaii_variation: dict | None = None,
                          ^
src\vamos\engine\algorithm\factory.py:28: error: Missing type parameters for
generic type "dict"  [type-arg]
        moead_variation: dict | None = None,
                         ^
src\vamos\engine\algorithm\factory.py:29: error: Missing type parameters for
generic type "dict"  [type-arg]
        smsemoa_variation: dict | None = None,
                           ^
src\vamos\engine\algorithm\factory.py:30: error: Missing type parameters for
generic type "dict"  [type-arg]
        nsgaiii_variation: dict | None = None,
                           ^
src\vamos\engine\algorithm\factory.py:31: error: Missing type parameters for
generic type "dict"  [type-arg]
        spea2_variation: dict | None = None,
                         ^
src\vamos\engine\algorithm\factory.py:32: error: Missing type parameters for
generic type "dict"  [type-arg]
        ibea_variation: dict | None = None,
                        ^
src\vamos\engine\algorithm\factory.py:33: error: Missing type parameters for
generic type "dict"  [type-arg]
        smpso_variation: dict | None = None,
                         ^
src\vamos\experiment\quick\api.py:101: error: Argument "F" to "QuickResult" has
incompatible type "Any | None"; expected "ndarray[tuple[Any, ...], dtype[Any]]" 
[arg-type]
            F=result.F,
              ^~~~~~~~
src\vamos\experiment\quick\api.py:171: error: Argument "F" to "QuickResult" has
incompatible type "Any | None"; expected "ndarray[tuple[Any, ...], dtype[Any]]" 
[arg-type]
            F=result.F,
              ^~~~~~~~
src\vamos\experiment\quick\api.py:235: error: Argument "F" to "QuickResult" has
incompatible type "Any | None"; expected "ndarray[tuple[Any, ...], dtype[Any]]" 
[arg-type]
            F=result.F,
              ^~~~~~~~
src\vamos\experiment\quick\api.py:303: error: Argument "F" to "QuickResult" has
incompatible type "Any | None"; expected "ndarray[tuple[Any, ...], dtype[Any]]" 
[arg-type]
            F=result.F,
              ^~~~~~~~
src\vamos\experiment\quick\api.py:365: error: Argument "F" to "QuickResult" has
incompatible type "Any | None"; expected "ndarray[tuple[Any, ...], dtype[Any]]" 
[arg-type]
            F=result.F,
              ^~~~~~~~
src\vamos\experiment\external\registry.py:19: error: Function is missing a type
annotation for one or more arguments  [no-untyped-def]
        def __init__(self, name: str, runner_fn):
        ^~~~~~~~~~~~~~~~~~~~~~~~~~~~~~~~~~~~~~~~~
src\vamos\experiment\external\registry.py:23: error: Function is missing a
return type annotation  [no-untyped-def]
        def run(
        ^~~~~~~~
src\vamos\experiment\external\registry.py:23: error: Function is missing a type
annotation for one or more arguments  [no-untyped-def]
        def run(
        ^~~~~~~~
src\vamos\experiment\external\registry.py:62: error: Function is missing a
return type annotation  [no-untyped-def]
    def run_external(
    ^~~~~~~~~~~~~~~~~
src\vamos\experiment\external\registry.py:62: error: Function is missing a type
annotation for one or more arguments  [no-untyped-def]
    def run_external(
    ^~~~~~~~~~~~~~~~~
src\vamos\experiment\execution.py:24: error: Module
"vamos.foundation.problem.resolver" does not explicitly export attribute
"ProblemSelection"  [attr-defined]
    from vamos.foundation.problem.resolver import ProblemSelection
    ^~~~~~~~~~~~~~~~~~~~~~~~~~~~~~~~~~~~~~~~~~~~~~~~~~~~~~~~~~~~~~
src\vamos\experiment\execution.py:101: error: Dict entry 1 has incompatible
type "str": "int"; expected "str": "str"  [dict-item]
                        "n_constraints": len(getattr(cm, "constraints", []...
                        ^~~~~~~~~~~~~~~~~~~~~~~~~~~~~~~~~~~~~~~~~~~~~~~~~~...
src\vamos\experiment\execution.py:142: error: Argument 1 to "dict" has
incompatible type "dict[str, Any] | None"; expected
"SupportsKeysAndGetItem[str, Any]"  [arg-type]
            hv_termination = dict(hv_stop_config)
                                  ^~~~~~~~~~~~~~
src\vamos\experiment\execution.py:144: error: Incompatible types in assignment
(expression has type "tuple[str, dict[str, Any]]", variable has type
"tuple[str, int]")  [assignment]
            termination = ("hv", hv_termination)
                          ^~~~~~~~~~~~~~~~~~~~~~
src\vamos\experiment\benchmark\runner.py:21: error: Missing type parameters for
generic type "dict"  [type-arg]
        metrics: dict
                 ^
src\vamos\experiment\benchmark\runner.py:116: error: Argument "algorithm" to
"SingleRunInfo" has incompatible type "Any | None"; expected "str"  [arg-type]
                    algorithm=res.metrics.get("algorithm"),
                              ^~~~~~~~~~~~~~~~~~~~~~~~~~~~
src\vamos\experiment\zoo\cli.py:23: error: Function is missing a type
annotation  [no-untyped-def]
    def _list_cmd(args):
    ^~~~~~~~~~~~~~~~~~~~
src\vamos\experiment\zoo\cli.py:37: error: Function is missing a type
annotation  [no-untyped-def]
    def _info_cmd(args):
    ^~~~~~~~~~~~~~~~~~~~
src\vamos\experiment\zoo\cli.py:53: error: Function is missing a type
annotation  [no-untyped-def]
    def _run_cmd(args):
    ^~~~~~~~~~~~~~~~~~~
src\vamos\experiment\zoo\cli.py:70: error: Function is missing a return type
annotation  [no-untyped-def]
    def build_parser():
    ^~~~~~~~~~~~~~~~~~~
src\vamos\experiment\zoo\cli.py:90: error: Function is missing a type
annotation  [no-untyped-def]
    def main(argv=None):
    ^~~~~~~~~~~~~~~~~~~~
src\vamos\experiment\zoo\cli.py:92: error: Call to untyped function
"build_parser" in typed context  [no-untyped-call]
        parser = build_parser()
                 ^~~~~~~~~~~~~~
src\vamos\experiment\zoo\cli.py:97: error: Call to untyped function "_list_cmd"
in typed context  [no-untyped-call]
            _list_cmd(args)
            ^~~~~~~~~~~~~~~
src\vamos\experiment\zoo\cli.py:99: error: Call to untyped function "_info_cmd"
in typed context  [no-untyped-call]
            _info_cmd(args)
            ^~~~~~~~~~~~~~~
src\vamos\experiment\zoo\cli.py:101: error: Call to untyped function "_run_cmd"
in typed context  [no-untyped-call]
            _run_cmd(args)
            ^~~~~~~~~~~~~~
src\vamos\experiment\zoo\cli.py:107: error: Call to untyped function "main" in
typed context  [no-untyped-call]
        main()
        ^~~~~~
src\vamos\experiment\diagnostics\self_check.py:80: error: Function is missing a
return type annotation  [no-untyped-def]
    def main():
    ^~~~~~~~~~~
src\vamos\experiment\diagnostics\self_check.py:80: note: Use "-> None" if function does not return a value
src\vamos\experiment\diagnostics\self_check.py:94: error: Call to untyped
function "main" in typed context  [no-untyped-call]
        main()
        ^~~~~~
src\vamos\experiment\cli\main.py:31: error: Function is missing a return type
annotation  [no-untyped-def]
    def main():
    ^~~~~~~~~~~
src\vamos\experiment\cli\main.py:31: note: Use "-> None" if function does not return a value
src\vamos\experiment\cli\main.py:52: error: Call to untyped function "main" in
typed context  [no-untyped-call]
        main()
        ^~~~~~
src\vamos\engine\tuning\cli.py:53: error: Function is missing a return type
annotation  [no-untyped-def]
    def parse_args():
    ^~~~~~~~~~~~~~~~~
src\vamos\engine\tuning\cli.py:68: error: Function is missing a return type
annotation  [no-untyped-def]
    def make_evaluator(problem_key: str, n_var: int, n_obj: int, algorithm...
    ^~~~~~~~~~~~~~~~~~~~~~~~~~~~~~~~~~~~~~~~~~~~~~~~~~~~~~~~~~~~~~~~~~~~~~...
src\vamos\engine\tuning\cli.py:105: error: Unexpected keyword argument "engine"
for "run_single"  [call-arg]
                result = run_single(
                         ^~~~~~~~~~~
src\vamos\experiment\wiring.py:94: note: "run_single" defined here
src\vamos\engine\tuning\cli.py:105: error: Unexpected keyword argument
"algorithm" for "run_single"; did you mean "algorithm_name"?  [call-arg]
                result = run_single(
                         ^~~~~~~~~~~
src\vamos\engine\tuning\cli.py:105: error: Unexpected keyword argument
"problem_selection" for "run_single"  [call-arg]
                result = run_single(
                         ^~~~~~~~~~~
src\vamos\engine\tuning\cli.py:105: error: Unexpected keyword argument
"experiment_config" for "run_single"  [call-arg]
                result = run_single(
                         ^~~~~~~~~~~
src\vamos\engine\tuning\cli.py:105: error: Unexpected keyword argument
"algorithm_config" for "run_single"  [call-arg]
                result = run_single(
                         ^~~~~~~~~~~
src\vamos\engine\tuning\cli.py:105: error: Unexpected keyword argument
"verbose" for "run_single"  [call-arg]
                result = run_single(
                         ^~~~~~~~~~~
src\vamos\engine\tuning\cli.py:115: error: "dict[str, Any]" has no attribute
"F"  [attr-defined]
                if result.F is None or len(result.F) == 0:
                   ^~~~~~~~
src\vamos\engine\tuning\cli.py:118: error: "dict[str, Any]" has no attribute
"F"  [attr-defined]
                hv = compute_hypervolume(result.F, ref_point)
                                         ^~~~~~~~
src\vamos\engine\tuning\cli.py:118: error: Argument 2 to "compute_hypervolume"
has incompatible type "ndarray[tuple[Any, ...], dtype[Any]]"; expected
"Sequence[float]"  [arg-type]
                hv = compute_hypervolume(result.F, ref_point)
                                                   ^~~~~~~~~
src\vamos\engine\tuning\cli.py:130: error: Function is missing a return type
annotation  [no-untyped-def]
    def main():
    ^~~~~~~~~~~
src\vamos\engine\tuning\cli.py:132: error: Call to untyped function
"parse_args" in typed context  [no-untyped-call]
        args = parse_args()
               ^~~~~~~~~~~~
src\vamos\engine\tuning\cli.py:163: error: Argument "param_space" to
"TuningTask" has incompatible type "AlgorithmConfigSpace"; expected "ParamSpace"
 [arg-type]
            param_space=param_space,
                        ^~~~~~~~~~~
src\vamos\engine\tuning\cli.py:187: error: Call to untyped function "main" in
typed context  [no-untyped-call]
        main()
        ^~~~~~
src\vamos\experiment\benchmark\report.py:36: error: Function is missing a
return type annotation  [no-untyped-def]
        def aggregate_metrics(self):
        ^~~~~~~~~~~~~~~~~~~~~~~~~~~~
src\vamos\experiment\benchmark\report.py:39: error: Call to untyped function
"import_pandas" in typed context  [no-untyped-call]
            pd = import_pandas()
                 ^~~~~~~~~~~~~~~
src\vamos\experiment\benchmark\report.py:77: error: Call to untyped function
"import_pandas" in typed context  [no-untyped-call]
            import_pandas()  # Ensure pandas is available
            ^~~~~~~~~~~~~~~
src\vamos\experiment\benchmark\report.py:78: error: Call to untyped function
"aggregate_metrics" in typed context  [no-untyped-call]
            tidy = self.aggregate_metrics()
                   ^~~~~~~~~~~~~~~~~~~~~~~~
src\vamos\experiment\benchmark\report.py:104: error: Function is missing a type
annotation for one or more arguments  [no-untyped-def]
        def _best_algorithms(self, mean_table, metric: str) -> Dict[str, s...
        ^~~~~~~~~~~~~~~~~~~~~~~~~~~~~~~~~~~~~~~~~~~~~~~~~~~~~~~~~~~~~~~~~~...
src\vamos\experiment\benchmark\report.py:116: error: Function is missing a type
annotation for one or more arguments  [no-untyped-def]
        def _per_problem_markers(self, dfm, problem: str, best_alg: str, m...
        ^~~~~~~~~~~~~~~~~~~~~~~~~~~~~~~~~~~~~~~~~~~~~~~~~~~~~~~~~~~~~~~~~~...
src\vamos\experiment\benchmark\report.py:148: error: Call to untyped function
"import_pandas" in typed context  [no-untyped-call]
            pd = import_pandas()
                 ^~~~~~~~~~~~~~~
src\vamos\experiment\benchmark\report.py:149: error: Call to untyped function
"aggregate_metrics" in typed context  [no-untyped-call]
            tidy = self.aggregate_metrics()
                   ^~~~~~~~~~~~~~~~~~~~~~~~
src\vamos\experiment\benchmark\report.py:196: error: Call to untyped function
"aggregate_metrics" in typed context  [no-untyped-call]
            tidy = self.aggregate_metrics()
                   ^~~~~~~~~~~~~~~~~~~~~~~~
src\vamos\experiment\benchmark\cli.py:40: error: Returning Any from function
declared to return "dict[str, Any]"  [no-any-return]
            return json.load(fh)
            ^~~~~~~~~~~~~~~~~~~~
src\vamos\experiment\benchmark\cli.py:99: error: Call to untyped function
"aggregate_metrics" in typed context  [no-untyped-call]
        _ = report.aggregate_metrics()  # Writes tidy CSV
            ^~~~~~~~~~~~~~~~~~~~~~~~~~
Found 761 errors in 157 files (checked 271 source files)
